<?xml version="1.0" encoding="utf-8"?>
<testsuites>
<testsuite package="org.eslint" time="0" tests="32" errors="32" name="/home/azureuser/Documents/test-sailjs/test/bootstrap.test.js">
<testcase time="0" name="org.eslint.no-var"><failure message="Unexpected var, use let or const instead."><![CDATA[line 1, col 1, Error - Unexpected var, use let or const instead. (no-var)]]></failure></testcase>
<testcase time="0" name="org.eslint.quotes"><failure message="Strings must use doublequote."><![CDATA[line 1, col 21, Error - Strings must use doublequote. (quotes)]]></failure></testcase>
<testcase time="0" name="org.eslint.no-var"><failure message="Unexpected var, use let or const instead."><![CDATA[line 2, col 1, Error - Unexpected var, use let or const instead. (no-var)]]></failure></testcase>
<testcase time="0" name="org.eslint.quotes"><failure message="Strings must use doublequote."><![CDATA[line 2, col 23, Error - Strings must use doublequote. (quotes)]]></failure></testcase>
<testcase time="0" name="org.eslint.import/newline-after-import"><failure message="Expected 1 empty line after require statement not followed by another require."><![CDATA[line 3, col 1, Error - Expected 1 empty line after require statement not followed by another require. (import/newline-after-import)]]></failure></testcase>
<testcase time="0" name="org.eslint.quotes"><failure message="Strings must use doublequote."><![CDATA[line 3, col 23, Error - Strings must use doublequote. (quotes)]]></failure></testcase>
<testcase time="0" name="org.eslint.no-undef"><failure message="&apos;chai&apos; is not defined."><![CDATA[line 4, col 17, Error - &apos;chai&apos; is not defined. (no-undef)]]></failure></testcase>
<testcase time="0" name="org.eslint.quotes"><failure message="Strings must use doublequote."><![CDATA[line 6, col 9, Error - Strings must use doublequote. (quotes)]]></failure></testcase>
<testcase time="0" name="org.eslint.no-undef"><failure message="&apos;before&apos; is not defined."><![CDATA[line 8, col 1, Error - &apos;before&apos; is not defined. (no-undef)]]></failure></testcase>
<testcase time="0" name="org.eslint.prefer-arrow-callback"><failure message="Unexpected function expression."><![CDATA[line 8, col 8, Error - Unexpected function expression. (prefer-arrow-callback)]]></failure></testcase>
<testcase time="0" name="org.eslint.func-names"><failure message="Unexpected unnamed function."><![CDATA[line 8, col 8, Warning - Unexpected unnamed function. (func-names)]]></failure></testcase>
<testcase time="0" name="org.eslint.space-before-function-paren"><failure message="Missing space before function parentheses."><![CDATA[line 8, col 16, Error - Missing space before function parentheses. (space-before-function-paren)]]></failure></testcase>
<testcase time="0" name="org.eslint.padded-blocks"><failure message="Block must not be padded by blank lines."><![CDATA[line 8, col 23, Error - Block must not be padded by blank lines. (padded-blocks)]]></failure></testcase>
<testcase time="0" name="org.eslint.quotes"><failure message="Strings must use doublequote."><![CDATA[line 12, col 14, Error - Strings must use doublequote. (quotes)]]></failure></testcase>
<testcase time="0" name="org.eslint.comma-dangle"><failure message="Missing trailing comma."><![CDATA[line 12, col 21, Error - Missing trailing comma. (comma-dangle)]]></failure></testcase>
<testcase time="0" name="org.eslint.quotes"><failure message="Strings must use doublequote."><![CDATA[line 15, col 19, Error - Strings must use doublequote. (quotes)]]></failure></testcase>
<testcase time="0" name="org.eslint.quotes"><failure message="Strings must use doublequote."><![CDATA[line 16, col 16, Error - Strings must use doublequote. (quotes)]]></failure></testcase>
<testcase time="0" name="org.eslint.comma-dangle"><failure message="Missing trailing comma."><![CDATA[line 16, col 22, Error - Missing trailing comma. (comma-dangle)]]></failure></testcase>
<testcase time="0" name="org.eslint.comma-dangle"><failure message="Missing trailing comma."><![CDATA[line 17, col 6, Error - Missing trailing comma. (comma-dangle)]]></failure></testcase>
<testcase time="0" name="org.eslint.prefer-arrow-callback"><failure message="Unexpected function expression."><![CDATA[line 18, col 6, Error - Unexpected function expression. (prefer-arrow-callback)]]></failure></testcase>
<testcase time="0" name="org.eslint.func-names"><failure message="Unexpected unnamed function."><![CDATA[line 18, col 6, Warning - Unexpected unnamed function. (func-names)]]></failure></testcase>
<testcase time="0" name="org.eslint.space-before-function-paren"><failure message="Missing space before function parentheses."><![CDATA[line 18, col 14, Error - Missing space before function parentheses. (space-before-function-paren)]]></failure></testcase>
<testcase time="0" name="org.eslint.curly"><failure message="Expected { after &apos;if&apos; condition."><![CDATA[line 19, col 5, Error - Expected { after &apos;if&apos; condition. (curly)]]></failure></testcase>
<testcase time="0" name="org.eslint.no-else-return"><failure message="Unnecessary &apos;else&apos; after &apos;return&apos;."><![CDATA[line 21, col 10, Error - Unnecessary &apos;else&apos; after &apos;return&apos;. (no-else-return)]]></failure></testcase>
<testcase time="0" name="org.eslint.no-var"><failure message="Unexpected var, use let or const instead."><![CDATA[line 22, col 7, Error - Unexpected var, use let or const instead. (no-var)]]></failure></testcase>
<testcase time="0" name="org.eslint.vars-on-top"><failure message="All &apos;var&apos; declarations must be at the top of the function scope."><![CDATA[line 22, col 7, Error - All &apos;var&apos; declarations must be at the top of the function scope. (vars-on-top)]]></failure></testcase>
<testcase time="0" name="org.eslint.no-undef"><failure message="&apos;fixtures&apos; is not defined."><![CDATA[line 23, col 7, Error - &apos;fixtures&apos; is not defined. (no-undef)]]></failure></testcase>
<testcase time="0" name="org.eslint.no-undef"><failure message="&apos;after&apos; is not defined."><![CDATA[line 30, col 1, Error - &apos;after&apos; is not defined. (no-undef)]]></failure></testcase>
<testcase time="0" name="org.eslint.func-names"><failure message="Unexpected unnamed function."><![CDATA[line 30, col 7, Warning - Unexpected unnamed function. (func-names)]]></failure></testcase>
<testcase time="0" name="org.eslint.prefer-arrow-callback"><failure message="Unexpected function expression."><![CDATA[line 30, col 7, Error - Unexpected function expression. (prefer-arrow-callback)]]></failure></testcase>
<testcase time="0" name="org.eslint.space-before-function-paren"><failure message="Missing space before function parentheses."><![CDATA[line 30, col 15, Error - Missing space before function parentheses. (space-before-function-paren)]]></failure></testcase>
<testcase time="0" name="org.eslint.no-console"><failure message="Unexpected console statement."><![CDATA[line 31, col 3, Warning - Unexpected console statement. (no-console)]]></failure></testcase>
</testsuite>
<testsuite package="org.eslint" time="0" tests="207" errors="207" name="/home/azureuser/Documents/test-sailjs/test/controllers/AccessoriesController.test.js">
<testcase time="0" name="org.eslint.no-var"><failure message="Unexpected var, use let or const instead."><![CDATA[line 1, col 1, Error - Unexpected var, use let or const instead. (no-var)]]></failure></testcase>
<testcase time="0" name="org.eslint.quotes"><failure message="Strings must use doublequote."><![CDATA[line 1, col 25, Error - Strings must use doublequote. (quotes)]]></failure></testcase>
<testcase time="0" name="org.eslint.no-var"><failure message="Unexpected var, use let or const instead."><![CDATA[line 2, col 1, Error - Unexpected var, use let or const instead. (no-var)]]></failure></testcase>
<testcase time="0" name="org.eslint.no-unused-vars"><failure message="&apos;assert&apos; is assigned a value but never used."><![CDATA[line 2, col 5, Error - &apos;assert&apos; is assigned a value but never used. (no-unused-vars)]]></failure></testcase>
<testcase time="0" name="org.eslint.quotes"><failure message="Strings must use doublequote."><![CDATA[line 2, col 22, Error - Strings must use doublequote. (quotes)]]></failure></testcase>
<testcase time="0" name="org.eslint.no-var"><failure message="Unexpected var, use let or const instead."><![CDATA[line 3, col 1, Error - Unexpected var, use let or const instead. (no-var)]]></failure></testcase>
<testcase time="0" name="org.eslint.no-unused-vars"><failure message="&apos;sinon&apos; is assigned a value but never used."><![CDATA[line 3, col 5, Error - &apos;sinon&apos; is assigned a value but never used. (no-unused-vars)]]></failure></testcase>
<testcase time="0" name="org.eslint.quotes"><failure message="Strings must use doublequote."><![CDATA[line 3, col 21, Error - Strings must use doublequote. (quotes)]]></failure></testcase>
<testcase time="0" name="org.eslint.no-var"><failure message="Unexpected var, use let or const instead."><![CDATA[line 5, col 1, Error - Unexpected var, use let or const instead. (no-var)]]></failure></testcase>
<testcase time="0" name="org.eslint.no-unused-vars"><failure message="&apos;AccessoriesController&apos; is assigned a value but never used."><![CDATA[line 5, col 5, Error - &apos;AccessoriesController&apos; is assigned a value but never used. (no-unused-vars)]]></failure></testcase>
<testcase time="0" name="org.eslint.quotes"><failure message="Strings must use doublequote."><![CDATA[line 5, col 37, Error - Strings must use doublequote. (quotes)]]></failure></testcase>
<testcase time="0" name="org.eslint.quotes"><failure message="Strings must use doublequote."><![CDATA[line 6, col 9, Error - Strings must use doublequote. (quotes)]]></failure></testcase>
<testcase time="0" name="org.eslint.vars-on-top"><failure message="All &apos;var&apos; declarations must be at the top of the function scope."><![CDATA[line 8, col 1, Error - All &apos;var&apos; declarations must be at the top of the function scope. (vars-on-top)]]></failure></testcase>
<testcase time="0" name="org.eslint.no-var"><failure message="Unexpected var, use let or const instead."><![CDATA[line 8, col 1, Error - Unexpected var, use let or const instead. (no-var)]]></failure></testcase>
<testcase time="0" name="org.eslint.quotes"><failure message="Strings must use doublequote."><![CDATA[line 8, col 27, Error - Strings must use doublequote. (quotes)]]></failure></testcase>
<testcase time="0" name="org.eslint.no-unused-vars"><failure message="&apos;getFailHead&apos; is assigned a value but never used."><![CDATA[line 10, col 7, Error - &apos;getFailHead&apos; is assigned a value but never used. (no-unused-vars)]]></failure></testcase>
<testcase time="0" name="org.eslint.space-infix-ops"><failure message="Infix operators must be spaced."><![CDATA[line 10, col 18, Error - Infix operators must be spaced. (space-infix-ops)]]></failure></testcase>
<testcase time="0" name="org.eslint.quotes"><failure message="Strings must use doublequote."><![CDATA[line 13, col 5, Error - Strings must use doublequote. (quotes)]]></failure></testcase>
<testcase time="0" name="org.eslint.quotes"><failure message="Strings must use doublequote."><![CDATA[line 13, col 21, Error - Strings must use doublequote. (quotes)]]></failure></testcase>
<testcase time="0" name="org.eslint.comma-dangle"><failure message="Missing trailing comma."><![CDATA[line 13, col 39, Error - Missing trailing comma. (comma-dangle)]]></failure></testcase>
<testcase time="0" name="org.eslint.comma-dangle"><failure message="Missing trailing comma."><![CDATA[line 14, col 4, Error - Missing trailing comma. (comma-dangle)]]></failure></testcase>
<testcase time="0" name="org.eslint.no-unused-vars"><failure message="&apos;getFailBody&apos; is assigned a value but never used."><![CDATA[line 16, col 7, Error - &apos;getFailBody&apos; is assigned a value but never used. (no-unused-vars)]]></failure></testcase>
<testcase time="0" name="org.eslint.space-infix-ops"><failure message="Infix operators must be spaced."><![CDATA[line 16, col 19, Error - Infix operators must be spaced. (space-infix-ops)]]></failure></testcase>
<testcase time="0" name="org.eslint.no-undef"><failure message="&apos;describe&apos; is not defined."><![CDATA[line 18, col 1, Error - &apos;describe&apos; is not defined. (no-undef)]]></failure></testcase>
<testcase time="0" name="org.eslint.quotes"><failure message="Strings must use doublequote."><![CDATA[line 18, col 10, Error - Strings must use doublequote. (quotes)]]></failure></testcase>
<testcase time="0" name="org.eslint.func-names"><failure message="Unexpected unnamed function."><![CDATA[line 18, col 36, Warning - Unexpected unnamed function. (func-names)]]></failure></testcase>
<testcase time="0" name="org.eslint.prefer-arrow-callback"><failure message="Unexpected function expression."><![CDATA[line 18, col 36, Error - Unexpected function expression. (prefer-arrow-callback)]]></failure></testcase>
<testcase time="0" name="org.eslint.space-before-function-paren"><failure message="Missing space before function parentheses."><![CDATA[line 18, col 44, Error - Missing space before function parentheses. (space-before-function-paren)]]></failure></testcase>
<testcase time="0" name="org.eslint.padded-blocks"><failure message="Block must not be padded by blank lines."><![CDATA[line 18, col 47, Error - Block must not be padded by blank lines. (padded-blocks)]]></failure></testcase>
<testcase time="0" name="org.eslint.no-trailing-spaces"><failure message="Trailing spaces not allowed."><![CDATA[line 20, col 1, Error - Trailing spaces not allowed. (no-trailing-spaces)]]></failure></testcase>
<testcase time="0" name="org.eslint.no-undef"><failure message="&apos;before&apos; is not defined."><![CDATA[line 21, col 3, Error - &apos;before&apos; is not defined. (no-undef)]]></failure></testcase>
<testcase time="0" name="org.eslint.arrow-spacing"><failure message="Missing space before =&gt;."><![CDATA[line 21, col 17, Error - Missing space before =&gt;. (arrow-spacing)]]></failure></testcase>
<testcase time="0" name="org.eslint.no-trailing-spaces"><failure message="Trailing spaces not allowed."><![CDATA[line 21, col 22, Error - Trailing spaces not allowed. (no-trailing-spaces)]]></failure></testcase>
<testcase time="0" name="org.eslint.no-trailing-spaces"><failure message="Trailing spaces not allowed."><![CDATA[line 24, col 1, Error - Trailing spaces not allowed. (no-trailing-spaces)]]></failure></testcase>
<testcase time="0" name="org.eslint.no-undef"><failure message="&apos;it&apos; is not defined."><![CDATA[line 25, col 3, Error - &apos;it&apos; is not defined. (no-undef)]]></failure></testcase>
<testcase time="0" name="org.eslint.quotes"><failure message="Strings must use doublequote."><![CDATA[line 25, col 6, Error - Strings must use doublequote. (quotes)]]></failure></testcase>
<testcase time="0" name="org.eslint.func-names"><failure message="Unexpected unnamed function."><![CDATA[line 25, col 26, Warning - Unexpected unnamed function. (func-names)]]></failure></testcase>
<testcase time="0" name="org.eslint.prefer-arrow-callback"><failure message="Unexpected function expression."><![CDATA[line 25, col 26, Error - Unexpected function expression. (prefer-arrow-callback)]]></failure></testcase>
<testcase time="0" name="org.eslint.space-before-function-paren"><failure message="Missing space before function parentheses."><![CDATA[line 25, col 34, Error - Missing space before function parentheses. (space-before-function-paren)]]></failure></testcase>
<testcase time="0" name="org.eslint.no-var"><failure message="Unexpected var, use let or const instead."><![CDATA[line 26, col 5, Error - Unexpected var, use let or const instead. (no-var)]]></failure></testcase>
<testcase time="0" name="org.eslint.no-undef"><failure message="&apos;sails&apos; is not defined."><![CDATA[line 26, col 33, Error - &apos;sails&apos; is not defined. (no-undef)]]></failure></testcase>
<testcase time="0" name="org.eslint.quotes"><failure message="Strings must use doublequote."><![CDATA[line 28, col 12, Error - Strings must use doublequote. (quotes)]]></failure></testcase>
<testcase time="0" name="org.eslint.prefer-arrow-callback"><failure message="Unexpected function expression."><![CDATA[line 31, col 12, Error - Unexpected function expression. (prefer-arrow-callback)]]></failure></testcase>
<testcase time="0" name="org.eslint.func-names"><failure message="Unexpected unnamed function."><![CDATA[line 31, col 12, Warning - Unexpected unnamed function. (func-names)]]></failure></testcase>
<testcase time="0" name="org.eslint.space-before-function-paren"><failure message="Missing space before function parentheses."><![CDATA[line 31, col 20, Error - Missing space before function parentheses. (space-before-function-paren)]]></failure></testcase>
<testcase time="0" name="org.eslint.no-undef"><failure message="&apos;it&apos; is not defined."><![CDATA[line 41, col 3, Error - &apos;it&apos; is not defined. (no-undef)]]></failure></testcase>
<testcase time="0" name="org.eslint.quotes"><failure message="Strings must use doublequote."><![CDATA[line 41, col 6, Error - Strings must use doublequote. (quotes)]]></failure></testcase>
<testcase time="0" name="org.eslint.prefer-arrow-callback"><failure message="Unexpected function expression."><![CDATA[line 41, col 32, Error - Unexpected function expression. (prefer-arrow-callback)]]></failure></testcase>
<testcase time="0" name="org.eslint.func-names"><failure message="Unexpected unnamed function."><![CDATA[line 41, col 32, Warning - Unexpected unnamed function. (func-names)]]></failure></testcase>
<testcase time="0" name="org.eslint.space-before-function-paren"><failure message="Missing space before function parentheses."><![CDATA[line 41, col 40, Error - Missing space before function parentheses. (space-before-function-paren)]]></failure></testcase>
<testcase time="0" name="org.eslint.padded-blocks"><failure message="Block must not be padded by blank lines."><![CDATA[line 41, col 47, Error - Block must not be padded by blank lines. (padded-blocks)]]></failure></testcase>
<testcase time="0" name="org.eslint.no-trailing-spaces"><failure message="Trailing spaces not allowed."><![CDATA[line 42, col 1, Error - Trailing spaces not allowed. (no-trailing-spaces)]]></failure></testcase>
<testcase time="0" name="org.eslint.no-var"><failure message="Unexpected var, use let or const instead."><![CDATA[line 43, col 5, Error - Unexpected var, use let or const instead. (no-var)]]></failure></testcase>
<testcase time="0" name="org.eslint.no-undef"><failure message="&apos;sails&apos; is not defined."><![CDATA[line 43, col 33, Error - &apos;sails&apos; is not defined. (no-undef)]]></failure></testcase>
<testcase time="0" name="org.eslint.quotes"><failure message="Strings must use doublequote."><![CDATA[line 45, col 12, Error - Strings must use doublequote. (quotes)]]></failure></testcase>
<testcase time="0" name="org.eslint.prefer-arrow-callback"><failure message="Unexpected function expression."><![CDATA[line 48, col 12, Error - Unexpected function expression. (prefer-arrow-callback)]]></failure></testcase>
<testcase time="0" name="org.eslint.func-names"><failure message="Unexpected unnamed function."><![CDATA[line 48, col 12, Warning - Unexpected unnamed function. (func-names)]]></failure></testcase>
<testcase time="0" name="org.eslint.space-before-function-paren"><failure message="Missing space before function parentheses."><![CDATA[line 48, col 20, Error - Missing space before function parentheses. (space-before-function-paren)]]></failure></testcase>
<testcase time="0" name="org.eslint.no-undef"><failure message="&apos;it&apos; is not defined."><![CDATA[line 58, col 3, Error - &apos;it&apos; is not defined. (no-undef)]]></failure></testcase>
<testcase time="0" name="org.eslint.quotes"><failure message="Strings must use doublequote."><![CDATA[line 58, col 6, Error - Strings must use doublequote. (quotes)]]></failure></testcase>
<testcase time="0" name="org.eslint.prefer-arrow-callback"><failure message="Unexpected function expression."><![CDATA[line 58, col 27, Error - Unexpected function expression. (prefer-arrow-callback)]]></failure></testcase>
<testcase time="0" name="org.eslint.func-names"><failure message="Unexpected unnamed function."><![CDATA[line 58, col 27, Warning - Unexpected unnamed function. (func-names)]]></failure></testcase>
<testcase time="0" name="org.eslint.space-before-function-paren"><failure message="Missing space before function parentheses."><![CDATA[line 58, col 35, Error - Missing space before function parentheses. (space-before-function-paren)]]></failure></testcase>
<testcase time="0" name="org.eslint.no-var"><failure message="Unexpected var, use let or const instead."><![CDATA[line 59, col 5, Error - Unexpected var, use let or const instead. (no-var)]]></failure></testcase>
<testcase time="0" name="org.eslint.no-undef"><failure message="&apos;sails&apos; is not defined."><![CDATA[line 59, col 33, Error - &apos;sails&apos; is not defined. (no-undef)]]></failure></testcase>
<testcase time="0" name="org.eslint.quotes"><failure message="Strings must use doublequote."><![CDATA[line 61, col 13, Error - Strings must use doublequote. (quotes)]]></failure></testcase>
<testcase time="0" name="org.eslint.prefer-arrow-callback"><failure message="Unexpected function expression."><![CDATA[line 64, col 12, Error - Unexpected function expression. (prefer-arrow-callback)]]></failure></testcase>
<testcase time="0" name="org.eslint.func-names"><failure message="Unexpected unnamed function."><![CDATA[line 64, col 12, Warning - Unexpected unnamed function. (func-names)]]></failure></testcase>
<testcase time="0" name="org.eslint.space-before-function-paren"><failure message="Missing space before function parentheses."><![CDATA[line 64, col 20, Error - Missing space before function parentheses. (space-before-function-paren)]]></failure></testcase>
<testcase time="0" name="org.eslint.no-undef"><failure message="&apos;it&apos; is not defined."><![CDATA[line 74, col 3, Error - &apos;it&apos; is not defined. (no-undef)]]></failure></testcase>
<testcase time="0" name="org.eslint.quotes"><failure message="Strings must use doublequote."><![CDATA[line 74, col 6, Error - Strings must use doublequote. (quotes)]]></failure></testcase>
<testcase time="0" name="org.eslint.prefer-arrow-callback"><failure message="Unexpected function expression."><![CDATA[line 74, col 27, Error - Unexpected function expression. (prefer-arrow-callback)]]></failure></testcase>
<testcase time="0" name="org.eslint.func-names"><failure message="Unexpected unnamed function."><![CDATA[line 74, col 27, Warning - Unexpected unnamed function. (func-names)]]></failure></testcase>
<testcase time="0" name="org.eslint.space-before-function-paren"><failure message="Missing space before function parentheses."><![CDATA[line 74, col 35, Error - Missing space before function parentheses. (space-before-function-paren)]]></failure></testcase>
<testcase time="0" name="org.eslint.no-var"><failure message="Unexpected var, use let or const instead."><![CDATA[line 75, col 5, Error - Unexpected var, use let or const instead. (no-var)]]></failure></testcase>
<testcase time="0" name="org.eslint.no-undef"><failure message="&apos;sails&apos; is not defined."><![CDATA[line 75, col 33, Error - &apos;sails&apos; is not defined. (no-undef)]]></failure></testcase>
<testcase time="0" name="org.eslint.quotes"><failure message="Strings must use doublequote."><![CDATA[line 77, col 13, Error - Strings must use doublequote. (quotes)]]></failure></testcase>
<testcase time="0" name="org.eslint.prefer-arrow-callback"><failure message="Unexpected function expression."><![CDATA[line 80, col 12, Error - Unexpected function expression. (prefer-arrow-callback)]]></failure></testcase>
<testcase time="0" name="org.eslint.func-names"><failure message="Unexpected unnamed function."><![CDATA[line 80, col 12, Warning - Unexpected unnamed function. (func-names)]]></failure></testcase>
<testcase time="0" name="org.eslint.space-before-function-paren"><failure message="Missing space before function parentheses."><![CDATA[line 80, col 20, Error - Missing space before function parentheses. (space-before-function-paren)]]></failure></testcase>
<testcase time="0" name="org.eslint.no-unused-vars"><failure message="&apos;result&apos; is defined but never used."><![CDATA[line 80, col 26, Error - &apos;result&apos; is defined but never used. (no-unused-vars)]]></failure></testcase>
<testcase time="0" name="org.eslint.no-undef"><failure message="&apos;it&apos; is not defined."><![CDATA[line 90, col 3, Error - &apos;it&apos; is not defined. (no-undef)]]></failure></testcase>
<testcase time="0" name="org.eslint.quotes"><failure message="Strings must use doublequote."><![CDATA[line 90, col 6, Error - Strings must use doublequote. (quotes)]]></failure></testcase>
<testcase time="0" name="org.eslint.prefer-arrow-callback"><failure message="Unexpected function expression."><![CDATA[line 90, col 26, Error - Unexpected function expression. (prefer-arrow-callback)]]></failure></testcase>
<testcase time="0" name="org.eslint.func-names"><failure message="Unexpected unnamed function."><![CDATA[line 90, col 26, Warning - Unexpected unnamed function. (func-names)]]></failure></testcase>
<testcase time="0" name="org.eslint.space-before-function-paren"><failure message="Missing space before function parentheses."><![CDATA[line 90, col 34, Error - Missing space before function parentheses. (space-before-function-paren)]]></failure></testcase>
<testcase time="0" name="org.eslint.no-var"><failure message="Unexpected var, use let or const instead."><![CDATA[line 91, col 5, Error - Unexpected var, use let or const instead. (no-var)]]></failure></testcase>
<testcase time="0" name="org.eslint.no-undef"><failure message="&apos;sails&apos; is not defined."><![CDATA[line 91, col 33, Error - &apos;sails&apos; is not defined. (no-undef)]]></failure></testcase>
<testcase time="0" name="org.eslint.quotes"><failure message="Strings must use doublequote."><![CDATA[line 93, col 12, Error - Strings must use doublequote. (quotes)]]></failure></testcase>
<testcase time="0" name="org.eslint.func-names"><failure message="Unexpected unnamed function."><![CDATA[line 96, col 12, Warning - Unexpected unnamed function. (func-names)]]></failure></testcase>
<testcase time="0" name="org.eslint.prefer-arrow-callback"><failure message="Unexpected function expression."><![CDATA[line 96, col 12, Error - Unexpected function expression. (prefer-arrow-callback)]]></failure></testcase>
<testcase time="0" name="org.eslint.space-before-function-paren"><failure message="Missing space before function parentheses."><![CDATA[line 96, col 20, Error - Missing space before function parentheses. (space-before-function-paren)]]></failure></testcase>
<testcase time="0" name="org.eslint.no-undef"><failure message="&apos;it&apos; is not defined."><![CDATA[line 106, col 3, Error - &apos;it&apos; is not defined. (no-undef)]]></failure></testcase>
<testcase time="0" name="org.eslint.quotes"><failure message="Strings must use doublequote."><![CDATA[line 106, col 6, Error - Strings must use doublequote. (quotes)]]></failure></testcase>
<testcase time="0" name="org.eslint.func-names"><failure message="Unexpected unnamed function."><![CDATA[line 106, col 30, Warning - Unexpected unnamed function. (func-names)]]></failure></testcase>
<testcase time="0" name="org.eslint.prefer-arrow-callback"><failure message="Unexpected function expression."><![CDATA[line 106, col 30, Error - Unexpected function expression. (prefer-arrow-callback)]]></failure></testcase>
<testcase time="0" name="org.eslint.space-before-function-paren"><failure message="Missing space before function parentheses."><![CDATA[line 106, col 38, Error - Missing space before function parentheses. (space-before-function-paren)]]></failure></testcase>
<testcase time="0" name="org.eslint.no-var"><failure message="Unexpected var, use let or const instead."><![CDATA[line 107, col 5, Error - Unexpected var, use let or const instead. (no-var)]]></failure></testcase>
<testcase time="0" name="org.eslint.no-undef"><failure message="&apos;sails&apos; is not defined."><![CDATA[line 107, col 33, Error - &apos;sails&apos; is not defined. (no-undef)]]></failure></testcase>
<testcase time="0" name="org.eslint.quotes"><failure message="Strings must use doublequote."><![CDATA[line 109, col 12, Error - Strings must use doublequote. (quotes)]]></failure></testcase>
<testcase time="0" name="org.eslint.func-names"><failure message="Unexpected unnamed function."><![CDATA[line 112, col 12, Warning - Unexpected unnamed function. (func-names)]]></failure></testcase>
<testcase time="0" name="org.eslint.prefer-arrow-callback"><failure message="Unexpected function expression."><![CDATA[line 112, col 12, Error - Unexpected function expression. (prefer-arrow-callback)]]></failure></testcase>
<testcase time="0" name="org.eslint.space-before-function-paren"><failure message="Missing space before function parentheses."><![CDATA[line 112, col 20, Error - Missing space before function parentheses. (space-before-function-paren)]]></failure></testcase>
<testcase time="0" name="org.eslint.no-unused-vars"><failure message="&apos;result&apos; is defined but never used."><![CDATA[line 112, col 26, Error - &apos;result&apos; is defined but never used. (no-unused-vars)]]></failure></testcase>
<testcase time="0" name="org.eslint.padded-blocks"><failure message="Block must not be padded by blank lines."><![CDATA[line 115, col 16, Error - Block must not be padded by blank lines. (padded-blocks)]]></failure></testcase>
<testcase time="0" name="org.eslint.no-undef"><failure message="&apos;it&apos; is not defined."><![CDATA[line 122, col 3, Error - &apos;it&apos; is not defined. (no-undef)]]></failure></testcase>
<testcase time="0" name="org.eslint.quotes"><failure message="Strings must use doublequote."><![CDATA[line 122, col 6, Error - Strings must use doublequote. (quotes)]]></failure></testcase>
<testcase time="0" name="org.eslint.prefer-arrow-callback"><failure message="Unexpected function expression."><![CDATA[line 122, col 29, Error - Unexpected function expression. (prefer-arrow-callback)]]></failure></testcase>
<testcase time="0" name="org.eslint.func-names"><failure message="Unexpected unnamed function."><![CDATA[line 122, col 29, Warning - Unexpected unnamed function. (func-names)]]></failure></testcase>
<testcase time="0" name="org.eslint.space-before-function-paren"><failure message="Missing space before function parentheses."><![CDATA[line 122, col 37, Error - Missing space before function parentheses. (space-before-function-paren)]]></failure></testcase>
<testcase time="0" name="org.eslint.no-var"><failure message="Unexpected var, use let or const instead."><![CDATA[line 123, col 5, Error - Unexpected var, use let or const instead. (no-var)]]></failure></testcase>
<testcase time="0" name="org.eslint.no-undef"><failure message="&apos;sails&apos; is not defined."><![CDATA[line 123, col 33, Error - &apos;sails&apos; is not defined. (no-undef)]]></failure></testcase>
<testcase time="0" name="org.eslint.quotes"><failure message="Strings must use doublequote."><![CDATA[line 125, col 15, Error - Strings must use doublequote. (quotes)]]></failure></testcase>
<testcase time="0" name="org.eslint.func-names"><failure message="Unexpected unnamed function."><![CDATA[line 128, col 12, Warning - Unexpected unnamed function. (func-names)]]></failure></testcase>
<testcase time="0" name="org.eslint.prefer-arrow-callback"><failure message="Unexpected function expression."><![CDATA[line 128, col 12, Error - Unexpected function expression. (prefer-arrow-callback)]]></failure></testcase>
<testcase time="0" name="org.eslint.space-before-function-paren"><failure message="Missing space before function parentheses."><![CDATA[line 128, col 20, Error - Missing space before function parentheses. (space-before-function-paren)]]></failure></testcase>
<testcase time="0" name="org.eslint.no-unused-vars"><failure message="&apos;result&apos; is defined but never used."><![CDATA[line 128, col 26, Error - &apos;result&apos; is defined but never used. (no-unused-vars)]]></failure></testcase>
<testcase time="0" name="org.eslint.no-undef"><failure message="&apos;it&apos; is not defined."><![CDATA[line 138, col 3, Error - &apos;it&apos; is not defined. (no-undef)]]></failure></testcase>
<testcase time="0" name="org.eslint.quotes"><failure message="Strings must use doublequote."><![CDATA[line 138, col 6, Error - Strings must use doublequote. (quotes)]]></failure></testcase>
<testcase time="0" name="org.eslint.prefer-arrow-callback"><failure message="Unexpected function expression."><![CDATA[line 138, col 33, Error - Unexpected function expression. (prefer-arrow-callback)]]></failure></testcase>
<testcase time="0" name="org.eslint.func-names"><failure message="Unexpected unnamed function."><![CDATA[line 138, col 33, Warning - Unexpected unnamed function. (func-names)]]></failure></testcase>
<testcase time="0" name="org.eslint.space-before-function-paren"><failure message="Missing space before function parentheses."><![CDATA[line 138, col 41, Error - Missing space before function parentheses. (space-before-function-paren)]]></failure></testcase>
<testcase time="0" name="org.eslint.no-var"><failure message="Unexpected var, use let or const instead."><![CDATA[line 139, col 5, Error - Unexpected var, use let or const instead. (no-var)]]></failure></testcase>
<testcase time="0" name="org.eslint.no-undef"><failure message="&apos;sails&apos; is not defined."><![CDATA[line 139, col 33, Error - &apos;sails&apos; is not defined. (no-undef)]]></failure></testcase>
<testcase time="0" name="org.eslint.quotes"><failure message="Strings must use doublequote."><![CDATA[line 141, col 15, Error - Strings must use doublequote. (quotes)]]></failure></testcase>
<testcase time="0" name="org.eslint.func-names"><failure message="Unexpected unnamed function."><![CDATA[line 144, col 12, Warning - Unexpected unnamed function. (func-names)]]></failure></testcase>
<testcase time="0" name="org.eslint.prefer-arrow-callback"><failure message="Unexpected function expression."><![CDATA[line 144, col 12, Error - Unexpected function expression. (prefer-arrow-callback)]]></failure></testcase>
<testcase time="0" name="org.eslint.space-before-function-paren"><failure message="Missing space before function parentheses."><![CDATA[line 144, col 20, Error - Missing space before function parentheses. (space-before-function-paren)]]></failure></testcase>
<testcase time="0" name="org.eslint.no-unused-vars"><failure message="&apos;result&apos; is defined but never used."><![CDATA[line 144, col 26, Error - &apos;result&apos; is defined but never used. (no-unused-vars)]]></failure></testcase>
<testcase time="0" name="org.eslint.no-undef"><failure message="&apos;it&apos; is not defined."><![CDATA[line 154, col 3, Error - &apos;it&apos; is not defined. (no-undef)]]></failure></testcase>
<testcase time="0" name="org.eslint.quotes"><failure message="Strings must use doublequote."><![CDATA[line 154, col 6, Error - Strings must use doublequote. (quotes)]]></failure></testcase>
<testcase time="0" name="org.eslint.func-names"><failure message="Unexpected unnamed function."><![CDATA[line 154, col 32, Warning - Unexpected unnamed function. (func-names)]]></failure></testcase>
<testcase time="0" name="org.eslint.prefer-arrow-callback"><failure message="Unexpected function expression."><![CDATA[line 154, col 32, Error - Unexpected function expression. (prefer-arrow-callback)]]></failure></testcase>
<testcase time="0" name="org.eslint.space-before-function-paren"><failure message="Missing space before function parentheses."><![CDATA[line 154, col 40, Error - Missing space before function parentheses. (space-before-function-paren)]]></failure></testcase>
<testcase time="0" name="org.eslint.no-var"><failure message="Unexpected var, use let or const instead."><![CDATA[line 155, col 5, Error - Unexpected var, use let or const instead. (no-var)]]></failure></testcase>
<testcase time="0" name="org.eslint.no-undef"><failure message="&apos;sails&apos; is not defined."><![CDATA[line 155, col 33, Error - &apos;sails&apos; is not defined. (no-undef)]]></failure></testcase>
<testcase time="0" name="org.eslint.quotes"><failure message="Strings must use doublequote."><![CDATA[line 157, col 15, Error - Strings must use doublequote. (quotes)]]></failure></testcase>
<testcase time="0" name="org.eslint.prefer-arrow-callback"><failure message="Unexpected function expression."><![CDATA[line 160, col 12, Error - Unexpected function expression. (prefer-arrow-callback)]]></failure></testcase>
<testcase time="0" name="org.eslint.func-names"><failure message="Unexpected unnamed function."><![CDATA[line 160, col 12, Warning - Unexpected unnamed function. (func-names)]]></failure></testcase>
<testcase time="0" name="org.eslint.space-before-function-paren"><failure message="Missing space before function parentheses."><![CDATA[line 160, col 20, Error - Missing space before function parentheses. (space-before-function-paren)]]></failure></testcase>
<testcase time="0" name="org.eslint.no-unused-vars"><failure message="&apos;result&apos; is defined but never used."><![CDATA[line 160, col 26, Error - &apos;result&apos; is defined but never used. (no-unused-vars)]]></failure></testcase>
<testcase time="0" name="org.eslint.no-undef"><failure message="&apos;it&apos; is not defined."><![CDATA[line 170, col 3, Error - &apos;it&apos; is not defined. (no-undef)]]></failure></testcase>
<testcase time="0" name="org.eslint.quotes"><failure message="Strings must use doublequote."><![CDATA[line 170, col 6, Error - Strings must use doublequote. (quotes)]]></failure></testcase>
<testcase time="0" name="org.eslint.prefer-arrow-callback"><failure message="Unexpected function expression."><![CDATA[line 170, col 29, Error - Unexpected function expression. (prefer-arrow-callback)]]></failure></testcase>
<testcase time="0" name="org.eslint.func-names"><failure message="Unexpected unnamed function."><![CDATA[line 170, col 29, Warning - Unexpected unnamed function. (func-names)]]></failure></testcase>
<testcase time="0" name="org.eslint.space-before-function-paren"><failure message="Missing space before function parentheses."><![CDATA[line 170, col 37, Error - Missing space before function parentheses. (space-before-function-paren)]]></failure></testcase>
<testcase time="0" name="org.eslint.no-var"><failure message="Unexpected var, use let or const instead."><![CDATA[line 171, col 5, Error - Unexpected var, use let or const instead. (no-var)]]></failure></testcase>
<testcase time="0" name="org.eslint.no-undef"><failure message="&apos;sails&apos; is not defined."><![CDATA[line 171, col 33, Error - &apos;sails&apos; is not defined. (no-undef)]]></failure></testcase>
<testcase time="0" name="org.eslint.prefer-const"><failure message="&apos;param&apos; is never reassigned. Use &apos;const&apos; instead."><![CDATA[line 172, col 9, Error - &apos;param&apos; is never reassigned. Use &apos;const&apos; instead. (prefer-const)]]></failure></testcase>
<testcase time="0" name="org.eslint.no-unused-vars"><failure message="&apos;param&apos; is assigned a value but never used."><![CDATA[line 172, col 9, Error - &apos;param&apos; is assigned a value but never used. (no-unused-vars)]]></failure></testcase>
<testcase time="0" name="org.eslint.no-multi-spaces"><failure message="Multiple spaces found before &apos;=&apos;."><![CDATA[line 172, col 16, Error - Multiple spaces found before &apos;=&apos;. (no-multi-spaces)]]></failure></testcase>
<testcase time="0" name="org.eslint.space-in-parens"><failure message="There should be no spaces inside this paren."><![CDATA[line 172, col 32, Error - There should be no spaces inside this paren. (space-in-parens)]]></failure></testcase>
<testcase time="0" name="org.eslint.no-multi-spaces"><failure message="Multiple spaces found before &apos;{&apos;."><![CDATA[line 172, col 35, Error - Multiple spaces found before &apos;{&apos;. (no-multi-spaces)]]></failure></testcase>
<testcase time="0" name="org.eslint.quote-props"><failure message="Unnecessarily quoted property &apos;name&apos; found."><![CDATA[line 173, col 19, Error - Unnecessarily quoted property &apos;name&apos; found. (quote-props)]]></failure></testcase>
<testcase time="0" name="org.eslint.comma-dangle"><failure message="Missing trailing comma."><![CDATA[line 173, col 52, Error - Missing trailing comma. (comma-dangle)]]></failure></testcase>
<testcase time="0" name="org.eslint.quotes"><failure message="Strings must use doublequote."><![CDATA[line 177, col 12, Error - Strings must use doublequote. (quotes)]]></failure></testcase>
<testcase time="0" name="org.eslint.func-names"><failure message="Unexpected unnamed function."><![CDATA[line 180, col 12, Warning - Unexpected unnamed function. (func-names)]]></failure></testcase>
<testcase time="0" name="org.eslint.prefer-arrow-callback"><failure message="Unexpected function expression."><![CDATA[line 180, col 12, Error - Unexpected function expression. (prefer-arrow-callback)]]></failure></testcase>
<testcase time="0" name="org.eslint.space-before-function-paren"><failure message="Missing space before function parentheses."><![CDATA[line 180, col 20, Error - Missing space before function parentheses. (space-before-function-paren)]]></failure></testcase>
<testcase time="0" name="org.eslint.no-undef"><failure message="&apos;it&apos; is not defined."><![CDATA[line 190, col 3, Error - &apos;it&apos; is not defined. (no-undef)]]></failure></testcase>
<testcase time="0" name="org.eslint.quotes"><failure message="Strings must use doublequote."><![CDATA[line 190, col 6, Error - Strings must use doublequote. (quotes)]]></failure></testcase>
<testcase time="0" name="org.eslint.func-names"><failure message="Unexpected unnamed function."><![CDATA[line 190, col 29, Warning - Unexpected unnamed function. (func-names)]]></failure></testcase>
<testcase time="0" name="org.eslint.prefer-arrow-callback"><failure message="Unexpected function expression."><![CDATA[line 190, col 29, Error - Unexpected function expression. (prefer-arrow-callback)]]></failure></testcase>
<testcase time="0" name="org.eslint.space-before-function-paren"><failure message="Missing space before function parentheses."><![CDATA[line 190, col 37, Error - Missing space before function parentheses. (space-before-function-paren)]]></failure></testcase>
<testcase time="0" name="org.eslint.no-var"><failure message="Unexpected var, use let or const instead."><![CDATA[line 191, col 5, Error - Unexpected var, use let or const instead. (no-var)]]></failure></testcase>
<testcase time="0" name="org.eslint.no-undef"><failure message="&apos;sails&apos; is not defined."><![CDATA[line 191, col 33, Error - &apos;sails&apos; is not defined. (no-undef)]]></failure></testcase>
<testcase time="0" name="org.eslint.prefer-const"><failure message="&apos;param&apos; is never reassigned. Use &apos;const&apos; instead."><![CDATA[line 192, col 9, Error - &apos;param&apos; is never reassigned. Use &apos;const&apos; instead. (prefer-const)]]></failure></testcase>
<testcase time="0" name="org.eslint.no-multi-spaces"><failure message="Multiple spaces found before &apos;=&apos;."><![CDATA[line 192, col 16, Error - Multiple spaces found before &apos;=&apos;. (no-multi-spaces)]]></failure></testcase>
<testcase time="0" name="org.eslint.space-in-parens"><failure message="There should be no spaces inside this paren."><![CDATA[line 192, col 32, Error - There should be no spaces inside this paren. (space-in-parens)]]></failure></testcase>
<testcase time="0" name="org.eslint.no-multi-spaces"><failure message="Multiple spaces found before &apos;{&apos;."><![CDATA[line 192, col 35, Error - Multiple spaces found before &apos;{&apos;. (no-multi-spaces)]]></failure></testcase>
<testcase time="0" name="org.eslint.quote-props"><failure message="Unnecessarily quoted property &apos;name&apos; found."><![CDATA[line 193, col 7, Error - Unnecessarily quoted property &apos;name&apos; found. (quote-props)]]></failure></testcase>
<testcase time="0" name="org.eslint.key-spacing"><failure message="Missing space before value for key &apos;name&apos;."><![CDATA[line 193, col 14, Error - Missing space before value for key &apos;name&apos;. (key-spacing)]]></failure></testcase>
<testcase time="0" name="org.eslint.quote-props"><failure message="Unnecessarily quoted property &apos;contains&apos; found."><![CDATA[line 194, col 9, Error - Unnecessarily quoted property &apos;contains&apos; found. (quote-props)]]></failure></testcase>
<testcase time="0" name="org.eslint.key-spacing"><failure message="Missing space before value for key &apos;contains&apos;."><![CDATA[line 194, col 20, Error - Missing space before value for key &apos;contains&apos;. (key-spacing)]]></failure></testcase>
<testcase time="0" name="org.eslint.comma-dangle"><failure message="Missing trailing comma."><![CDATA[line 194, col 28, Error - Missing trailing comma. (comma-dangle)]]></failure></testcase>
<testcase time="0" name="org.eslint.comma-dangle"><failure message="Missing trailing comma."><![CDATA[line 195, col 8, Error - Missing trailing comma. (comma-dangle)]]></failure></testcase>
<testcase time="0" name="org.eslint.quotes"><failure message="Strings must use doublequote."><![CDATA[line 199, col 12, Error - Strings must use doublequote. (quotes)]]></failure></testcase>
<testcase time="0" name="org.eslint.prefer-template"><failure message="Unexpected string concatenation."><![CDATA[line 199, col 12, Error - Unexpected string concatenation. (prefer-template)]]></failure></testcase>
<testcase time="0" name="org.eslint.space-infix-ops"><failure message="Infix operators must be spaced."><![CDATA[line 199, col 64, Error - Infix operators must be spaced. (space-infix-ops)]]></failure></testcase>
<testcase time="0" name="org.eslint.func-names"><failure message="Unexpected unnamed function."><![CDATA[line 202, col 12, Warning - Unexpected unnamed function. (func-names)]]></failure></testcase>
<testcase time="0" name="org.eslint.prefer-arrow-callback"><failure message="Unexpected function expression."><![CDATA[line 202, col 12, Error - Unexpected function expression. (prefer-arrow-callback)]]></failure></testcase>
<testcase time="0" name="org.eslint.space-before-function-paren"><failure message="Missing space before function parentheses."><![CDATA[line 202, col 20, Error - Missing space before function parentheses. (space-before-function-paren)]]></failure></testcase>
<testcase time="0" name="org.eslint.no-unused-vars"><failure message="&apos;result&apos; is defined but never used."><![CDATA[line 202, col 26, Error - &apos;result&apos; is defined but never used. (no-unused-vars)]]></failure></testcase>
<testcase time="0" name="org.eslint.no-undef"><failure message="&apos;it&apos; is not defined."><![CDATA[line 212, col 3, Error - &apos;it&apos; is not defined. (no-undef)]]></failure></testcase>
<testcase time="0" name="org.eslint.quotes"><failure message="Strings must use doublequote."><![CDATA[line 212, col 6, Error - Strings must use doublequote. (quotes)]]></failure></testcase>
<testcase time="0" name="org.eslint.func-names"><failure message="Unexpected unnamed function."><![CDATA[line 212, col 38, Warning - Unexpected unnamed function. (func-names)]]></failure></testcase>
<testcase time="0" name="org.eslint.prefer-arrow-callback"><failure message="Unexpected function expression."><![CDATA[line 212, col 38, Error - Unexpected function expression. (prefer-arrow-callback)]]></failure></testcase>
<testcase time="0" name="org.eslint.space-before-function-paren"><failure message="Missing space before function parentheses."><![CDATA[line 212, col 46, Error - Missing space before function parentheses. (space-before-function-paren)]]></failure></testcase>
<testcase time="0" name="org.eslint.no-var"><failure message="Unexpected var, use let or const instead."><![CDATA[line 213, col 5, Error - Unexpected var, use let or const instead. (no-var)]]></failure></testcase>
<testcase time="0" name="org.eslint.no-undef"><failure message="&apos;sails&apos; is not defined."><![CDATA[line 213, col 33, Error - &apos;sails&apos; is not defined. (no-undef)]]></failure></testcase>
<testcase time="0" name="org.eslint.prefer-const"><failure message="&apos;param&apos; is never reassigned. Use &apos;const&apos; instead."><![CDATA[line 214, col 9, Error - &apos;param&apos; is never reassigned. Use &apos;const&apos; instead. (prefer-const)]]></failure></testcase>
<testcase time="0" name="org.eslint.no-unused-vars"><failure message="&apos;param&apos; is assigned a value but never used."><![CDATA[line 214, col 9, Error - &apos;param&apos; is assigned a value but never used. (no-unused-vars)]]></failure></testcase>
<testcase time="0" name="org.eslint.no-multi-spaces"><failure message="Multiple spaces found before &apos;=&apos;."><![CDATA[line 214, col 16, Error - Multiple spaces found before &apos;=&apos;. (no-multi-spaces)]]></failure></testcase>
<testcase time="0" name="org.eslint.space-in-parens"><failure message="There should be no spaces inside this paren."><![CDATA[line 214, col 32, Error - There should be no spaces inside this paren. (space-in-parens)]]></failure></testcase>
<testcase time="0" name="org.eslint.no-multi-spaces"><failure message="Multiple spaces found before &apos;{&apos;."><![CDATA[line 214, col 35, Error - Multiple spaces found before &apos;{&apos;. (no-multi-spaces)]]></failure></testcase>
<testcase time="0" name="org.eslint.quote-props"><failure message="Unnecessarily quoted property &apos;name&apos; found."><![CDATA[line 215, col 7, Error - Unnecessarily quoted property &apos;name&apos; found. (quote-props)]]></failure></testcase>
<testcase time="0" name="org.eslint.key-spacing"><failure message="Missing space before value for key &apos;name&apos;."><![CDATA[line 215, col 14, Error - Missing space before value for key &apos;name&apos;. (key-spacing)]]></failure></testcase>
<testcase time="0" name="org.eslint.quote-props"><failure message="Unnecessarily quoted property &apos;contains&apos; found."><![CDATA[line 216, col 9, Error - Unnecessarily quoted property &apos;contains&apos; found. (quote-props)]]></failure></testcase>
<testcase time="0" name="org.eslint.key-spacing"><failure message="Missing space before value for key &apos;contains&apos;."><![CDATA[line 216, col 20, Error - Missing space before value for key &apos;contains&apos;. (key-spacing)]]></failure></testcase>
<testcase time="0" name="org.eslint.comma-dangle"><failure message="Missing trailing comma."><![CDATA[line 216, col 28, Error - Missing trailing comma. (comma-dangle)]]></failure></testcase>
<testcase time="0" name="org.eslint.comma-dangle"><failure message="Missing trailing comma."><![CDATA[line 217, col 8, Error - Missing trailing comma. (comma-dangle)]]></failure></testcase>
<testcase time="0" name="org.eslint.quotes"><failure message="Strings must use doublequote."><![CDATA[line 221, col 12, Error - Strings must use doublequote. (quotes)]]></failure></testcase>
<testcase time="0" name="org.eslint.prefer-arrow-callback"><failure message="Unexpected function expression."><![CDATA[line 224, col 12, Error - Unexpected function expression. (prefer-arrow-callback)]]></failure></testcase>
<testcase time="0" name="org.eslint.func-names"><failure message="Unexpected unnamed function."><![CDATA[line 224, col 12, Warning - Unexpected unnamed function. (func-names)]]></failure></testcase>
<testcase time="0" name="org.eslint.space-before-function-paren"><failure message="Missing space before function parentheses."><![CDATA[line 224, col 20, Error - Missing space before function parentheses. (space-before-function-paren)]]></failure></testcase>
<testcase time="0" name="org.eslint.no-unused-vars"><failure message="&apos;result&apos; is defined but never used."><![CDATA[line 224, col 26, Error - &apos;result&apos; is defined but never used. (no-unused-vars)]]></failure></testcase>
<testcase time="0" name="org.eslint.eol-last"><failure message="Newline required at end of file but not found."><![CDATA[line 233, col 4, Error - Newline required at end of file but not found. (eol-last)]]></failure></testcase>
</testsuite>
<testsuite package="org.eslint" time="0" tests="192" errors="192" name="/home/azureuser/Documents/test-sailjs/test/controllers/CarsController.test.js">
<testcase time="0" name="org.eslint.no-var"><failure message="Unexpected var, use let or const instead."><![CDATA[line 1, col 1, Error - Unexpected var, use let or const instead. (no-var)]]></failure></testcase>
<testcase time="0" name="org.eslint.quotes"><failure message="Strings must use doublequote."><![CDATA[line 1, col 25, Error - Strings must use doublequote. (quotes)]]></failure></testcase>
<testcase time="0" name="org.eslint.no-var"><failure message="Unexpected var, use let or const instead."><![CDATA[line 2, col 1, Error - Unexpected var, use let or const instead. (no-var)]]></failure></testcase>
<testcase time="0" name="org.eslint.no-unused-vars"><failure message="&apos;assert&apos; is assigned a value but never used."><![CDATA[line 2, col 5, Error - &apos;assert&apos; is assigned a value but never used. (no-unused-vars)]]></failure></testcase>
<testcase time="0" name="org.eslint.quotes"><failure message="Strings must use doublequote."><![CDATA[line 2, col 22, Error - Strings must use doublequote. (quotes)]]></failure></testcase>
<testcase time="0" name="org.eslint.quotes"><failure message="Strings must use doublequote."><![CDATA[line 4, col 9, Error - Strings must use doublequote. (quotes)]]></failure></testcase>
<testcase time="0" name="org.eslint.no-var"><failure message="Unexpected var, use let or const instead."><![CDATA[line 6, col 1, Error - Unexpected var, use let or const instead. (no-var)]]></failure></testcase>
<testcase time="0" name="org.eslint.vars-on-top"><failure message="All &apos;var&apos; declarations must be at the top of the function scope."><![CDATA[line 6, col 1, Error - All &apos;var&apos; declarations must be at the top of the function scope. (vars-on-top)]]></failure></testcase>
<testcase time="0" name="org.eslint.no-unused-vars"><failure message="&apos;accessories&apos; is assigned a value but never used."><![CDATA[line 6, col 5, Error - &apos;accessories&apos; is assigned a value but never used. (no-unused-vars)]]></failure></testcase>
<testcase time="0" name="org.eslint.quotes"><failure message="Strings must use doublequote."><![CDATA[line 6, col 27, Error - Strings must use doublequote. (quotes)]]></failure></testcase>
<testcase time="0" name="org.eslint.no-var"><failure message="Unexpected var, use let or const instead."><![CDATA[line 7, col 1, Error - Unexpected var, use let or const instead. (no-var)]]></failure></testcase>
<testcase time="0" name="org.eslint.vars-on-top"><failure message="All &apos;var&apos; declarations must be at the top of the function scope."><![CDATA[line 7, col 1, Error - All &apos;var&apos; declarations must be at the top of the function scope. (vars-on-top)]]></failure></testcase>
<testcase time="0" name="org.eslint.quotes"><failure message="Strings must use doublequote."><![CDATA[line 7, col 20, Error - Strings must use doublequote. (quotes)]]></failure></testcase>
<testcase time="0" name="org.eslint.no-var"><failure message="Unexpected var, use let or const instead."><![CDATA[line 8, col 1, Error - Unexpected var, use let or const instead. (no-var)]]></failure></testcase>
<testcase time="0" name="org.eslint.vars-on-top"><failure message="All &apos;var&apos; declarations must be at the top of the function scope."><![CDATA[line 8, col 1, Error - All &apos;var&apos; declarations must be at the top of the function scope. (vars-on-top)]]></failure></testcase>
<testcase time="0" name="org.eslint.no-unused-vars"><failure message="&apos;variant&apos; is assigned a value but never used."><![CDATA[line 8, col 5, Error - &apos;variant&apos; is assigned a value but never used. (no-unused-vars)]]></failure></testcase>
<testcase time="0" name="org.eslint.quotes"><failure message="Strings must use doublequote."><![CDATA[line 8, col 23, Error - Strings must use doublequote. (quotes)]]></failure></testcase>
<testcase time="0" name="org.eslint.no-var"><failure message="Unexpected var, use let or const instead."><![CDATA[line 9, col 1, Error - Unexpected var, use let or const instead. (no-var)]]></failure></testcase>
<testcase time="0" name="org.eslint.vars-on-top"><failure message="All &apos;var&apos; declarations must be at the top of the function scope."><![CDATA[line 9, col 1, Error - All &apos;var&apos; declarations must be at the top of the function scope. (vars-on-top)]]></failure></testcase>
<testcase time="0" name="org.eslint.no-unused-vars"><failure message="&apos;segments&apos; is assigned a value but never used."><![CDATA[line 9, col 5, Error - &apos;segments&apos; is assigned a value but never used. (no-unused-vars)]]></failure></testcase>
<testcase time="0" name="org.eslint.quotes"><failure message="Strings must use doublequote."><![CDATA[line 9, col 24, Error - Strings must use doublequote. (quotes)]]></failure></testcase>
<testcase time="0" name="org.eslint.vars-on-top"><failure message="All &apos;var&apos; declarations must be at the top of the function scope."><![CDATA[line 10, col 1, Error - All &apos;var&apos; declarations must be at the top of the function scope. (vars-on-top)]]></failure></testcase>
<testcase time="0" name="org.eslint.no-var"><failure message="Unexpected var, use let or const instead."><![CDATA[line 10, col 1, Error - Unexpected var, use let or const instead. (no-var)]]></failure></testcase>
<testcase time="0" name="org.eslint.no-unused-vars"><failure message="&apos;manufacturers&apos; is assigned a value but never used."><![CDATA[line 10, col 5, Error - &apos;manufacturers&apos; is assigned a value but never used. (no-unused-vars)]]></failure></testcase>
<testcase time="0" name="org.eslint.quotes"><failure message="Strings must use doublequote."><![CDATA[line 10, col 29, Error - Strings must use doublequote. (quotes)]]></failure></testcase>
<testcase time="0" name="org.eslint.no-undef"><failure message="&apos;describe&apos; is not defined."><![CDATA[line 12, col 1, Error - &apos;describe&apos; is not defined. (no-undef)]]></failure></testcase>
<testcase time="0" name="org.eslint.quotes"><failure message="Strings must use doublequote."><![CDATA[line 12, col 10, Error - Strings must use doublequote. (quotes)]]></failure></testcase>
<testcase time="0" name="org.eslint.prefer-arrow-callback"><failure message="Unexpected function expression."><![CDATA[line 12, col 28, Error - Unexpected function expression. (prefer-arrow-callback)]]></failure></testcase>
<testcase time="0" name="org.eslint.func-names"><failure message="Unexpected unnamed function."><![CDATA[line 12, col 28, Warning - Unexpected unnamed function. (func-names)]]></failure></testcase>
<testcase time="0" name="org.eslint.space-before-function-paren"><failure message="Missing space before function parentheses."><![CDATA[line 12, col 36, Error - Missing space before function parentheses. (space-before-function-paren)]]></failure></testcase>
<testcase time="0" name="org.eslint.no-undef"><failure message="&apos;before&apos; is not defined."><![CDATA[line 13, col 3, Error - &apos;before&apos; is not defined. (no-undef)]]></failure></testcase>
<testcase time="0" name="org.eslint.func-names"><failure message="Unexpected unnamed function."><![CDATA[line 13, col 10, Warning - Unexpected unnamed function. (func-names)]]></failure></testcase>
<testcase time="0" name="org.eslint.prefer-arrow-callback"><failure message="Unexpected function expression."><![CDATA[line 13, col 10, Error - Unexpected function expression. (prefer-arrow-callback)]]></failure></testcase>
<testcase time="0" name="org.eslint.space-before-function-paren"><failure message="Missing space before function parentheses."><![CDATA[line 13, col 18, Error - Missing space before function parentheses. (space-before-function-paren)]]></failure></testcase>
<testcase time="0" name="org.eslint.space-before-blocks"><failure message="Missing space before opening brace."><![CDATA[line 13, col 20, Error - Missing space before opening brace. (space-before-blocks)]]></failure></testcase>
<testcase time="0" name="org.eslint.no-var"><failure message="Unexpected var, use let or const instead."><![CDATA[line 14, col 5, Error - Unexpected var, use let or const instead. (no-var)]]></failure></testcase>
<testcase time="0" name="org.eslint.no-unused-vars"><failure message="&apos;agent&apos; is assigned a value but never used."><![CDATA[line 14, col 9, Error - &apos;agent&apos; is assigned a value but never used. (no-unused-vars)]]></failure></testcase>
<testcase time="0" name="org.eslint.no-undef"><failure message="&apos;sails&apos; is not defined."><![CDATA[line 14, col 33, Error - &apos;sails&apos; is not defined. (no-undef)]]></failure></testcase>
<testcase time="0" name="org.eslint.semi"><failure message="Missing semicolon."><![CDATA[line 21, col 5, Error - Missing semicolon. (semi)]]></failure></testcase>
<testcase time="0" name="org.eslint.no-trailing-spaces"><failure message="Trailing spaces not allowed."><![CDATA[line 22, col 1, Error - Trailing spaces not allowed. (no-trailing-spaces)]]></failure></testcase>
<testcase time="0" name="org.eslint.no-undef"><failure message="&apos;it&apos; is not defined."><![CDATA[line 23, col 3, Error - &apos;it&apos; is not defined. (no-undef)]]></failure></testcase>
<testcase time="0" name="org.eslint.quotes"><failure message="Strings must use doublequote."><![CDATA[line 23, col 6, Error - Strings must use doublequote. (quotes)]]></failure></testcase>
<testcase time="0" name="org.eslint.func-names"><failure message="Unexpected unnamed function."><![CDATA[line 23, col 26, Warning - Unexpected unnamed function. (func-names)]]></failure></testcase>
<testcase time="0" name="org.eslint.prefer-arrow-callback"><failure message="Unexpected function expression."><![CDATA[line 23, col 26, Error - Unexpected function expression. (prefer-arrow-callback)]]></failure></testcase>
<testcase time="0" name="org.eslint.space-before-function-paren"><failure message="Missing space before function parentheses."><![CDATA[line 23, col 34, Error - Missing space before function parentheses. (space-before-function-paren)]]></failure></testcase>
<testcase time="0" name="org.eslint.no-var"><failure message="Unexpected var, use let or const instead."><![CDATA[line 24, col 5, Error - Unexpected var, use let or const instead. (no-var)]]></failure></testcase>
<testcase time="0" name="org.eslint.no-undef"><failure message="&apos;sails&apos; is not defined."><![CDATA[line 24, col 33, Error - &apos;sails&apos; is not defined. (no-undef)]]></failure></testcase>
<testcase time="0" name="org.eslint.quotes"><failure message="Strings must use doublequote."><![CDATA[line 26, col 12, Error - Strings must use doublequote. (quotes)]]></failure></testcase>
<testcase time="0" name="org.eslint.prefer-arrow-callback"><failure message="Unexpected function expression."><![CDATA[line 29, col 12, Error - Unexpected function expression. (prefer-arrow-callback)]]></failure></testcase>
<testcase time="0" name="org.eslint.func-names"><failure message="Unexpected unnamed function."><![CDATA[line 29, col 12, Warning - Unexpected unnamed function. (func-names)]]></failure></testcase>
<testcase time="0" name="org.eslint.space-before-function-paren"><failure message="Missing space before function parentheses."><![CDATA[line 29, col 20, Error - Missing space before function parentheses. (space-before-function-paren)]]></failure></testcase>
<testcase time="0" name="org.eslint.no-undef"><failure message="&apos;it&apos; is not defined."><![CDATA[line 39, col 3, Error - &apos;it&apos; is not defined. (no-undef)]]></failure></testcase>
<testcase time="0" name="org.eslint.quotes"><failure message="Strings must use doublequote."><![CDATA[line 39, col 6, Error - Strings must use doublequote. (quotes)]]></failure></testcase>
<testcase time="0" name="org.eslint.prefer-arrow-callback"><failure message="Unexpected function expression."><![CDATA[line 39, col 24, Error - Unexpected function expression. (prefer-arrow-callback)]]></failure></testcase>
<testcase time="0" name="org.eslint.func-names"><failure message="Unexpected unnamed function."><![CDATA[line 39, col 24, Warning - Unexpected unnamed function. (func-names)]]></failure></testcase>
<testcase time="0" name="org.eslint.space-before-function-paren"><failure message="Missing space before function parentheses."><![CDATA[line 39, col 32, Error - Missing space before function parentheses. (space-before-function-paren)]]></failure></testcase>
<testcase time="0" name="org.eslint.no-var"><failure message="Unexpected var, use let or const instead."><![CDATA[line 40, col 5, Error - Unexpected var, use let or const instead. (no-var)]]></failure></testcase>
<testcase time="0" name="org.eslint.no-undef"><failure message="&apos;sails&apos; is not defined."><![CDATA[line 40, col 33, Error - &apos;sails&apos; is not defined. (no-undef)]]></failure></testcase>
<testcase time="0" name="org.eslint.quotes"><failure message="Strings must use doublequote."><![CDATA[line 42, col 17, Error - Strings must use doublequote. (quotes)]]></failure></testcase>
<testcase time="0" name="org.eslint.quotes"><failure message="Strings must use doublequote."><![CDATA[line 44, col 16, Error - Strings must use doublequote. (quotes)]]></failure></testcase>
<testcase time="0" name="org.eslint.comma-spacing"><failure message="A space is required after &apos;,&apos;."><![CDATA[line 44, col 30, Error - A space is required after &apos;,&apos;. (comma-spacing)]]></failure></testcase>
<testcase time="0" name="org.eslint.quotes"><failure message="Strings must use doublequote."><![CDATA[line 44, col 31, Error - Strings must use doublequote. (quotes)]]></failure></testcase>
<testcase time="0" name="org.eslint.func-names"><failure message="Unexpected unnamed function."><![CDATA[line 46, col 16, Warning - Unexpected unnamed function. (func-names)]]></failure></testcase>
<testcase time="0" name="org.eslint.prefer-arrow-callback"><failure message="Unexpected function expression."><![CDATA[line 46, col 16, Error - Unexpected function expression. (prefer-arrow-callback)]]></failure></testcase>
<testcase time="0" name="org.eslint.space-before-function-paren"><failure message="Missing space before function parentheses."><![CDATA[line 46, col 24, Error - Missing space before function parentheses. (space-before-function-paren)]]></failure></testcase>
<testcase time="0" name="org.eslint.no-unused-vars"><failure message="&apos;result&apos; is defined but never used."><![CDATA[line 46, col 30, Error - &apos;result&apos; is defined but never used. (no-unused-vars)]]></failure></testcase>
<testcase time="0" name="org.eslint.no-trailing-spaces"><failure message="Trailing spaces not allowed."><![CDATA[line 53, col 14, Error - Trailing spaces not allowed. (no-trailing-spaces)]]></failure></testcase>
<testcase time="0" name="org.eslint.padded-blocks"><failure message="Block must not be padded by blank lines."><![CDATA[line 55, col 3, Error - Block must not be padded by blank lines. (padded-blocks)]]></failure></testcase>
<testcase time="0" name="org.eslint.no-undef"><failure message="&apos;xit&apos; is not defined."><![CDATA[line 57, col 3, Error - &apos;xit&apos; is not defined. (no-undef)]]></failure></testcase>
<testcase time="0" name="org.eslint.quotes"><failure message="Strings must use doublequote."><![CDATA[line 57, col 7, Error - Strings must use doublequote. (quotes)]]></failure></testcase>
<testcase time="0" name="org.eslint.func-names"><failure message="Unexpected unnamed function."><![CDATA[line 57, col 28, Warning - Unexpected unnamed function. (func-names)]]></failure></testcase>
<testcase time="0" name="org.eslint.prefer-arrow-callback"><failure message="Unexpected function expression."><![CDATA[line 57, col 28, Error - Unexpected function expression. (prefer-arrow-callback)]]></failure></testcase>
<testcase time="0" name="org.eslint.space-before-function-paren"><failure message="Missing space before function parentheses."><![CDATA[line 57, col 36, Error - Missing space before function parentheses. (space-before-function-paren)]]></failure></testcase>
<testcase time="0" name="org.eslint.padded-blocks"><failure message="Block must not be padded by blank lines."><![CDATA[line 57, col 43, Error - Block must not be padded by blank lines. (padded-blocks)]]></failure></testcase>
<testcase time="0" name="org.eslint.no-var"><failure message="Unexpected var, use let or const instead."><![CDATA[line 59, col 5, Error - Unexpected var, use let or const instead. (no-var)]]></failure></testcase>
<testcase time="0" name="org.eslint.no-undef"><failure message="&apos;sails&apos; is not defined."><![CDATA[line 59, col 33, Error - &apos;sails&apos; is not defined. (no-undef)]]></failure></testcase>
<testcase time="0" name="org.eslint.quotes"><failure message="Strings must use doublequote."><![CDATA[line 68, col 21, Error - Strings must use doublequote. (quotes)]]></failure></testcase>
<testcase time="0" name="org.eslint.quote-props"><failure message="Unnecessarily quoted property &apos;name&apos; found."><![CDATA[line 70, col 17, Error - Unnecessarily quoted property &apos;name&apos; found. (quote-props)]]></failure></testcase>
<testcase time="0" name="org.eslint.quote-props"><failure message="Unnecessarily quoted property &apos;segment&apos; found."><![CDATA[line 71, col 17, Error - Unnecessarily quoted property &apos;segment&apos; found. (quote-props)]]></failure></testcase>
<testcase time="0" name="org.eslint.quote-props"><failure message="Unnecessarily quoted property &apos;description&apos; found."><![CDATA[line 72, col 17, Error - Unnecessarily quoted property &apos;description&apos; found. (quote-props)]]></failure></testcase>
<testcase time="0" name="org.eslint.quote-props"><failure message="Unnecessarily quoted property &apos;manufacturer&apos; found."><![CDATA[line 73, col 17, Error - Unnecessarily quoted property &apos;manufacturer&apos; found. (quote-props)]]></failure></testcase>
<testcase time="0" name="org.eslint.quote-props"><failure message="Unnecessarily quoted property &apos;variants&apos; found."><![CDATA[line 74, col 17, Error - Unnecessarily quoted property &apos;variants&apos; found. (quote-props)]]></failure></testcase>
<testcase time="0" name="org.eslint.quote-props"><failure message="Unnecessarily quoted property &apos;accessories&apos; found."><![CDATA[line 75, col 17, Error - Unnecessarily quoted property &apos;accessories&apos; found. (quote-props)]]></failure></testcase>
<testcase time="0" name="org.eslint.comma-dangle"><failure message="Missing trailing comma."><![CDATA[line 75, col 34, Error - Missing trailing comma. (comma-dangle)]]></failure></testcase>
<testcase time="0" name="org.eslint.prefer-arrow-callback"><failure message="Unexpected function expression."><![CDATA[line 78, col 20, Error - Unexpected function expression. (prefer-arrow-callback)]]></failure></testcase>
<testcase time="0" name="org.eslint.func-names"><failure message="Unexpected unnamed function."><![CDATA[line 78, col 20, Warning - Unexpected unnamed function. (func-names)]]></failure></testcase>
<testcase time="0" name="org.eslint.space-before-function-paren"><failure message="Missing space before function parentheses."><![CDATA[line 78, col 28, Error - Missing space before function parentheses. (space-before-function-paren)]]></failure></testcase>
<testcase time="0" name="org.eslint.no-unused-vars"><failure message="&apos;result&apos; is defined but never used."><![CDATA[line 78, col 34, Error - &apos;result&apos; is defined but never used. (no-unused-vars)]]></failure></testcase>
<testcase time="0" name="org.eslint.no-trailing-spaces"><failure message="Trailing spaces not allowed."><![CDATA[line 85, col 18, Error - Trailing spaces not allowed. (no-trailing-spaces)]]></failure></testcase>
<testcase time="0" name="org.eslint.no-trailing-spaces"><failure message="Trailing spaces not allowed."><![CDATA[line 89, col 1, Error - Trailing spaces not allowed. (no-trailing-spaces)]]></failure></testcase>
<testcase time="0" name="org.eslint.no-multiple-empty-lines"><failure message="More than 2 blank lines not allowed."><![CDATA[line 89, col 1, Error - More than 2 blank lines not allowed. (no-multiple-empty-lines)]]></failure></testcase>
<testcase time="0" name="org.eslint.no-trailing-spaces"><failure message="Trailing spaces not allowed."><![CDATA[line 91, col 1, Error - Trailing spaces not allowed. (no-trailing-spaces)]]></failure></testcase>
<testcase time="0" name="org.eslint.no-trailing-spaces"><failure message="Trailing spaces not allowed."><![CDATA[line 92, col 1, Error - Trailing spaces not allowed. (no-trailing-spaces)]]></failure></testcase>
<testcase time="0" name="org.eslint.padded-blocks"><failure message="Block must not be padded by blank lines."><![CDATA[line 93, col 3, Error - Block must not be padded by blank lines. (padded-blocks)]]></failure></testcase>
<testcase time="0" name="org.eslint.no-undef"><failure message="&apos;xit&apos; is not defined."><![CDATA[line 95, col 3, Error - &apos;xit&apos; is not defined. (no-undef)]]></failure></testcase>
<testcase time="0" name="org.eslint.quotes"><failure message="Strings must use doublequote."><![CDATA[line 95, col 7, Error - Strings must use doublequote. (quotes)]]></failure></testcase>
<testcase time="0" name="org.eslint.prefer-arrow-callback"><failure message="Unexpected function expression."><![CDATA[line 95, col 25, Error - Unexpected function expression. (prefer-arrow-callback)]]></failure></testcase>
<testcase time="0" name="org.eslint.func-names"><failure message="Unexpected unnamed function."><![CDATA[line 95, col 25, Warning - Unexpected unnamed function. (func-names)]]></failure></testcase>
<testcase time="0" name="org.eslint.space-before-function-paren"><failure message="Missing space before function parentheses."><![CDATA[line 95, col 33, Error - Missing space before function parentheses. (space-before-function-paren)]]></failure></testcase>
<testcase time="0" name="org.eslint.no-var"><failure message="Unexpected var, use let or const instead."><![CDATA[line 96, col 5, Error - Unexpected var, use let or const instead. (no-var)]]></failure></testcase>
<testcase time="0" name="org.eslint.no-undef"><failure message="&apos;sails&apos; is not defined."><![CDATA[line 96, col 33, Error - &apos;sails&apos; is not defined. (no-undef)]]></failure></testcase>
<testcase time="0" name="org.eslint.quotes"><failure message="Strings must use doublequote."><![CDATA[line 98, col 13, Error - Strings must use doublequote. (quotes)]]></failure></testcase>
<testcase time="0" name="org.eslint.func-names"><failure message="Unexpected unnamed function."><![CDATA[line 101, col 12, Warning - Unexpected unnamed function. (func-names)]]></failure></testcase>
<testcase time="0" name="org.eslint.prefer-arrow-callback"><failure message="Unexpected function expression."><![CDATA[line 101, col 12, Error - Unexpected function expression. (prefer-arrow-callback)]]></failure></testcase>
<testcase time="0" name="org.eslint.space-before-function-paren"><failure message="Missing space before function parentheses."><![CDATA[line 101, col 20, Error - Missing space before function parentheses. (space-before-function-paren)]]></failure></testcase>
<testcase time="0" name="org.eslint.no-undef"><failure message="&apos;it&apos; is not defined."><![CDATA[line 111, col 3, Error - &apos;it&apos; is not defined. (no-undef)]]></failure></testcase>
<testcase time="0" name="org.eslint.quotes"><failure message="Strings must use doublequote."><![CDATA[line 111, col 6, Error - Strings must use doublequote. (quotes)]]></failure></testcase>
<testcase time="0" name="org.eslint.prefer-arrow-callback"><failure message="Unexpected function expression."><![CDATA[line 111, col 22, Error - Unexpected function expression. (prefer-arrow-callback)]]></failure></testcase>
<testcase time="0" name="org.eslint.func-names"><failure message="Unexpected unnamed function."><![CDATA[line 111, col 22, Warning - Unexpected unnamed function. (func-names)]]></failure></testcase>
<testcase time="0" name="org.eslint.space-before-function-paren"><failure message="Missing space before function parentheses."><![CDATA[line 111, col 30, Error - Missing space before function parentheses. (space-before-function-paren)]]></failure></testcase>
<testcase time="0" name="org.eslint.no-var"><failure message="Unexpected var, use let or const instead."><![CDATA[line 112, col 5, Error - Unexpected var, use let or const instead. (no-var)]]></failure></testcase>
<testcase time="0" name="org.eslint.no-undef"><failure message="&apos;sails&apos; is not defined."><![CDATA[line 112, col 33, Error - &apos;sails&apos; is not defined. (no-undef)]]></failure></testcase>
<testcase time="0" name="org.eslint.quotes"><failure message="Strings must use doublequote."><![CDATA[line 114, col 12, Error - Strings must use doublequote. (quotes)]]></failure></testcase>
<testcase time="0" name="org.eslint.prefer-arrow-callback"><failure message="Unexpected function expression."><![CDATA[line 117, col 12, Error - Unexpected function expression. (prefer-arrow-callback)]]></failure></testcase>
<testcase time="0" name="org.eslint.func-names"><failure message="Unexpected unnamed function."><![CDATA[line 117, col 12, Warning - Unexpected unnamed function. (func-names)]]></failure></testcase>
<testcase time="0" name="org.eslint.space-before-function-paren"><failure message="Missing space before function parentheses."><![CDATA[line 117, col 20, Error - Missing space before function parentheses. (space-before-function-paren)]]></failure></testcase>
<testcase time="0" name="org.eslint.no-unused-vars"><failure message="&apos;result&apos; is defined but never used."><![CDATA[line 117, col 26, Error - &apos;result&apos; is defined but never used. (no-unused-vars)]]></failure></testcase>
<testcase time="0" name="org.eslint.no-undef"><failure message="&apos;it&apos; is not defined."><![CDATA[line 127, col 3, Error - &apos;it&apos; is not defined. (no-undef)]]></failure></testcase>
<testcase time="0" name="org.eslint.quotes"><failure message="Strings must use doublequote."><![CDATA[line 127, col 6, Error - Strings must use doublequote. (quotes)]]></failure></testcase>
<testcase time="0" name="org.eslint.prefer-arrow-callback"><failure message="Unexpected function expression."><![CDATA[line 127, col 22, Error - Unexpected function expression. (prefer-arrow-callback)]]></failure></testcase>
<testcase time="0" name="org.eslint.func-names"><failure message="Unexpected unnamed function."><![CDATA[line 127, col 22, Warning - Unexpected unnamed function. (func-names)]]></failure></testcase>
<testcase time="0" name="org.eslint.space-before-function-paren"><failure message="Missing space before function parentheses."><![CDATA[line 127, col 30, Error - Missing space before function parentheses. (space-before-function-paren)]]></failure></testcase>
<testcase time="0" name="org.eslint.no-var"><failure message="Unexpected var, use let or const instead."><![CDATA[line 128, col 5, Error - Unexpected var, use let or const instead. (no-var)]]></failure></testcase>
<testcase time="0" name="org.eslint.no-undef"><failure message="&apos;sails&apos; is not defined."><![CDATA[line 128, col 33, Error - &apos;sails&apos; is not defined. (no-undef)]]></failure></testcase>
<testcase time="0" name="org.eslint.quotes"><failure message="Strings must use doublequote."><![CDATA[line 130, col 12, Error - Strings must use doublequote. (quotes)]]></failure></testcase>
<testcase time="0" name="org.eslint.func-names"><failure message="Unexpected unnamed function."><![CDATA[line 133, col 12, Warning - Unexpected unnamed function. (func-names)]]></failure></testcase>
<testcase time="0" name="org.eslint.prefer-arrow-callback"><failure message="Unexpected function expression."><![CDATA[line 133, col 12, Error - Unexpected function expression. (prefer-arrow-callback)]]></failure></testcase>
<testcase time="0" name="org.eslint.space-before-function-paren"><failure message="Missing space before function parentheses."><![CDATA[line 133, col 20, Error - Missing space before function parentheses. (space-before-function-paren)]]></failure></testcase>
<testcase time="0" name="org.eslint.no-unused-vars"><failure message="&apos;result&apos; is defined but never used."><![CDATA[line 133, col 26, Error - &apos;result&apos; is defined but never used. (no-unused-vars)]]></failure></testcase>
<testcase time="0" name="org.eslint.no-undef"><failure message="&apos;it&apos; is not defined."><![CDATA[line 143, col 3, Error - &apos;it&apos; is not defined. (no-undef)]]></failure></testcase>
<testcase time="0" name="org.eslint.quotes"><failure message="Strings must use doublequote."><![CDATA[line 143, col 6, Error - Strings must use doublequote. (quotes)]]></failure></testcase>
<testcase time="0" name="org.eslint.prefer-arrow-callback"><failure message="Unexpected function expression."><![CDATA[line 143, col 25, Error - Unexpected function expression. (prefer-arrow-callback)]]></failure></testcase>
<testcase time="0" name="org.eslint.func-names"><failure message="Unexpected unnamed function."><![CDATA[line 143, col 25, Warning - Unexpected unnamed function. (func-names)]]></failure></testcase>
<testcase time="0" name="org.eslint.space-before-function-paren"><failure message="Missing space before function parentheses."><![CDATA[line 143, col 33, Error - Missing space before function parentheses. (space-before-function-paren)]]></failure></testcase>
<testcase time="0" name="org.eslint.no-var"><failure message="Unexpected var, use let or const instead."><![CDATA[line 144, col 5, Error - Unexpected var, use let or const instead. (no-var)]]></failure></testcase>
<testcase time="0" name="org.eslint.no-undef"><failure message="&apos;sails&apos; is not defined."><![CDATA[line 144, col 33, Error - &apos;sails&apos; is not defined. (no-undef)]]></failure></testcase>
<testcase time="0" name="org.eslint.quotes"><failure message="Strings must use doublequote."><![CDATA[line 146, col 15, Error - Strings must use doublequote. (quotes)]]></failure></testcase>
<testcase time="0" name="org.eslint.prefer-arrow-callback"><failure message="Unexpected function expression."><![CDATA[line 149, col 12, Error - Unexpected function expression. (prefer-arrow-callback)]]></failure></testcase>
<testcase time="0" name="org.eslint.func-names"><failure message="Unexpected unnamed function."><![CDATA[line 149, col 12, Warning - Unexpected unnamed function. (func-names)]]></failure></testcase>
<testcase time="0" name="org.eslint.space-before-function-paren"><failure message="Missing space before function parentheses."><![CDATA[line 149, col 20, Error - Missing space before function parentheses. (space-before-function-paren)]]></failure></testcase>
<testcase time="0" name="org.eslint.no-unused-vars"><failure message="&apos;result&apos; is defined but never used."><![CDATA[line 149, col 26, Error - &apos;result&apos; is defined but never used. (no-unused-vars)]]></failure></testcase>
<testcase time="0" name="org.eslint.no-undef"><failure message="&apos;it&apos; is not defined."><![CDATA[line 159, col 3, Error - &apos;it&apos; is not defined. (no-undef)]]></failure></testcase>
<testcase time="0" name="org.eslint.quotes"><failure message="Strings must use doublequote."><![CDATA[line 159, col 6, Error - Strings must use doublequote. (quotes)]]></failure></testcase>
<testcase time="0" name="org.eslint.prefer-arrow-callback"><failure message="Unexpected function expression."><![CDATA[line 159, col 26, Error - Unexpected function expression. (prefer-arrow-callback)]]></failure></testcase>
<testcase time="0" name="org.eslint.func-names"><failure message="Unexpected unnamed function."><![CDATA[line 159, col 26, Warning - Unexpected unnamed function. (func-names)]]></failure></testcase>
<testcase time="0" name="org.eslint.space-before-function-paren"><failure message="Missing space before function parentheses."><![CDATA[line 159, col 34, Error - Missing space before function parentheses. (space-before-function-paren)]]></failure></testcase>
<testcase time="0" name="org.eslint.no-var"><failure message="Unexpected var, use let or const instead."><![CDATA[line 160, col 5, Error - Unexpected var, use let or const instead. (no-var)]]></failure></testcase>
<testcase time="0" name="org.eslint.no-undef"><failure message="&apos;sails&apos; is not defined."><![CDATA[line 160, col 33, Error - &apos;sails&apos; is not defined. (no-undef)]]></failure></testcase>
<testcase time="0" name="org.eslint.quotes"><failure message="Strings must use doublequote."><![CDATA[line 162, col 15, Error - Strings must use doublequote. (quotes)]]></failure></testcase>
<testcase time="0" name="org.eslint.func-names"><failure message="Unexpected unnamed function."><![CDATA[line 165, col 12, Warning - Unexpected unnamed function. (func-names)]]></failure></testcase>
<testcase time="0" name="org.eslint.prefer-arrow-callback"><failure message="Unexpected function expression."><![CDATA[line 165, col 12, Error - Unexpected function expression. (prefer-arrow-callback)]]></failure></testcase>
<testcase time="0" name="org.eslint.space-before-function-paren"><failure message="Missing space before function parentheses."><![CDATA[line 165, col 20, Error - Missing space before function parentheses. (space-before-function-paren)]]></failure></testcase>
<testcase time="0" name="org.eslint.no-unused-vars"><failure message="&apos;result&apos; is defined but never used."><![CDATA[line 165, col 26, Error - &apos;result&apos; is defined but never used. (no-unused-vars)]]></failure></testcase>
<testcase time="0" name="org.eslint.no-trailing-spaces"><failure message="Trailing spaces not allowed."><![CDATA[line 173, col 6, Error - Trailing spaces not allowed. (no-trailing-spaces)]]></failure></testcase>
<testcase time="0" name="org.eslint.no-undef"><failure message="&apos;it&apos; is not defined."><![CDATA[line 175, col 3, Error - &apos;it&apos; is not defined. (no-undef)]]></failure></testcase>
<testcase time="0" name="org.eslint.quotes"><failure message="Strings must use doublequote."><![CDATA[line 175, col 6, Error - Strings must use doublequote. (quotes)]]></failure></testcase>
<testcase time="0" name="org.eslint.func-names"><failure message="Unexpected unnamed function."><![CDATA[line 175, col 32, Warning - Unexpected unnamed function. (func-names)]]></failure></testcase>
<testcase time="0" name="org.eslint.prefer-arrow-callback"><failure message="Unexpected function expression."><![CDATA[line 175, col 32, Error - Unexpected function expression. (prefer-arrow-callback)]]></failure></testcase>
<testcase time="0" name="org.eslint.space-before-function-paren"><failure message="Missing space before function parentheses."><![CDATA[line 175, col 40, Error - Missing space before function parentheses. (space-before-function-paren)]]></failure></testcase>
<testcase time="0" name="org.eslint.no-var"><failure message="Unexpected var, use let or const instead."><![CDATA[line 176, col 5, Error - Unexpected var, use let or const instead. (no-var)]]></failure></testcase>
<testcase time="0" name="org.eslint.no-undef"><failure message="&apos;sails&apos; is not defined."><![CDATA[line 176, col 33, Error - &apos;sails&apos; is not defined. (no-undef)]]></failure></testcase>
<testcase time="0" name="org.eslint.quotes"><failure message="Strings must use doublequote."><![CDATA[line 178, col 15, Error - Strings must use doublequote. (quotes)]]></failure></testcase>
<testcase time="0" name="org.eslint.prefer-arrow-callback"><failure message="Unexpected function expression."><![CDATA[line 181, col 12, Error - Unexpected function expression. (prefer-arrow-callback)]]></failure></testcase>
<testcase time="0" name="org.eslint.func-names"><failure message="Unexpected unnamed function."><![CDATA[line 181, col 12, Warning - Unexpected unnamed function. (func-names)]]></failure></testcase>
<testcase time="0" name="org.eslint.space-before-function-paren"><failure message="Missing space before function parentheses."><![CDATA[line 181, col 20, Error - Missing space before function parentheses. (space-before-function-paren)]]></failure></testcase>
<testcase time="0" name="org.eslint.no-unused-vars"><failure message="&apos;result&apos; is defined but never used."><![CDATA[line 181, col 26, Error - &apos;result&apos; is defined but never used. (no-unused-vars)]]></failure></testcase>
<testcase time="0" name="org.eslint.no-undef"><failure message="&apos;it&apos; is not defined."><![CDATA[line 191, col 3, Error - &apos;it&apos; is not defined. (no-undef)]]></failure></testcase>
<testcase time="0" name="org.eslint.quotes"><failure message="Strings must use doublequote."><![CDATA[line 191, col 6, Error - Strings must use doublequote. (quotes)]]></failure></testcase>
<testcase time="0" name="org.eslint.func-names"><failure message="Unexpected unnamed function."><![CDATA[line 191, col 25, Warning - Unexpected unnamed function. (func-names)]]></failure></testcase>
<testcase time="0" name="org.eslint.prefer-arrow-callback"><failure message="Unexpected function expression."><![CDATA[line 191, col 25, Error - Unexpected function expression. (prefer-arrow-callback)]]></failure></testcase>
<testcase time="0" name="org.eslint.space-before-function-paren"><failure message="Missing space before function parentheses."><![CDATA[line 191, col 33, Error - Missing space before function parentheses. (space-before-function-paren)]]></failure></testcase>
<testcase time="0" name="org.eslint.no-var"><failure message="Unexpected var, use let or const instead."><![CDATA[line 192, col 5, Error - Unexpected var, use let or const instead. (no-var)]]></failure></testcase>
<testcase time="0" name="org.eslint.no-undef"><failure message="&apos;sails&apos; is not defined."><![CDATA[line 192, col 33, Error - &apos;sails&apos; is not defined. (no-undef)]]></failure></testcase>
<testcase time="0" name="org.eslint.prefer-const"><failure message="&apos;param&apos; is never reassigned. Use &apos;const&apos; instead."><![CDATA[line 193, col 9, Error - &apos;param&apos; is never reassigned. Use &apos;const&apos; instead. (prefer-const)]]></failure></testcase>
<testcase time="0" name="org.eslint.no-multi-spaces"><failure message="Multiple spaces found before &apos;=&apos;."><![CDATA[line 193, col 16, Error - Multiple spaces found before &apos;=&apos;. (no-multi-spaces)]]></failure></testcase>
<testcase time="0" name="org.eslint.space-in-parens"><failure message="There should be no spaces inside this paren."><![CDATA[line 193, col 32, Error - There should be no spaces inside this paren. (space-in-parens)]]></failure></testcase>
<testcase time="0" name="org.eslint.no-multi-spaces"><failure message="Multiple spaces found before &apos;{&apos;."><![CDATA[line 193, col 35, Error - Multiple spaces found before &apos;{&apos;. (no-multi-spaces)]]></failure></testcase>
<testcase time="0" name="org.eslint.quote-props"><failure message="Unnecessarily quoted property &apos;name&apos; found."><![CDATA[line 194, col 7, Error - Unnecessarily quoted property &apos;name&apos; found. (quote-props)]]></failure></testcase>
<testcase time="0" name="org.eslint.key-spacing"><failure message="Missing space before value for key &apos;name&apos;."><![CDATA[line 194, col 14, Error - Missing space before value for key &apos;name&apos;. (key-spacing)]]></failure></testcase>
<testcase time="0" name="org.eslint.quote-props"><failure message="Unnecessarily quoted property &apos;contains&apos; found."><![CDATA[line 195, col 9, Error - Unnecessarily quoted property &apos;contains&apos; found. (quote-props)]]></failure></testcase>
<testcase time="0" name="org.eslint.key-spacing"><failure message="Missing space before value for key &apos;contains&apos;."><![CDATA[line 195, col 20, Error - Missing space before value for key &apos;contains&apos;. (key-spacing)]]></failure></testcase>
<testcase time="0" name="org.eslint.comma-dangle"><failure message="Missing trailing comma."><![CDATA[line 195, col 24, Error - Missing trailing comma. (comma-dangle)]]></failure></testcase>
<testcase time="0" name="org.eslint.comma-dangle"><failure message="Missing trailing comma."><![CDATA[line 196, col 8, Error - Missing trailing comma. (comma-dangle)]]></failure></testcase>
<testcase time="0" name="org.eslint.quotes"><failure message="Strings must use doublequote."><![CDATA[line 200, col 12, Error - Strings must use doublequote. (quotes)]]></failure></testcase>
<testcase time="0" name="org.eslint.prefer-template"><failure message="Unexpected string concatenation."><![CDATA[line 200, col 12, Error - Unexpected string concatenation. (prefer-template)]]></failure></testcase>
<testcase time="0" name="org.eslint.space-infix-ops"><failure message="Infix operators must be spaced."><![CDATA[line 200, col 56, Error - Infix operators must be spaced. (space-infix-ops)]]></failure></testcase>
<testcase time="0" name="org.eslint.prefer-arrow-callback"><failure message="Unexpected function expression."><![CDATA[line 203, col 12, Error - Unexpected function expression. (prefer-arrow-callback)]]></failure></testcase>
<testcase time="0" name="org.eslint.func-names"><failure message="Unexpected unnamed function."><![CDATA[line 203, col 12, Warning - Unexpected unnamed function. (func-names)]]></failure></testcase>
<testcase time="0" name="org.eslint.space-before-function-paren"><failure message="Missing space before function parentheses."><![CDATA[line 203, col 20, Error - Missing space before function parentheses. (space-before-function-paren)]]></failure></testcase>
<testcase time="0" name="org.eslint.no-multiple-empty-lines"><failure message="More than 2 blank lines not allowed."><![CDATA[line 212, col 1, Error - More than 2 blank lines not allowed. (no-multiple-empty-lines)]]></failure></testcase>
<testcase time="0" name="org.eslint.padded-blocks"><failure message="Block must not be padded by blank lines."><![CDATA[line 215, col 1, Error - Block must not be padded by blank lines. (padded-blocks)]]></failure></testcase>
<testcase time="0" name="org.eslint.eol-last"><failure message="Newline required at end of file but not found."><![CDATA[line 215, col 4, Error - Newline required at end of file but not found. (eol-last)]]></failure></testcase>
</testsuite>
<testsuite package="org.eslint" time="0" tests="148" errors="148" name="/home/azureuser/Documents/test-sailjs/test/controllers/ManufacturerController.test.js">
<testcase time="0" name="org.eslint.no-var"><failure message="Unexpected var, use let or const instead."><![CDATA[line 1, col 1, Error - Unexpected var, use let or const instead. (no-var)]]></failure></testcase>
<testcase time="0" name="org.eslint.quotes"><failure message="Strings must use doublequote."><![CDATA[line 1, col 25, Error - Strings must use doublequote. (quotes)]]></failure></testcase>
<testcase time="0" name="org.eslint.no-var"><failure message="Unexpected var, use let or const instead."><![CDATA[line 2, col 1, Error - Unexpected var, use let or const instead. (no-var)]]></failure></testcase>
<testcase time="0" name="org.eslint.no-unused-vars"><failure message="&apos;assert&apos; is assigned a value but never used."><![CDATA[line 2, col 5, Error - &apos;assert&apos; is assigned a value but never used. (no-unused-vars)]]></failure></testcase>
<testcase time="0" name="org.eslint.quotes"><failure message="Strings must use doublequote."><![CDATA[line 2, col 22, Error - Strings must use doublequote. (quotes)]]></failure></testcase>
<testcase time="0" name="org.eslint.no-var"><failure message="Unexpected var, use let or const instead."><![CDATA[line 4, col 1, Error - Unexpected var, use let or const instead. (no-var)]]></failure></testcase>
<testcase time="0" name="org.eslint.no-unused-vars"><failure message="&apos;createdSegment&apos; is defined but never used."><![CDATA[line 4, col 5, Error - &apos;createdSegment&apos; is defined but never used. (no-unused-vars)]]></failure></testcase>
<testcase time="0" name="org.eslint.quotes"><failure message="Strings must use doublequote."><![CDATA[line 5, col 9, Error - Strings must use doublequote. (quotes)]]></failure></testcase>
<testcase time="0" name="org.eslint.no-var"><failure message="Unexpected var, use let or const instead."><![CDATA[line 7, col 1, Error - Unexpected var, use let or const instead. (no-var)]]></failure></testcase>
<testcase time="0" name="org.eslint.vars-on-top"><failure message="All &apos;var&apos; declarations must be at the top of the function scope."><![CDATA[line 7, col 1, Error - All &apos;var&apos; declarations must be at the top of the function scope. (vars-on-top)]]></failure></testcase>
<testcase time="0" name="org.eslint.quotes"><failure message="Strings must use doublequote."><![CDATA[line 7, col 29, Error - Strings must use doublequote. (quotes)]]></failure></testcase>
<testcase time="0" name="org.eslint.no-undef"><failure message="&apos;describe&apos; is not defined."><![CDATA[line 9, col 1, Error - &apos;describe&apos; is not defined. (no-undef)]]></failure></testcase>
<testcase time="0" name="org.eslint.quotes"><failure message="Strings must use doublequote."><![CDATA[line 9, col 10, Error - Strings must use doublequote. (quotes)]]></failure></testcase>
<testcase time="0" name="org.eslint.func-names"><failure message="Unexpected unnamed function."><![CDATA[line 9, col 36, Warning - Unexpected unnamed function. (func-names)]]></failure></testcase>
<testcase time="0" name="org.eslint.prefer-arrow-callback"><failure message="Unexpected function expression."><![CDATA[line 9, col 36, Error - Unexpected function expression. (prefer-arrow-callback)]]></failure></testcase>
<testcase time="0" name="org.eslint.space-before-function-paren"><failure message="Missing space before function parentheses."><![CDATA[line 9, col 44, Error - Missing space before function parentheses. (space-before-function-paren)]]></failure></testcase>
<testcase time="0" name="org.eslint.padded-blocks"><failure message="Block must not be padded by blank lines."><![CDATA[line 9, col 47, Error - Block must not be padded by blank lines. (padded-blocks)]]></failure></testcase>
<testcase time="0" name="org.eslint.no-trailing-spaces"><failure message="Trailing spaces not allowed."><![CDATA[line 10, col 1, Error - Trailing spaces not allowed. (no-trailing-spaces)]]></failure></testcase>
<testcase time="0" name="org.eslint.no-undef"><failure message="&apos;it&apos; is not defined."><![CDATA[line 11, col 3, Error - &apos;it&apos; is not defined. (no-undef)]]></failure></testcase>
<testcase time="0" name="org.eslint.quotes"><failure message="Strings must use doublequote."><![CDATA[line 11, col 6, Error - Strings must use doublequote. (quotes)]]></failure></testcase>
<testcase time="0" name="org.eslint.prefer-arrow-callback"><failure message="Unexpected function expression."><![CDATA[line 11, col 27, Error - Unexpected function expression. (prefer-arrow-callback)]]></failure></testcase>
<testcase time="0" name="org.eslint.func-names"><failure message="Unexpected unnamed function."><![CDATA[line 11, col 27, Warning - Unexpected unnamed function. (func-names)]]></failure></testcase>
<testcase time="0" name="org.eslint.space-before-function-paren"><failure message="Missing space before function parentheses."><![CDATA[line 11, col 35, Error - Missing space before function parentheses. (space-before-function-paren)]]></failure></testcase>
<testcase time="0" name="org.eslint.no-var"><failure message="Unexpected var, use let or const instead."><![CDATA[line 12, col 5, Error - Unexpected var, use let or const instead. (no-var)]]></failure></testcase>
<testcase time="0" name="org.eslint.no-undef"><failure message="&apos;sails&apos; is not defined."><![CDATA[line 12, col 33, Error - &apos;sails&apos; is not defined. (no-undef)]]></failure></testcase>
<testcase time="0" name="org.eslint.quotes"><failure message="Strings must use doublequote."><![CDATA[line 14, col 12, Error - Strings must use doublequote. (quotes)]]></failure></testcase>
<testcase time="0" name="org.eslint.prefer-arrow-callback"><failure message="Unexpected function expression."><![CDATA[line 17, col 12, Error - Unexpected function expression. (prefer-arrow-callback)]]></failure></testcase>
<testcase time="0" name="org.eslint.func-names"><failure message="Unexpected unnamed function."><![CDATA[line 17, col 12, Warning - Unexpected unnamed function. (func-names)]]></failure></testcase>
<testcase time="0" name="org.eslint.space-before-function-paren"><failure message="Missing space before function parentheses."><![CDATA[line 17, col 20, Error - Missing space before function parentheses. (space-before-function-paren)]]></failure></testcase>
<testcase time="0" name="org.eslint.no-undef"><failure message="&apos;it&apos; is not defined."><![CDATA[line 27, col 3, Error - &apos;it&apos; is not defined. (no-undef)]]></failure></testcase>
<testcase time="0" name="org.eslint.quotes"><failure message="Strings must use doublequote."><![CDATA[line 27, col 6, Error - Strings must use doublequote. (quotes)]]></failure></testcase>
<testcase time="0" name="org.eslint.func-names"><failure message="Unexpected unnamed function."><![CDATA[line 27, col 31, Warning - Unexpected unnamed function. (func-names)]]></failure></testcase>
<testcase time="0" name="org.eslint.prefer-arrow-callback"><failure message="Unexpected function expression."><![CDATA[line 27, col 31, Error - Unexpected function expression. (prefer-arrow-callback)]]></failure></testcase>
<testcase time="0" name="org.eslint.space-before-function-paren"><failure message="Missing space before function parentheses."><![CDATA[line 27, col 39, Error - Missing space before function parentheses. (space-before-function-paren)]]></failure></testcase>
<testcase time="0" name="org.eslint.no-var"><failure message="Unexpected var, use let or const instead."><![CDATA[line 28, col 5, Error - Unexpected var, use let or const instead. (no-var)]]></failure></testcase>
<testcase time="0" name="org.eslint.no-undef"><failure message="&apos;sails&apos; is not defined."><![CDATA[line 28, col 33, Error - &apos;sails&apos; is not defined. (no-undef)]]></failure></testcase>
<testcase time="0" name="org.eslint.quotes"><failure message="Strings must use doublequote."><![CDATA[line 30, col 12, Error - Strings must use doublequote. (quotes)]]></failure></testcase>
<testcase time="0" name="org.eslint.prefer-arrow-callback"><failure message="Unexpected function expression."><![CDATA[line 33, col 12, Error - Unexpected function expression. (prefer-arrow-callback)]]></failure></testcase>
<testcase time="0" name="org.eslint.func-names"><failure message="Unexpected unnamed function."><![CDATA[line 33, col 12, Warning - Unexpected unnamed function. (func-names)]]></failure></testcase>
<testcase time="0" name="org.eslint.space-before-function-paren"><failure message="Missing space before function parentheses."><![CDATA[line 33, col 20, Error - Missing space before function parentheses. (space-before-function-paren)]]></failure></testcase>
<testcase time="0" name="org.eslint.no-unused-vars"><failure message="&apos;result&apos; is defined but never used."><![CDATA[line 33, col 26, Error - &apos;result&apos; is defined but never used. (no-unused-vars)]]></failure></testcase>
<testcase time="0" name="org.eslint.no-undef"><failure message="&apos;it&apos; is not defined."><![CDATA[line 43, col 3, Error - &apos;it&apos; is not defined. (no-undef)]]></failure></testcase>
<testcase time="0" name="org.eslint.quotes"><failure message="Strings must use doublequote."><![CDATA[line 43, col 6, Error - Strings must use doublequote. (quotes)]]></failure></testcase>
<testcase time="0" name="org.eslint.func-names"><failure message="Unexpected unnamed function."><![CDATA[line 43, col 27, Warning - Unexpected unnamed function. (func-names)]]></failure></testcase>
<testcase time="0" name="org.eslint.prefer-arrow-callback"><failure message="Unexpected function expression."><![CDATA[line 43, col 27, Error - Unexpected function expression. (prefer-arrow-callback)]]></failure></testcase>
<testcase time="0" name="org.eslint.space-before-function-paren"><failure message="Missing space before function parentheses."><![CDATA[line 43, col 35, Error - Missing space before function parentheses. (space-before-function-paren)]]></failure></testcase>
<testcase time="0" name="org.eslint.no-var"><failure message="Unexpected var, use let or const instead."><![CDATA[line 44, col 5, Error - Unexpected var, use let or const instead. (no-var)]]></failure></testcase>
<testcase time="0" name="org.eslint.no-undef"><failure message="&apos;sails&apos; is not defined."><![CDATA[line 44, col 33, Error - &apos;sails&apos; is not defined. (no-undef)]]></failure></testcase>
<testcase time="0" name="org.eslint.quotes"><failure message="Strings must use doublequote."><![CDATA[line 46, col 12, Error - Strings must use doublequote. (quotes)]]></failure></testcase>
<testcase time="0" name="org.eslint.func-names"><failure message="Unexpected unnamed function."><![CDATA[line 49, col 12, Warning - Unexpected unnamed function. (func-names)]]></failure></testcase>
<testcase time="0" name="org.eslint.prefer-arrow-callback"><failure message="Unexpected function expression."><![CDATA[line 49, col 12, Error - Unexpected function expression. (prefer-arrow-callback)]]></failure></testcase>
<testcase time="0" name="org.eslint.space-before-function-paren"><failure message="Missing space before function parentheses."><![CDATA[line 49, col 20, Error - Missing space before function parentheses. (space-before-function-paren)]]></failure></testcase>
<testcase time="0" name="org.eslint.no-undef"><failure message="&apos;it&apos; is not defined."><![CDATA[line 59, col 3, Error - &apos;it&apos; is not defined. (no-undef)]]></failure></testcase>
<testcase time="0" name="org.eslint.quotes"><failure message="Strings must use doublequote."><![CDATA[line 59, col 6, Error - Strings must use doublequote. (quotes)]]></failure></testcase>
<testcase time="0" name="org.eslint.prefer-arrow-callback"><failure message="Unexpected function expression."><![CDATA[line 59, col 28, Error - Unexpected function expression. (prefer-arrow-callback)]]></failure></testcase>
<testcase time="0" name="org.eslint.func-names"><failure message="Unexpected unnamed function."><![CDATA[line 59, col 28, Warning - Unexpected unnamed function. (func-names)]]></failure></testcase>
<testcase time="0" name="org.eslint.space-before-function-paren"><failure message="Missing space before function parentheses."><![CDATA[line 59, col 36, Error - Missing space before function parentheses. (space-before-function-paren)]]></failure></testcase>
<testcase time="0" name="org.eslint.no-var"><failure message="Unexpected var, use let or const instead."><![CDATA[line 60, col 5, Error - Unexpected var, use let or const instead. (no-var)]]></failure></testcase>
<testcase time="0" name="org.eslint.no-undef"><failure message="&apos;sails&apos; is not defined."><![CDATA[line 60, col 33, Error - &apos;sails&apos; is not defined. (no-undef)]]></failure></testcase>
<testcase time="0" name="org.eslint.quotes"><failure message="Strings must use doublequote."><![CDATA[line 62, col 13, Error - Strings must use doublequote. (quotes)]]></failure></testcase>
<testcase time="0" name="org.eslint.prefer-arrow-callback"><failure message="Unexpected function expression."><![CDATA[line 65, col 12, Error - Unexpected function expression. (prefer-arrow-callback)]]></failure></testcase>
<testcase time="0" name="org.eslint.func-names"><failure message="Unexpected unnamed function."><![CDATA[line 65, col 12, Warning - Unexpected unnamed function. (func-names)]]></failure></testcase>
<testcase time="0" name="org.eslint.space-before-function-paren"><failure message="Missing space before function parentheses."><![CDATA[line 65, col 20, Error - Missing space before function parentheses. (space-before-function-paren)]]></failure></testcase>
<testcase time="0" name="org.eslint.no-undef"><failure message="&apos;it&apos; is not defined."><![CDATA[line 75, col 3, Error - &apos;it&apos; is not defined. (no-undef)]]></failure></testcase>
<testcase time="0" name="org.eslint.quotes"><failure message="Strings must use doublequote."><![CDATA[line 75, col 6, Error - Strings must use doublequote. (quotes)]]></failure></testcase>
<testcase time="0" name="org.eslint.prefer-arrow-callback"><failure message="Unexpected function expression."><![CDATA[line 75, col 31, Error - Unexpected function expression. (prefer-arrow-callback)]]></failure></testcase>
<testcase time="0" name="org.eslint.func-names"><failure message="Unexpected unnamed function."><![CDATA[line 75, col 31, Warning - Unexpected unnamed function. (func-names)]]></failure></testcase>
<testcase time="0" name="org.eslint.space-before-function-paren"><failure message="Missing space before function parentheses."><![CDATA[line 75, col 39, Error - Missing space before function parentheses. (space-before-function-paren)]]></failure></testcase>
<testcase time="0" name="org.eslint.no-var"><failure message="Unexpected var, use let or const instead."><![CDATA[line 76, col 5, Error - Unexpected var, use let or const instead. (no-var)]]></failure></testcase>
<testcase time="0" name="org.eslint.no-undef"><failure message="&apos;sails&apos; is not defined."><![CDATA[line 76, col 33, Error - &apos;sails&apos; is not defined. (no-undef)]]></failure></testcase>
<testcase time="0" name="org.eslint.quotes"><failure message="Strings must use doublequote."><![CDATA[line 78, col 12, Error - Strings must use doublequote. (quotes)]]></failure></testcase>
<testcase time="0" name="org.eslint.func-names"><failure message="Unexpected unnamed function."><![CDATA[line 81, col 12, Warning - Unexpected unnamed function. (func-names)]]></failure></testcase>
<testcase time="0" name="org.eslint.prefer-arrow-callback"><failure message="Unexpected function expression."><![CDATA[line 81, col 12, Error - Unexpected function expression. (prefer-arrow-callback)]]></failure></testcase>
<testcase time="0" name="org.eslint.space-before-function-paren"><failure message="Missing space before function parentheses."><![CDATA[line 81, col 20, Error - Missing space before function parentheses. (space-before-function-paren)]]></failure></testcase>
<testcase time="0" name="org.eslint.no-unused-vars"><failure message="&apos;result&apos; is defined but never used."><![CDATA[line 81, col 26, Error - &apos;result&apos; is defined but never used. (no-unused-vars)]]></failure></testcase>
<testcase time="0" name="org.eslint.no-undef"><failure message="&apos;it&apos; is not defined."><![CDATA[line 90, col 3, Error - &apos;it&apos; is not defined. (no-undef)]]></failure></testcase>
<testcase time="0" name="org.eslint.quotes"><failure message="Strings must use doublequote."><![CDATA[line 90, col 6, Error - Strings must use doublequote. (quotes)]]></failure></testcase>
<testcase time="0" name="org.eslint.prefer-arrow-callback"><failure message="Unexpected function expression."><![CDATA[line 90, col 29, Error - Unexpected function expression. (prefer-arrow-callback)]]></failure></testcase>
<testcase time="0" name="org.eslint.func-names"><failure message="Unexpected unnamed function."><![CDATA[line 90, col 29, Warning - Unexpected unnamed function. (func-names)]]></failure></testcase>
<testcase time="0" name="org.eslint.space-before-function-paren"><failure message="Missing space before function parentheses."><![CDATA[line 90, col 37, Error - Missing space before function parentheses. (space-before-function-paren)]]></failure></testcase>
<testcase time="0" name="org.eslint.no-var"><failure message="Unexpected var, use let or const instead."><![CDATA[line 91, col 5, Error - Unexpected var, use let or const instead. (no-var)]]></failure></testcase>
<testcase time="0" name="org.eslint.no-undef"><failure message="&apos;sails&apos; is not defined."><![CDATA[line 91, col 33, Error - &apos;sails&apos; is not defined. (no-undef)]]></failure></testcase>
<testcase time="0" name="org.eslint.quotes"><failure message="Strings must use doublequote."><![CDATA[line 93, col 12, Error - Strings must use doublequote. (quotes)]]></failure></testcase>
<testcase time="0" name="org.eslint.func-names"><failure message="Unexpected unnamed function."><![CDATA[line 96, col 12, Warning - Unexpected unnamed function. (func-names)]]></failure></testcase>
<testcase time="0" name="org.eslint.prefer-arrow-callback"><failure message="Unexpected function expression."><![CDATA[line 96, col 12, Error - Unexpected function expression. (prefer-arrow-callback)]]></failure></testcase>
<testcase time="0" name="org.eslint.space-before-function-paren"><failure message="Missing space before function parentheses."><![CDATA[line 96, col 20, Error - Missing space before function parentheses. (space-before-function-paren)]]></failure></testcase>
<testcase time="0" name="org.eslint.no-unused-vars"><failure message="&apos;result&apos; is defined but never used."><![CDATA[line 96, col 26, Error - &apos;result&apos; is defined but never used. (no-unused-vars)]]></failure></testcase>
<testcase time="0" name="org.eslint.no-undef"><failure message="&apos;it&apos; is not defined."><![CDATA[line 105, col 3, Error - &apos;it&apos; is not defined. (no-undef)]]></failure></testcase>
<testcase time="0" name="org.eslint.quotes"><failure message="Strings must use doublequote."><![CDATA[line 105, col 6, Error - Strings must use doublequote. (quotes)]]></failure></testcase>
<testcase time="0" name="org.eslint.func-names"><failure message="Unexpected unnamed function."><![CDATA[line 105, col 30, Warning - Unexpected unnamed function. (func-names)]]></failure></testcase>
<testcase time="0" name="org.eslint.prefer-arrow-callback"><failure message="Unexpected function expression."><![CDATA[line 105, col 30, Error - Unexpected function expression. (prefer-arrow-callback)]]></failure></testcase>
<testcase time="0" name="org.eslint.space-before-function-paren"><failure message="Missing space before function parentheses."><![CDATA[line 105, col 38, Error - Missing space before function parentheses. (space-before-function-paren)]]></failure></testcase>
<testcase time="0" name="org.eslint.no-var"><failure message="Unexpected var, use let or const instead."><![CDATA[line 106, col 5, Error - Unexpected var, use let or const instead. (no-var)]]></failure></testcase>
<testcase time="0" name="org.eslint.no-undef"><failure message="&apos;sails&apos; is not defined."><![CDATA[line 106, col 33, Error - &apos;sails&apos; is not defined. (no-undef)]]></failure></testcase>
<testcase time="0" name="org.eslint.quotes"><failure message="Strings must use doublequote."><![CDATA[line 108, col 15, Error - Strings must use doublequote. (quotes)]]></failure></testcase>
<testcase time="0" name="org.eslint.func-names"><failure message="Unexpected unnamed function."><![CDATA[line 111, col 12, Warning - Unexpected unnamed function. (func-names)]]></failure></testcase>
<testcase time="0" name="org.eslint.prefer-arrow-callback"><failure message="Unexpected function expression."><![CDATA[line 111, col 12, Error - Unexpected function expression. (prefer-arrow-callback)]]></failure></testcase>
<testcase time="0" name="org.eslint.space-before-function-paren"><failure message="Missing space before function parentheses."><![CDATA[line 111, col 20, Error - Missing space before function parentheses. (space-before-function-paren)]]></failure></testcase>
<testcase time="0" name="org.eslint.no-unused-vars"><failure message="&apos;result&apos; is defined but never used."><![CDATA[line 111, col 26, Error - &apos;result&apos; is defined but never used. (no-unused-vars)]]></failure></testcase>
<testcase time="0" name="org.eslint.no-undef"><failure message="&apos;it&apos; is not defined."><![CDATA[line 121, col 3, Error - &apos;it&apos; is not defined. (no-undef)]]></failure></testcase>
<testcase time="0" name="org.eslint.quotes"><failure message="Strings must use doublequote."><![CDATA[line 121, col 6, Error - Strings must use doublequote. (quotes)]]></failure></testcase>
<testcase time="0" name="org.eslint.func-names"><failure message="Unexpected unnamed function."><![CDATA[line 121, col 34, Warning - Unexpected unnamed function. (func-names)]]></failure></testcase>
<testcase time="0" name="org.eslint.prefer-arrow-callback"><failure message="Unexpected function expression."><![CDATA[line 121, col 34, Error - Unexpected function expression. (prefer-arrow-callback)]]></failure></testcase>
<testcase time="0" name="org.eslint.space-before-function-paren"><failure message="Missing space before function parentheses."><![CDATA[line 121, col 42, Error - Missing space before function parentheses. (space-before-function-paren)]]></failure></testcase>
<testcase time="0" name="org.eslint.no-var"><failure message="Unexpected var, use let or const instead."><![CDATA[line 122, col 5, Error - Unexpected var, use let or const instead. (no-var)]]></failure></testcase>
<testcase time="0" name="org.eslint.no-undef"><failure message="&apos;sails&apos; is not defined."><![CDATA[line 122, col 33, Error - &apos;sails&apos; is not defined. (no-undef)]]></failure></testcase>
<testcase time="0" name="org.eslint.quotes"><failure message="Strings must use doublequote."><![CDATA[line 124, col 15, Error - Strings must use doublequote. (quotes)]]></failure></testcase>
<testcase time="0" name="org.eslint.func-names"><failure message="Unexpected unnamed function."><![CDATA[line 127, col 12, Warning - Unexpected unnamed function. (func-names)]]></failure></testcase>
<testcase time="0" name="org.eslint.prefer-arrow-callback"><failure message="Unexpected function expression."><![CDATA[line 127, col 12, Error - Unexpected function expression. (prefer-arrow-callback)]]></failure></testcase>
<testcase time="0" name="org.eslint.space-before-function-paren"><failure message="Missing space before function parentheses."><![CDATA[line 127, col 20, Error - Missing space before function parentheses. (space-before-function-paren)]]></failure></testcase>
<testcase time="0" name="org.eslint.no-unused-vars"><failure message="&apos;result&apos; is defined but never used."><![CDATA[line 127, col 26, Error - &apos;result&apos; is defined but never used. (no-unused-vars)]]></failure></testcase>
<testcase time="0" name="org.eslint.no-undef"><failure message="&apos;it&apos; is not defined."><![CDATA[line 137, col 3, Error - &apos;it&apos; is not defined. (no-undef)]]></failure></testcase>
<testcase time="0" name="org.eslint.quotes"><failure message="Strings must use doublequote."><![CDATA[line 137, col 6, Error - Strings must use doublequote. (quotes)]]></failure></testcase>
<testcase time="0" name="org.eslint.prefer-arrow-callback"><failure message="Unexpected function expression."><![CDATA[line 137, col 33, Error - Unexpected function expression. (prefer-arrow-callback)]]></failure></testcase>
<testcase time="0" name="org.eslint.func-names"><failure message="Unexpected unnamed function."><![CDATA[line 137, col 33, Warning - Unexpected unnamed function. (func-names)]]></failure></testcase>
<testcase time="0" name="org.eslint.space-before-function-paren"><failure message="Missing space before function parentheses."><![CDATA[line 137, col 41, Error - Missing space before function parentheses. (space-before-function-paren)]]></failure></testcase>
<testcase time="0" name="org.eslint.no-var"><failure message="Unexpected var, use let or const instead."><![CDATA[line 138, col 5, Error - Unexpected var, use let or const instead. (no-var)]]></failure></testcase>
<testcase time="0" name="org.eslint.no-undef"><failure message="&apos;sails&apos; is not defined."><![CDATA[line 138, col 33, Error - &apos;sails&apos; is not defined. (no-undef)]]></failure></testcase>
<testcase time="0" name="org.eslint.quotes"><failure message="Strings must use doublequote."><![CDATA[line 140, col 15, Error - Strings must use doublequote. (quotes)]]></failure></testcase>
<testcase time="0" name="org.eslint.func-names"><failure message="Unexpected unnamed function."><![CDATA[line 143, col 12, Warning - Unexpected unnamed function. (func-names)]]></failure></testcase>
<testcase time="0" name="org.eslint.prefer-arrow-callback"><failure message="Unexpected function expression."><![CDATA[line 143, col 12, Error - Unexpected function expression. (prefer-arrow-callback)]]></failure></testcase>
<testcase time="0" name="org.eslint.space-before-function-paren"><failure message="Missing space before function parentheses."><![CDATA[line 143, col 20, Error - Missing space before function parentheses. (space-before-function-paren)]]></failure></testcase>
<testcase time="0" name="org.eslint.no-unused-vars"><failure message="&apos;result&apos; is defined but never used."><![CDATA[line 143, col 26, Error - &apos;result&apos; is defined but never used. (no-unused-vars)]]></failure></testcase>
<testcase time="0" name="org.eslint.no-undef"><failure message="&apos;it&apos; is not defined."><![CDATA[line 153, col 3, Error - &apos;it&apos; is not defined. (no-undef)]]></failure></testcase>
<testcase time="0" name="org.eslint.quotes"><failure message="Strings must use doublequote."><![CDATA[line 153, col 6, Error - Strings must use doublequote. (quotes)]]></failure></testcase>
<testcase time="0" name="org.eslint.func-names"><failure message="Unexpected unnamed function."><![CDATA[line 153, col 30, Warning - Unexpected unnamed function. (func-names)]]></failure></testcase>
<testcase time="0" name="org.eslint.prefer-arrow-callback"><failure message="Unexpected function expression."><![CDATA[line 153, col 30, Error - Unexpected function expression. (prefer-arrow-callback)]]></failure></testcase>
<testcase time="0" name="org.eslint.space-before-function-paren"><failure message="Missing space before function parentheses."><![CDATA[line 153, col 38, Error - Missing space before function parentheses. (space-before-function-paren)]]></failure></testcase>
<testcase time="0" name="org.eslint.no-var"><failure message="Unexpected var, use let or const instead."><![CDATA[line 154, col 5, Error - Unexpected var, use let or const instead. (no-var)]]></failure></testcase>
<testcase time="0" name="org.eslint.no-undef"><failure message="&apos;sails&apos; is not defined."><![CDATA[line 154, col 33, Error - &apos;sails&apos; is not defined. (no-undef)]]></failure></testcase>
<testcase time="0" name="org.eslint.no-unused-vars"><failure message="&apos;param&apos; is assigned a value but never used."><![CDATA[line 155, col 9, Error - &apos;param&apos; is assigned a value but never used. (no-unused-vars)]]></failure></testcase>
<testcase time="0" name="org.eslint.prefer-const"><failure message="&apos;param&apos; is never reassigned. Use &apos;const&apos; instead."><![CDATA[line 155, col 9, Error - &apos;param&apos; is never reassigned. Use &apos;const&apos; instead. (prefer-const)]]></failure></testcase>
<testcase time="0" name="org.eslint.no-multi-spaces"><failure message="Multiple spaces found before &apos;=&apos;."><![CDATA[line 155, col 16, Error - Multiple spaces found before &apos;=&apos;. (no-multi-spaces)]]></failure></testcase>
<testcase time="0" name="org.eslint.space-in-parens"><failure message="There should be no spaces inside this paren."><![CDATA[line 155, col 32, Error - There should be no spaces inside this paren. (space-in-parens)]]></failure></testcase>
<testcase time="0" name="org.eslint.no-multi-spaces"><failure message="Multiple spaces found before &apos;{&apos;."><![CDATA[line 155, col 35, Error - Multiple spaces found before &apos;{&apos;. (no-multi-spaces)]]></failure></testcase>
<testcase time="0" name="org.eslint.quote-props"><failure message="Unnecessarily quoted property &apos;name&apos; found."><![CDATA[line 156, col 19, Error - Unnecessarily quoted property &apos;name&apos; found. (quote-props)]]></failure></testcase>
<testcase time="0" name="org.eslint.comma-dangle"><failure message="Missing trailing comma."><![CDATA[line 156, col 52, Error - Missing trailing comma. (comma-dangle)]]></failure></testcase>
<testcase time="0" name="org.eslint.quotes"><failure message="Strings must use doublequote."><![CDATA[line 159, col 14, Error - Strings must use doublequote. (quotes)]]></failure></testcase>
<testcase time="0" name="org.eslint.prefer-arrow-callback"><failure message="Unexpected function expression."><![CDATA[line 162, col 14, Error - Unexpected function expression. (prefer-arrow-callback)]]></failure></testcase>
<testcase time="0" name="org.eslint.func-names"><failure message="Unexpected unnamed function."><![CDATA[line 162, col 14, Warning - Unexpected unnamed function. (func-names)]]></failure></testcase>
<testcase time="0" name="org.eslint.space-before-function-paren"><failure message="Missing space before function parentheses."><![CDATA[line 162, col 22, Error - Missing space before function parentheses. (space-before-function-paren)]]></failure></testcase>
<testcase time="0" name="org.eslint.no-unused-vars"><failure message="&apos;result&apos; is defined but never used."><![CDATA[line 162, col 28, Error - &apos;result&apos; is defined but never used. (no-unused-vars)]]></failure></testcase>
<testcase time="0" name="org.eslint.no-trailing-spaces"><failure message="Trailing spaces not allowed."><![CDATA[line 170, col 1, Error - Trailing spaces not allowed. (no-trailing-spaces)]]></failure></testcase>
<testcase time="0" name="org.eslint.padded-blocks"><failure message="Block must not be padded by blank lines."><![CDATA[line 171, col 3, Error - Block must not be padded by blank lines. (padded-blocks)]]></failure></testcase>
<testcase time="0" name="org.eslint.no-multiple-empty-lines"><failure message="More than 2 blank lines not allowed."><![CDATA[line 172, col 1, Error - More than 2 blank lines not allowed. (no-multiple-empty-lines)]]></failure></testcase>
<testcase time="0" name="org.eslint.no-trailing-spaces"><failure message="Trailing spaces not allowed."><![CDATA[line 174, col 1, Error - Trailing spaces not allowed. (no-trailing-spaces)]]></failure></testcase>
<testcase time="0" name="org.eslint.padded-blocks"><failure message="Block must not be padded by blank lines."><![CDATA[line 176, col 1, Error - Block must not be padded by blank lines. (padded-blocks)]]></failure></testcase>
<testcase time="0" name="org.eslint.eol-last"><failure message="Newline required at end of file but not found."><![CDATA[line 176, col 4, Error - Newline required at end of file but not found. (eol-last)]]></failure></testcase>
</testsuite>
<testsuite package="org.eslint" time="0" tests="135" errors="135" name="/home/azureuser/Documents/test-sailjs/test/controllers/SegmentController.test.js">
<testcase time="0" name="org.eslint.no-var"><failure message="Unexpected var, use let or const instead."><![CDATA[line 1, col 1, Error - Unexpected var, use let or const instead. (no-var)]]></failure></testcase>
<testcase time="0" name="org.eslint.quotes"><failure message="Strings must use doublequote."><![CDATA[line 1, col 25, Error - Strings must use doublequote. (quotes)]]></failure></testcase>
<testcase time="0" name="org.eslint.no-var"><failure message="Unexpected var, use let or const instead."><![CDATA[line 2, col 1, Error - Unexpected var, use let or const instead. (no-var)]]></failure></testcase>
<testcase time="0" name="org.eslint.no-unused-vars"><failure message="&apos;assert&apos; is assigned a value but never used."><![CDATA[line 2, col 5, Error - &apos;assert&apos; is assigned a value but never used. (no-unused-vars)]]></failure></testcase>
<testcase time="0" name="org.eslint.quotes"><failure message="Strings must use doublequote."><![CDATA[line 2, col 22, Error - Strings must use doublequote. (quotes)]]></failure></testcase>
<testcase time="0" name="org.eslint.no-var"><failure message="Unexpected var, use let or const instead."><![CDATA[line 4, col 1, Error - Unexpected var, use let or const instead. (no-var)]]></failure></testcase>
<testcase time="0" name="org.eslint.no-unused-vars"><failure message="&apos;createdSegment&apos; is defined but never used."><![CDATA[line 4, col 5, Error - &apos;createdSegment&apos; is defined but never used. (no-unused-vars)]]></failure></testcase>
<testcase time="0" name="org.eslint.quotes"><failure message="Strings must use doublequote."><![CDATA[line 5, col 9, Error - Strings must use doublequote. (quotes)]]></failure></testcase>
<testcase time="0" name="org.eslint.vars-on-top"><failure message="All &apos;var&apos; declarations must be at the top of the function scope."><![CDATA[line 7, col 1, Error - All &apos;var&apos; declarations must be at the top of the function scope. (vars-on-top)]]></failure></testcase>
<testcase time="0" name="org.eslint.no-var"><failure message="Unexpected var, use let or const instead."><![CDATA[line 7, col 1, Error - Unexpected var, use let or const instead. (no-var)]]></failure></testcase>
<testcase time="0" name="org.eslint.quotes"><failure message="Strings must use doublequote."><![CDATA[line 7, col 24, Error - Strings must use doublequote. (quotes)]]></failure></testcase>
<testcase time="0" name="org.eslint.no-undef"><failure message="&apos;describe&apos; is not defined."><![CDATA[line 9, col 1, Error - &apos;describe&apos; is not defined. (no-undef)]]></failure></testcase>
<testcase time="0" name="org.eslint.quotes"><failure message="Strings must use doublequote."><![CDATA[line 9, col 10, Error - Strings must use doublequote. (quotes)]]></failure></testcase>
<testcase time="0" name="org.eslint.prefer-arrow-callback"><failure message="Unexpected function expression."><![CDATA[line 9, col 32, Error - Unexpected function expression. (prefer-arrow-callback)]]></failure></testcase>
<testcase time="0" name="org.eslint.func-names"><failure message="Unexpected unnamed function."><![CDATA[line 9, col 32, Warning - Unexpected unnamed function. (func-names)]]></failure></testcase>
<testcase time="0" name="org.eslint.space-before-function-paren"><failure message="Missing space before function parentheses."><![CDATA[line 9, col 40, Error - Missing space before function parentheses. (space-before-function-paren)]]></failure></testcase>
<testcase time="0" name="org.eslint.no-undef"><failure message="&apos;it&apos; is not defined."><![CDATA[line 10, col 3, Error - &apos;it&apos; is not defined. (no-undef)]]></failure></testcase>
<testcase time="0" name="org.eslint.quotes"><failure message="Strings must use doublequote."><![CDATA[line 10, col 6, Error - Strings must use doublequote. (quotes)]]></failure></testcase>
<testcase time="0" name="org.eslint.prefer-arrow-callback"><failure message="Unexpected function expression."><![CDATA[line 10, col 22, Error - Unexpected function expression. (prefer-arrow-callback)]]></failure></testcase>
<testcase time="0" name="org.eslint.func-names"><failure message="Unexpected unnamed function."><![CDATA[line 10, col 22, Warning - Unexpected unnamed function. (func-names)]]></failure></testcase>
<testcase time="0" name="org.eslint.space-before-function-paren"><failure message="Missing space before function parentheses."><![CDATA[line 10, col 30, Error - Missing space before function parentheses. (space-before-function-paren)]]></failure></testcase>
<testcase time="0" name="org.eslint.no-var"><failure message="Unexpected var, use let or const instead."><![CDATA[line 11, col 5, Error - Unexpected var, use let or const instead. (no-var)]]></failure></testcase>
<testcase time="0" name="org.eslint.no-undef"><failure message="&apos;sails&apos; is not defined."><![CDATA[line 11, col 33, Error - &apos;sails&apos; is not defined. (no-undef)]]></failure></testcase>
<testcase time="0" name="org.eslint.quotes"><failure message="Strings must use doublequote."><![CDATA[line 13, col 12, Error - Strings must use doublequote. (quotes)]]></failure></testcase>
<testcase time="0" name="org.eslint.prefer-arrow-callback"><failure message="Unexpected function expression."><![CDATA[line 16, col 12, Error - Unexpected function expression. (prefer-arrow-callback)]]></failure></testcase>
<testcase time="0" name="org.eslint.func-names"><failure message="Unexpected unnamed function."><![CDATA[line 16, col 12, Warning - Unexpected unnamed function. (func-names)]]></failure></testcase>
<testcase time="0" name="org.eslint.space-before-function-paren"><failure message="Missing space before function parentheses."><![CDATA[line 16, col 20, Error - Missing space before function parentheses. (space-before-function-paren)]]></failure></testcase>
<testcase time="0" name="org.eslint.no-undef"><failure message="&apos;it&apos; is not defined."><![CDATA[line 26, col 3, Error - &apos;it&apos; is not defined. (no-undef)]]></failure></testcase>
<testcase time="0" name="org.eslint.quotes"><failure message="Strings must use doublequote."><![CDATA[line 26, col 6, Error - Strings must use doublequote. (quotes)]]></failure></testcase>
<testcase time="0" name="org.eslint.prefer-arrow-callback"><failure message="Unexpected function expression."><![CDATA[line 26, col 30, Error - Unexpected function expression. (prefer-arrow-callback)]]></failure></testcase>
<testcase time="0" name="org.eslint.func-names"><failure message="Unexpected unnamed function."><![CDATA[line 26, col 30, Warning - Unexpected unnamed function. (func-names)]]></failure></testcase>
<testcase time="0" name="org.eslint.space-before-function-paren"><failure message="Missing space before function parentheses."><![CDATA[line 26, col 38, Error - Missing space before function parentheses. (space-before-function-paren)]]></failure></testcase>
<testcase time="0" name="org.eslint.no-var"><failure message="Unexpected var, use let or const instead."><![CDATA[line 27, col 5, Error - Unexpected var, use let or const instead. (no-var)]]></failure></testcase>
<testcase time="0" name="org.eslint.no-undef"><failure message="&apos;sails&apos; is not defined."><![CDATA[line 27, col 33, Error - &apos;sails&apos; is not defined. (no-undef)]]></failure></testcase>
<testcase time="0" name="org.eslint.quotes"><failure message="Strings must use doublequote."><![CDATA[line 29, col 12, Error - Strings must use doublequote. (quotes)]]></failure></testcase>
<testcase time="0" name="org.eslint.func-names"><failure message="Unexpected unnamed function."><![CDATA[line 32, col 12, Warning - Unexpected unnamed function. (func-names)]]></failure></testcase>
<testcase time="0" name="org.eslint.prefer-arrow-callback"><failure message="Unexpected function expression."><![CDATA[line 32, col 12, Error - Unexpected function expression. (prefer-arrow-callback)]]></failure></testcase>
<testcase time="0" name="org.eslint.space-before-function-paren"><failure message="Missing space before function parentheses."><![CDATA[line 32, col 20, Error - Missing space before function parentheses. (space-before-function-paren)]]></failure></testcase>
<testcase time="0" name="org.eslint.no-unused-vars"><failure message="&apos;result&apos; is defined but never used."><![CDATA[line 32, col 26, Error - &apos;result&apos; is defined but never used. (no-unused-vars)]]></failure></testcase>
<testcase time="0" name="org.eslint.no-undef"><failure message="&apos;it&apos; is not defined."><![CDATA[line 42, col 3, Error - &apos;it&apos; is not defined. (no-undef)]]></failure></testcase>
<testcase time="0" name="org.eslint.quotes"><failure message="Strings must use doublequote."><![CDATA[line 42, col 6, Error - Strings must use doublequote. (quotes)]]></failure></testcase>
<testcase time="0" name="org.eslint.prefer-arrow-callback"><failure message="Unexpected function expression."><![CDATA[line 42, col 28, Error - Unexpected function expression. (prefer-arrow-callback)]]></failure></testcase>
<testcase time="0" name="org.eslint.func-names"><failure message="Unexpected unnamed function."><![CDATA[line 42, col 28, Warning - Unexpected unnamed function. (func-names)]]></failure></testcase>
<testcase time="0" name="org.eslint.space-before-function-paren"><failure message="Missing space before function parentheses."><![CDATA[line 42, col 36, Error - Missing space before function parentheses. (space-before-function-paren)]]></failure></testcase>
<testcase time="0" name="org.eslint.no-var"><failure message="Unexpected var, use let or const instead."><![CDATA[line 43, col 5, Error - Unexpected var, use let or const instead. (no-var)]]></failure></testcase>
<testcase time="0" name="org.eslint.no-undef"><failure message="&apos;sails&apos; is not defined."><![CDATA[line 43, col 33, Error - &apos;sails&apos; is not defined. (no-undef)]]></failure></testcase>
<testcase time="0" name="org.eslint.quotes"><failure message="Strings must use doublequote."><![CDATA[line 45, col 15, Error - Strings must use doublequote. (quotes)]]></failure></testcase>
<testcase time="0" name="org.eslint.prefer-arrow-callback"><failure message="Unexpected function expression."><![CDATA[line 48, col 12, Error - Unexpected function expression. (prefer-arrow-callback)]]></failure></testcase>
<testcase time="0" name="org.eslint.func-names"><failure message="Unexpected unnamed function."><![CDATA[line 48, col 12, Warning - Unexpected unnamed function. (func-names)]]></failure></testcase>
<testcase time="0" name="org.eslint.space-before-function-paren"><failure message="Missing space before function parentheses."><![CDATA[line 48, col 20, Error - Missing space before function parentheses. (space-before-function-paren)]]></failure></testcase>
<testcase time="0" name="org.eslint.no-unused-vars"><failure message="&apos;result&apos; is defined but never used."><![CDATA[line 48, col 26, Error - &apos;result&apos; is defined but never used. (no-unused-vars)]]></failure></testcase>
<testcase time="0" name="org.eslint.no-undef"><failure message="&apos;it&apos; is not defined."><![CDATA[line 58, col 3, Error - &apos;it&apos; is not defined. (no-undef)]]></failure></testcase>
<testcase time="0" name="org.eslint.quotes"><failure message="Strings must use doublequote."><![CDATA[line 58, col 6, Error - Strings must use doublequote. (quotes)]]></failure></testcase>
<testcase time="0" name="org.eslint.prefer-arrow-callback"><failure message="Unexpected function expression."><![CDATA[line 58, col 23, Error - Unexpected function expression. (prefer-arrow-callback)]]></failure></testcase>
<testcase time="0" name="org.eslint.func-names"><failure message="Unexpected unnamed function."><![CDATA[line 58, col 23, Warning - Unexpected unnamed function. (func-names)]]></failure></testcase>
<testcase time="0" name="org.eslint.space-before-function-paren"><failure message="Missing space before function parentheses."><![CDATA[line 58, col 31, Error - Missing space before function parentheses. (space-before-function-paren)]]></failure></testcase>
<testcase time="0" name="org.eslint.no-var"><failure message="Unexpected var, use let or const instead."><![CDATA[line 59, col 5, Error - Unexpected var, use let or const instead. (no-var)]]></failure></testcase>
<testcase time="0" name="org.eslint.no-undef"><failure message="&apos;sails&apos; is not defined."><![CDATA[line 59, col 33, Error - &apos;sails&apos; is not defined. (no-undef)]]></failure></testcase>
<testcase time="0" name="org.eslint.quotes"><failure message="Strings must use doublequote."><![CDATA[line 61, col 13, Error - Strings must use doublequote. (quotes)]]></failure></testcase>
<testcase time="0" name="org.eslint.func-names"><failure message="Unexpected unnamed function."><![CDATA[line 64, col 12, Warning - Unexpected unnamed function. (func-names)]]></failure></testcase>
<testcase time="0" name="org.eslint.prefer-arrow-callback"><failure message="Unexpected function expression."><![CDATA[line 64, col 12, Error - Unexpected function expression. (prefer-arrow-callback)]]></failure></testcase>
<testcase time="0" name="org.eslint.space-before-function-paren"><failure message="Missing space before function parentheses."><![CDATA[line 64, col 20, Error - Missing space before function parentheses. (space-before-function-paren)]]></failure></testcase>
<testcase time="0" name="org.eslint.no-undef"><failure message="&apos;it&apos; is not defined."><![CDATA[line 74, col 3, Error - &apos;it&apos; is not defined. (no-undef)]]></failure></testcase>
<testcase time="0" name="org.eslint.quotes"><failure message="Strings must use doublequote."><![CDATA[line 74, col 6, Error - Strings must use doublequote. (quotes)]]></failure></testcase>
<testcase time="0" name="org.eslint.func-names"><failure message="Unexpected unnamed function."><![CDATA[line 74, col 24, Warning - Unexpected unnamed function. (func-names)]]></failure></testcase>
<testcase time="0" name="org.eslint.prefer-arrow-callback"><failure message="Unexpected function expression."><![CDATA[line 74, col 24, Error - Unexpected function expression. (prefer-arrow-callback)]]></failure></testcase>
<testcase time="0" name="org.eslint.space-before-function-paren"><failure message="Missing space before function parentheses."><![CDATA[line 74, col 32, Error - Missing space before function parentheses. (space-before-function-paren)]]></failure></testcase>
<testcase time="0" name="org.eslint.no-var"><failure message="Unexpected var, use let or const instead."><![CDATA[line 75, col 5, Error - Unexpected var, use let or const instead. (no-var)]]></failure></testcase>
<testcase time="0" name="org.eslint.no-undef"><failure message="&apos;sails&apos; is not defined."><![CDATA[line 75, col 33, Error - &apos;sails&apos; is not defined. (no-undef)]]></failure></testcase>
<testcase time="0" name="org.eslint.quotes"><failure message="Strings must use doublequote."><![CDATA[line 77, col 12, Error - Strings must use doublequote. (quotes)]]></failure></testcase>
<testcase time="0" name="org.eslint.func-names"><failure message="Unexpected unnamed function."><![CDATA[line 80, col 12, Warning - Unexpected unnamed function. (func-names)]]></failure></testcase>
<testcase time="0" name="org.eslint.prefer-arrow-callback"><failure message="Unexpected function expression."><![CDATA[line 80, col 12, Error - Unexpected function expression. (prefer-arrow-callback)]]></failure></testcase>
<testcase time="0" name="org.eslint.space-before-function-paren"><failure message="Missing space before function parentheses."><![CDATA[line 80, col 20, Error - Missing space before function parentheses. (space-before-function-paren)]]></failure></testcase>
<testcase time="0" name="org.eslint.no-unused-vars"><failure message="&apos;result&apos; is defined but never used."><![CDATA[line 80, col 26, Error - &apos;result&apos; is defined but never used. (no-unused-vars)]]></failure></testcase>
<testcase time="0" name="org.eslint.no-undef"><failure message="&apos;it&apos; is not defined."><![CDATA[line 90, col 3, Error - &apos;it&apos; is not defined. (no-undef)]]></failure></testcase>
<testcase time="0" name="org.eslint.quotes"><failure message="Strings must use doublequote."><![CDATA[line 90, col 6, Error - Strings must use doublequote. (quotes)]]></failure></testcase>
<testcase time="0" name="org.eslint.func-names"><failure message="Unexpected unnamed function."><![CDATA[line 90, col 22, Warning - Unexpected unnamed function. (func-names)]]></failure></testcase>
<testcase time="0" name="org.eslint.prefer-arrow-callback"><failure message="Unexpected function expression."><![CDATA[line 90, col 22, Error - Unexpected function expression. (prefer-arrow-callback)]]></failure></testcase>
<testcase time="0" name="org.eslint.space-before-function-paren"><failure message="Missing space before function parentheses."><![CDATA[line 90, col 30, Error - Missing space before function parentheses. (space-before-function-paren)]]></failure></testcase>
<testcase time="0" name="org.eslint.no-var"><failure message="Unexpected var, use let or const instead."><![CDATA[line 91, col 5, Error - Unexpected var, use let or const instead. (no-var)]]></failure></testcase>
<testcase time="0" name="org.eslint.no-undef"><failure message="&apos;sails&apos; is not defined."><![CDATA[line 91, col 33, Error - &apos;sails&apos; is not defined. (no-undef)]]></failure></testcase>
<testcase time="0" name="org.eslint.quotes"><failure message="Strings must use doublequote."><![CDATA[line 93, col 12, Error - Strings must use doublequote. (quotes)]]></failure></testcase>
<testcase time="0" name="org.eslint.func-names"><failure message="Unexpected unnamed function."><![CDATA[line 96, col 12, Warning - Unexpected unnamed function. (func-names)]]></failure></testcase>
<testcase time="0" name="org.eslint.prefer-arrow-callback"><failure message="Unexpected function expression."><![CDATA[line 96, col 12, Error - Unexpected function expression. (prefer-arrow-callback)]]></failure></testcase>
<testcase time="0" name="org.eslint.space-before-function-paren"><failure message="Missing space before function parentheses."><![CDATA[line 96, col 20, Error - Missing space before function parentheses. (space-before-function-paren)]]></failure></testcase>
<testcase time="0" name="org.eslint.no-undef"><failure message="&apos;it&apos; is not defined."><![CDATA[line 106, col 3, Error - &apos;it&apos; is not defined. (no-undef)]]></failure></testcase>
<testcase time="0" name="org.eslint.quotes"><failure message="Strings must use doublequote."><![CDATA[line 106, col 6, Error - Strings must use doublequote. (quotes)]]></failure></testcase>
<testcase time="0" name="org.eslint.prefer-arrow-callback"><failure message="Unexpected function expression."><![CDATA[line 106, col 26, Error - Unexpected function expression. (prefer-arrow-callback)]]></failure></testcase>
<testcase time="0" name="org.eslint.func-names"><failure message="Unexpected unnamed function."><![CDATA[line 106, col 26, Warning - Unexpected unnamed function. (func-names)]]></failure></testcase>
<testcase time="0" name="org.eslint.space-before-function-paren"><failure message="Missing space before function parentheses."><![CDATA[line 106, col 34, Error - Missing space before function parentheses. (space-before-function-paren)]]></failure></testcase>
<testcase time="0" name="org.eslint.no-var"><failure message="Unexpected var, use let or const instead."><![CDATA[line 107, col 5, Error - Unexpected var, use let or const instead. (no-var)]]></failure></testcase>
<testcase time="0" name="org.eslint.no-undef"><failure message="&apos;sails&apos; is not defined."><![CDATA[line 107, col 33, Error - &apos;sails&apos; is not defined. (no-undef)]]></failure></testcase>
<testcase time="0" name="org.eslint.quotes"><failure message="Strings must use doublequote."><![CDATA[line 109, col 12, Error - Strings must use doublequote. (quotes)]]></failure></testcase>
<testcase time="0" name="org.eslint.prefer-arrow-callback"><failure message="Unexpected function expression."><![CDATA[line 112, col 12, Error - Unexpected function expression. (prefer-arrow-callback)]]></failure></testcase>
<testcase time="0" name="org.eslint.func-names"><failure message="Unexpected unnamed function."><![CDATA[line 112, col 12, Warning - Unexpected unnamed function. (func-names)]]></failure></testcase>
<testcase time="0" name="org.eslint.space-before-function-paren"><failure message="Missing space before function parentheses."><![CDATA[line 112, col 20, Error - Missing space before function parentheses. (space-before-function-paren)]]></failure></testcase>
<testcase time="0" name="org.eslint.no-unused-vars"><failure message="&apos;result&apos; is defined but never used."><![CDATA[line 112, col 26, Error - &apos;result&apos; is defined but never used. (no-unused-vars)]]></failure></testcase>
<testcase time="0" name="org.eslint.no-undef"><failure message="&apos;it&apos; is not defined."><![CDATA[line 122, col 3, Error - &apos;it&apos; is not defined. (no-undef)]]></failure></testcase>
<testcase time="0" name="org.eslint.quotes"><failure message="Strings must use doublequote."><![CDATA[line 122, col 6, Error - Strings must use doublequote. (quotes)]]></failure></testcase>
<testcase time="0" name="org.eslint.prefer-arrow-callback"><failure message="Unexpected function expression."><![CDATA[line 122, col 25, Error - Unexpected function expression. (prefer-arrow-callback)]]></failure></testcase>
<testcase time="0" name="org.eslint.func-names"><failure message="Unexpected unnamed function."><![CDATA[line 122, col 25, Warning - Unexpected unnamed function. (func-names)]]></failure></testcase>
<testcase time="0" name="org.eslint.space-before-function-paren"><failure message="Missing space before function parentheses."><![CDATA[line 122, col 33, Error - Missing space before function parentheses. (space-before-function-paren)]]></failure></testcase>
<testcase time="0" name="org.eslint.no-var"><failure message="Unexpected var, use let or const instead."><![CDATA[line 123, col 5, Error - Unexpected var, use let or const instead. (no-var)]]></failure></testcase>
<testcase time="0" name="org.eslint.no-undef"><failure message="&apos;sails&apos; is not defined."><![CDATA[line 123, col 33, Error - &apos;sails&apos; is not defined. (no-undef)]]></failure></testcase>
<testcase time="0" name="org.eslint.quotes"><failure message="Strings must use doublequote."><![CDATA[line 125, col 15, Error - Strings must use doublequote. (quotes)]]></failure></testcase>
<testcase time="0" name="org.eslint.func-names"><failure message="Unexpected unnamed function."><![CDATA[line 128, col 12, Warning - Unexpected unnamed function. (func-names)]]></failure></testcase>
<testcase time="0" name="org.eslint.prefer-arrow-callback"><failure message="Unexpected function expression."><![CDATA[line 128, col 12, Error - Unexpected function expression. (prefer-arrow-callback)]]></failure></testcase>
<testcase time="0" name="org.eslint.space-before-function-paren"><failure message="Missing space before function parentheses."><![CDATA[line 128, col 20, Error - Missing space before function parentheses. (space-before-function-paren)]]></failure></testcase>
<testcase time="0" name="org.eslint.no-unused-vars"><failure message="&apos;result&apos; is defined but never used."><![CDATA[line 128, col 26, Error - &apos;result&apos; is defined but never used. (no-unused-vars)]]></failure></testcase>
<testcase time="0" name="org.eslint.no-undef"><failure message="&apos;it&apos; is not defined."><![CDATA[line 138, col 3, Error - &apos;it&apos; is not defined. (no-undef)]]></failure></testcase>
<testcase time="0" name="org.eslint.quotes"><failure message="Strings must use doublequote."><![CDATA[line 138, col 6, Error - Strings must use doublequote. (quotes)]]></failure></testcase>
<testcase time="0" name="org.eslint.func-names"><failure message="Unexpected unnamed function."><![CDATA[line 138, col 29, Warning - Unexpected unnamed function. (func-names)]]></failure></testcase>
<testcase time="0" name="org.eslint.prefer-arrow-callback"><failure message="Unexpected function expression."><![CDATA[line 138, col 29, Error - Unexpected function expression. (prefer-arrow-callback)]]></failure></testcase>
<testcase time="0" name="org.eslint.space-before-function-paren"><failure message="Missing space before function parentheses."><![CDATA[line 138, col 37, Error - Missing space before function parentheses. (space-before-function-paren)]]></failure></testcase>
<testcase time="0" name="org.eslint.no-var"><failure message="Unexpected var, use let or const instead."><![CDATA[line 139, col 5, Error - Unexpected var, use let or const instead. (no-var)]]></failure></testcase>
<testcase time="0" name="org.eslint.no-undef"><failure message="&apos;sails&apos; is not defined."><![CDATA[line 139, col 33, Error - &apos;sails&apos; is not defined. (no-undef)]]></failure></testcase>
<testcase time="0" name="org.eslint.quotes"><failure message="Strings must use doublequote."><![CDATA[line 141, col 15, Error - Strings must use doublequote. (quotes)]]></failure></testcase>
<testcase time="0" name="org.eslint.func-names"><failure message="Unexpected unnamed function."><![CDATA[line 144, col 12, Warning - Unexpected unnamed function. (func-names)]]></failure></testcase>
<testcase time="0" name="org.eslint.prefer-arrow-callback"><failure message="Unexpected function expression."><![CDATA[line 144, col 12, Error - Unexpected function expression. (prefer-arrow-callback)]]></failure></testcase>
<testcase time="0" name="org.eslint.space-before-function-paren"><failure message="Missing space before function parentheses."><![CDATA[line 144, col 20, Error - Missing space before function parentheses. (space-before-function-paren)]]></failure></testcase>
<testcase time="0" name="org.eslint.no-unused-vars"><failure message="&apos;result&apos; is defined but never used."><![CDATA[line 144, col 26, Error - &apos;result&apos; is defined but never used. (no-unused-vars)]]></failure></testcase>
<testcase time="0" name="org.eslint.no-undef"><failure message="&apos;it&apos; is not defined."><![CDATA[line 154, col 3, Error - &apos;it&apos; is not defined. (no-undef)]]></failure></testcase>
<testcase time="0" name="org.eslint.quotes"><failure message="Strings must use doublequote."><![CDATA[line 154, col 6, Error - Strings must use doublequote. (quotes)]]></failure></testcase>
<testcase time="0" name="org.eslint.prefer-arrow-callback"><failure message="Unexpected function expression."><![CDATA[line 154, col 28, Error - Unexpected function expression. (prefer-arrow-callback)]]></failure></testcase>
<testcase time="0" name="org.eslint.func-names"><failure message="Unexpected unnamed function."><![CDATA[line 154, col 28, Warning - Unexpected unnamed function. (func-names)]]></failure></testcase>
<testcase time="0" name="org.eslint.space-before-function-paren"><failure message="Missing space before function parentheses."><![CDATA[line 154, col 36, Error - Missing space before function parentheses. (space-before-function-paren)]]></failure></testcase>
<testcase time="0" name="org.eslint.no-var"><failure message="Unexpected var, use let or const instead."><![CDATA[line 155, col 5, Error - Unexpected var, use let or const instead. (no-var)]]></failure></testcase>
<testcase time="0" name="org.eslint.no-undef"><failure message="&apos;sails&apos; is not defined."><![CDATA[line 155, col 33, Error - &apos;sails&apos; is not defined. (no-undef)]]></failure></testcase>
<testcase time="0" name="org.eslint.quotes"><failure message="Strings must use doublequote."><![CDATA[line 157, col 15, Error - Strings must use doublequote. (quotes)]]></failure></testcase>
<testcase time="0" name="org.eslint.prefer-arrow-callback"><failure message="Unexpected function expression."><![CDATA[line 160, col 12, Error - Unexpected function expression. (prefer-arrow-callback)]]></failure></testcase>
<testcase time="0" name="org.eslint.func-names"><failure message="Unexpected unnamed function."><![CDATA[line 160, col 12, Warning - Unexpected unnamed function. (func-names)]]></failure></testcase>
<testcase time="0" name="org.eslint.space-before-function-paren"><failure message="Missing space before function parentheses."><![CDATA[line 160, col 20, Error - Missing space before function parentheses. (space-before-function-paren)]]></failure></testcase>
<testcase time="0" name="org.eslint.no-unused-vars"><failure message="&apos;result&apos; is defined but never used."><![CDATA[line 160, col 26, Error - &apos;result&apos; is defined but never used. (no-unused-vars)]]></failure></testcase>
<testcase time="0" name="org.eslint.padded-blocks"><failure message="Block must not be padded by blank lines."><![CDATA[line 171, col 1, Error - Block must not be padded by blank lines. (padded-blocks)]]></failure></testcase>
<testcase time="0" name="org.eslint.eol-last"><failure message="Newline required at end of file but not found."><![CDATA[line 171, col 4, Error - Newline required at end of file but not found. (eol-last)]]></failure></testcase>
</testsuite>
<testsuite package="org.eslint" time="0" tests="185" errors="185" name="/home/azureuser/Documents/test-sailjs/test/controllers/VarientController.test.js">
<testcase time="0" name="org.eslint.no-var"><failure message="Unexpected var, use let or const instead."><![CDATA[line 1, col 1, Error - Unexpected var, use let or const instead. (no-var)]]></failure></testcase>
<testcase time="0" name="org.eslint.quotes"><failure message="Strings must use doublequote."><![CDATA[line 1, col 25, Error - Strings must use doublequote. (quotes)]]></failure></testcase>
<testcase time="0" name="org.eslint.no-var"><failure message="Unexpected var, use let or const instead."><![CDATA[line 2, col 1, Error - Unexpected var, use let or const instead. (no-var)]]></failure></testcase>
<testcase time="0" name="org.eslint.no-unused-vars"><failure message="&apos;assert&apos; is assigned a value but never used."><![CDATA[line 2, col 5, Error - &apos;assert&apos; is assigned a value but never used. (no-unused-vars)]]></failure></testcase>
<testcase time="0" name="org.eslint.quotes"><failure message="Strings must use doublequote."><![CDATA[line 2, col 22, Error - Strings must use doublequote. (quotes)]]></failure></testcase>
<testcase time="0" name="org.eslint.quotes"><failure message="Strings must use doublequote."><![CDATA[line 4, col 9, Error - Strings must use doublequote. (quotes)]]></failure></testcase>
<testcase time="0" name="org.eslint.no-var"><failure message="Unexpected var, use let or const instead."><![CDATA[line 6, col 1, Error - Unexpected var, use let or const instead. (no-var)]]></failure></testcase>
<testcase time="0" name="org.eslint.vars-on-top"><failure message="All &apos;var&apos; declarations must be at the top of the function scope."><![CDATA[line 6, col 1, Error - All &apos;var&apos; declarations must be at the top of the function scope. (vars-on-top)]]></failure></testcase>
<testcase time="0" name="org.eslint.no-unused-vars"><failure message="&apos;accessories&apos; is assigned a value but never used."><![CDATA[line 6, col 5, Error - &apos;accessories&apos; is assigned a value but never used. (no-unused-vars)]]></failure></testcase>
<testcase time="0" name="org.eslint.quotes"><failure message="Strings must use doublequote."><![CDATA[line 6, col 27, Error - Strings must use doublequote. (quotes)]]></failure></testcase>
<testcase time="0" name="org.eslint.no-var"><failure message="Unexpected var, use let or const instead."><![CDATA[line 7, col 1, Error - Unexpected var, use let or const instead. (no-var)]]></failure></testcase>
<testcase time="0" name="org.eslint.vars-on-top"><failure message="All &apos;var&apos; declarations must be at the top of the function scope."><![CDATA[line 7, col 1, Error - All &apos;var&apos; declarations must be at the top of the function scope. (vars-on-top)]]></failure></testcase>
<testcase time="0" name="org.eslint.quotes"><failure message="Strings must use doublequote."><![CDATA[line 7, col 24, Error - Strings must use doublequote. (quotes)]]></failure></testcase>
<testcase time="0" name="org.eslint.no-unused-vars"><failure message="&apos;agent&apos; is assigned a value but never used."><![CDATA[line 8, col 9, Error - &apos;agent&apos; is assigned a value but never used. (no-unused-vars)]]></failure></testcase>
<testcase time="0" name="org.eslint.quotes"><failure message="Strings must use doublequote."><![CDATA[line 8, col 27, Error - Strings must use doublequote. (quotes)]]></failure></testcase>
<testcase time="0" name="org.eslint.no-undef"><failure message="&apos;describe&apos; is not defined."><![CDATA[line 10, col 1, Error - &apos;describe&apos; is not defined. (no-undef)]]></failure></testcase>
<testcase time="0" name="org.eslint.quotes"><failure message="Strings must use doublequote."><![CDATA[line 10, col 10, Error - Strings must use doublequote. (quotes)]]></failure></testcase>
<testcase time="0" name="org.eslint.func-names"><failure message="Unexpected unnamed function."><![CDATA[line 10, col 32, Warning - Unexpected unnamed function. (func-names)]]></failure></testcase>
<testcase time="0" name="org.eslint.prefer-arrow-callback"><failure message="Unexpected function expression."><![CDATA[line 10, col 32, Error - Unexpected function expression. (prefer-arrow-callback)]]></failure></testcase>
<testcase time="0" name="org.eslint.space-before-function-paren"><failure message="Missing space before function parentheses."><![CDATA[line 10, col 40, Error - Missing space before function parentheses. (space-before-function-paren)]]></failure></testcase>
<testcase time="0" name="org.eslint.padded-blocks"><failure message="Block must not be padded by blank lines."><![CDATA[line 10, col 43, Error - Block must not be padded by blank lines. (padded-blocks)]]></failure></testcase>
<testcase time="0" name="org.eslint.no-trailing-spaces"><failure message="Trailing spaces not allowed."><![CDATA[line 11, col 1, Error - Trailing spaces not allowed. (no-trailing-spaces)]]></failure></testcase>
<testcase time="0" name="org.eslint.no-undef"><failure message="&apos;it&apos; is not defined."><![CDATA[line 12, col 3, Error - &apos;it&apos; is not defined. (no-undef)]]></failure></testcase>
<testcase time="0" name="org.eslint.quotes"><failure message="Strings must use doublequote."><![CDATA[line 12, col 6, Error - Strings must use doublequote. (quotes)]]></failure></testcase>
<testcase time="0" name="org.eslint.prefer-arrow-callback"><failure message="Unexpected function expression."><![CDATA[line 12, col 22, Error - Unexpected function expression. (prefer-arrow-callback)]]></failure></testcase>
<testcase time="0" name="org.eslint.func-names"><failure message="Unexpected unnamed function."><![CDATA[line 12, col 22, Warning - Unexpected unnamed function. (func-names)]]></failure></testcase>
<testcase time="0" name="org.eslint.space-before-function-paren"><failure message="Missing space before function parentheses."><![CDATA[line 12, col 30, Error - Missing space before function parentheses. (space-before-function-paren)]]></failure></testcase>
<testcase time="0" name="org.eslint.no-var"><failure message="Unexpected var, use let or const instead."><![CDATA[line 13, col 5, Error - Unexpected var, use let or const instead. (no-var)]]></failure></testcase>
<testcase time="0" name="org.eslint.no-shadow"><failure message="&apos;agent&apos; is already declared in the upper scope."><![CDATA[line 13, col 9, Error - &apos;agent&apos; is already declared in the upper scope. (no-shadow)]]></failure></testcase>
<testcase time="0" name="org.eslint.no-undef"><failure message="&apos;sails&apos; is not defined."><![CDATA[line 13, col 33, Error - &apos;sails&apos; is not defined. (no-undef)]]></failure></testcase>
<testcase time="0" name="org.eslint.quotes"><failure message="Strings must use doublequote."><![CDATA[line 15, col 12, Error - Strings must use doublequote. (quotes)]]></failure></testcase>
<testcase time="0" name="org.eslint.func-names"><failure message="Unexpected unnamed function."><![CDATA[line 18, col 12, Warning - Unexpected unnamed function. (func-names)]]></failure></testcase>
<testcase time="0" name="org.eslint.prefer-arrow-callback"><failure message="Unexpected function expression."><![CDATA[line 18, col 12, Error - Unexpected function expression. (prefer-arrow-callback)]]></failure></testcase>
<testcase time="0" name="org.eslint.space-before-function-paren"><failure message="Missing space before function parentheses."><![CDATA[line 18, col 20, Error - Missing space before function parentheses. (space-before-function-paren)]]></failure></testcase>
<testcase time="0" name="org.eslint.no-undef"><failure message="&apos;it&apos; is not defined."><![CDATA[line 28, col 3, Error - &apos;it&apos; is not defined. (no-undef)]]></failure></testcase>
<testcase time="0" name="org.eslint.quotes"><failure message="Strings must use doublequote."><![CDATA[line 28, col 6, Error - Strings must use doublequote. (quotes)]]></failure></testcase>
<testcase time="0" name="org.eslint.func-names"><failure message="Unexpected unnamed function."><![CDATA[line 28, col 23, Warning - Unexpected unnamed function. (func-names)]]></failure></testcase>
<testcase time="0" name="org.eslint.prefer-arrow-callback"><failure message="Unexpected function expression."><![CDATA[line 28, col 23, Error - Unexpected function expression. (prefer-arrow-callback)]]></failure></testcase>
<testcase time="0" name="org.eslint.space-before-function-paren"><failure message="Missing space before function parentheses."><![CDATA[line 28, col 31, Error - Missing space before function parentheses. (space-before-function-paren)]]></failure></testcase>
<testcase time="0" name="org.eslint.no-var"><failure message="Unexpected var, use let or const instead."><![CDATA[line 29, col 5, Error - Unexpected var, use let or const instead. (no-var)]]></failure></testcase>
<testcase time="0" name="org.eslint.no-shadow"><failure message="&apos;agent&apos; is already declared in the upper scope."><![CDATA[line 29, col 9, Error - &apos;agent&apos; is already declared in the upper scope. (no-shadow)]]></failure></testcase>
<testcase time="0" name="org.eslint.no-undef"><failure message="&apos;sails&apos; is not defined."><![CDATA[line 29, col 33, Error - &apos;sails&apos; is not defined. (no-undef)]]></failure></testcase>
<testcase time="0" name="org.eslint.quotes"><failure message="Strings must use doublequote."><![CDATA[line 31, col 13, Error - Strings must use doublequote. (quotes)]]></failure></testcase>
<testcase time="0" name="org.eslint.prefer-arrow-callback"><failure message="Unexpected function expression."><![CDATA[line 34, col 12, Error - Unexpected function expression. (prefer-arrow-callback)]]></failure></testcase>
<testcase time="0" name="org.eslint.func-names"><failure message="Unexpected unnamed function."><![CDATA[line 34, col 12, Warning - Unexpected unnamed function. (func-names)]]></failure></testcase>
<testcase time="0" name="org.eslint.space-before-function-paren"><failure message="Missing space before function parentheses."><![CDATA[line 34, col 20, Error - Missing space before function parentheses. (space-before-function-paren)]]></failure></testcase>
<testcase time="0" name="org.eslint.no-unused-vars"><failure message="&apos;result&apos; is defined but never used."><![CDATA[line 34, col 26, Error - &apos;result&apos; is defined but never used. (no-unused-vars)]]></failure></testcase>
<testcase time="0" name="org.eslint.no-undef"><failure message="&apos;it&apos; is not defined."><![CDATA[line 44, col 3, Error - &apos;it&apos; is not defined. (no-undef)]]></failure></testcase>
<testcase time="0" name="org.eslint.quotes"><failure message="Strings must use doublequote."><![CDATA[line 44, col 6, Error - Strings must use doublequote. (quotes)]]></failure></testcase>
<testcase time="0" name="org.eslint.func-names"><failure message="Unexpected unnamed function."><![CDATA[line 44, col 23, Warning - Unexpected unnamed function. (func-names)]]></failure></testcase>
<testcase time="0" name="org.eslint.prefer-arrow-callback"><failure message="Unexpected function expression."><![CDATA[line 44, col 23, Error - Unexpected function expression. (prefer-arrow-callback)]]></failure></testcase>
<testcase time="0" name="org.eslint.space-before-function-paren"><failure message="Missing space before function parentheses."><![CDATA[line 44, col 31, Error - Missing space before function parentheses. (space-before-function-paren)]]></failure></testcase>
<testcase time="0" name="org.eslint.no-var"><failure message="Unexpected var, use let or const instead."><![CDATA[line 45, col 5, Error - Unexpected var, use let or const instead. (no-var)]]></failure></testcase>
<testcase time="0" name="org.eslint.no-shadow"><failure message="&apos;agent&apos; is already declared in the upper scope."><![CDATA[line 45, col 9, Error - &apos;agent&apos; is already declared in the upper scope. (no-shadow)]]></failure></testcase>
<testcase time="0" name="org.eslint.no-undef"><failure message="&apos;sails&apos; is not defined."><![CDATA[line 45, col 33, Error - &apos;sails&apos; is not defined. (no-undef)]]></failure></testcase>
<testcase time="0" name="org.eslint.quotes"><failure message="Strings must use doublequote."><![CDATA[line 47, col 13, Error - Strings must use doublequote. (quotes)]]></failure></testcase>
<testcase time="0" name="org.eslint.space-in-parens"><failure message="There should be no spaces inside this paren."><![CDATA[line 48, col 12, Error - There should be no spaces inside this paren. (space-in-parens)]]></failure></testcase>
<testcase time="0" name="org.eslint.quote-props"><failure message="Unnecessarily quoted property &apos;name&apos; found."><![CDATA[line 49, col 9, Error - Unnecessarily quoted property &apos;name&apos; found. (quote-props)]]></failure></testcase>
<testcase time="0" name="org.eslint.quote-props"><failure message="Unnecessarily quoted property &apos;type&apos; found."><![CDATA[line 50, col 9, Error - Unnecessarily quoted property &apos;type&apos; found. (quote-props)]]></failure></testcase>
<testcase time="0" name="org.eslint.quote-props"><failure message="Unnecessarily quoted property &apos;capacity&apos; found."><![CDATA[line 51, col 9, Error - Unnecessarily quoted property &apos;capacity&apos; found. (quote-props)]]></failure></testcase>
<testcase time="0" name="org.eslint.quote-props"><failure message="Unnecessarily quoted property &apos;price&apos; found."><![CDATA[line 52, col 9, Error - Unnecessarily quoted property &apos;price&apos; found. (quote-props)]]></failure></testcase>
<testcase time="0" name="org.eslint.comma-dangle"><failure message="Missing trailing comma."><![CDATA[line 52, col 29, Error - Missing trailing comma. (comma-dangle)]]></failure></testcase>
<testcase time="0" name="org.eslint.prefer-arrow-callback"><failure message="Unexpected function expression."><![CDATA[line 56, col 12, Error - Unexpected function expression. (prefer-arrow-callback)]]></failure></testcase>
<testcase time="0" name="org.eslint.func-names"><failure message="Unexpected unnamed function."><![CDATA[line 56, col 12, Warning - Unexpected unnamed function. (func-names)]]></failure></testcase>
<testcase time="0" name="org.eslint.space-before-function-paren"><failure message="Missing space before function parentheses."><![CDATA[line 56, col 20, Error - Missing space before function parentheses. (space-before-function-paren)]]></failure></testcase>
<testcase time="0" name="org.eslint.no-unused-vars"><failure message="&apos;result&apos; is defined but never used."><![CDATA[line 56, col 26, Error - &apos;result&apos; is defined but never used. (no-unused-vars)]]></failure></testcase>
<testcase time="0" name="org.eslint.no-undef"><failure message="&apos;it&apos; is not defined."><![CDATA[line 66, col 3, Error - &apos;it&apos; is not defined. (no-undef)]]></failure></testcase>
<testcase time="0" name="org.eslint.quotes"><failure message="Strings must use doublequote."><![CDATA[line 66, col 6, Error - Strings must use doublequote. (quotes)]]></failure></testcase>
<testcase time="0" name="org.eslint.func-names"><failure message="Unexpected unnamed function."><![CDATA[line 66, col 22, Warning - Unexpected unnamed function. (func-names)]]></failure></testcase>
<testcase time="0" name="org.eslint.prefer-arrow-callback"><failure message="Unexpected function expression."><![CDATA[line 66, col 22, Error - Unexpected function expression. (prefer-arrow-callback)]]></failure></testcase>
<testcase time="0" name="org.eslint.space-before-function-paren"><failure message="Missing space before function parentheses."><![CDATA[line 66, col 30, Error - Missing space before function parentheses. (space-before-function-paren)]]></failure></testcase>
<testcase time="0" name="org.eslint.no-var"><failure message="Unexpected var, use let or const instead."><![CDATA[line 67, col 5, Error - Unexpected var, use let or const instead. (no-var)]]></failure></testcase>
<testcase time="0" name="org.eslint.no-shadow"><failure message="&apos;agent&apos; is already declared in the upper scope."><![CDATA[line 67, col 9, Error - &apos;agent&apos; is already declared in the upper scope. (no-shadow)]]></failure></testcase>
<testcase time="0" name="org.eslint.no-undef"><failure message="&apos;sails&apos; is not defined."><![CDATA[line 67, col 33, Error - &apos;sails&apos; is not defined. (no-undef)]]></failure></testcase>
<testcase time="0" name="org.eslint.quotes"><failure message="Strings must use doublequote."><![CDATA[line 69, col 12, Error - Strings must use doublequote. (quotes)]]></failure></testcase>
<testcase time="0" name="org.eslint.func-names"><failure message="Unexpected unnamed function."><![CDATA[line 72, col 12, Warning - Unexpected unnamed function. (func-names)]]></failure></testcase>
<testcase time="0" name="org.eslint.prefer-arrow-callback"><failure message="Unexpected function expression."><![CDATA[line 72, col 12, Error - Unexpected function expression. (prefer-arrow-callback)]]></failure></testcase>
<testcase time="0" name="org.eslint.space-before-function-paren"><failure message="Missing space before function parentheses."><![CDATA[line 72, col 20, Error - Missing space before function parentheses. (space-before-function-paren)]]></failure></testcase>
<testcase time="0" name="org.eslint.no-unused-vars"><failure message="&apos;result&apos; is defined but never used."><![CDATA[line 72, col 26, Error - &apos;result&apos; is defined but never used. (no-unused-vars)]]></failure></testcase>
<testcase time="0" name="org.eslint.no-undef"><failure message="&apos;it&apos; is not defined."><![CDATA[line 82, col 3, Error - &apos;it&apos; is not defined. (no-undef)]]></failure></testcase>
<testcase time="0" name="org.eslint.quotes"><failure message="Strings must use doublequote."><![CDATA[line 82, col 6, Error - Strings must use doublequote. (quotes)]]></failure></testcase>
<testcase time="0" name="org.eslint.prefer-arrow-callback"><failure message="Unexpected function expression."><![CDATA[line 82, col 22, Error - Unexpected function expression. (prefer-arrow-callback)]]></failure></testcase>
<testcase time="0" name="org.eslint.func-names"><failure message="Unexpected unnamed function."><![CDATA[line 82, col 22, Warning - Unexpected unnamed function. (func-names)]]></failure></testcase>
<testcase time="0" name="org.eslint.space-before-function-paren"><failure message="Missing space before function parentheses."><![CDATA[line 82, col 30, Error - Missing space before function parentheses. (space-before-function-paren)]]></failure></testcase>
<testcase time="0" name="org.eslint.no-var"><failure message="Unexpected var, use let or const instead."><![CDATA[line 83, col 5, Error - Unexpected var, use let or const instead. (no-var)]]></failure></testcase>
<testcase time="0" name="org.eslint.no-shadow"><failure message="&apos;agent&apos; is already declared in the upper scope."><![CDATA[line 83, col 9, Error - &apos;agent&apos; is already declared in the upper scope. (no-shadow)]]></failure></testcase>
<testcase time="0" name="org.eslint.no-undef"><failure message="&apos;sails&apos; is not defined."><![CDATA[line 83, col 33, Error - &apos;sails&apos; is not defined. (no-undef)]]></failure></testcase>
<testcase time="0" name="org.eslint.quotes"><failure message="Strings must use doublequote."><![CDATA[line 85, col 12, Error - Strings must use doublequote. (quotes)]]></failure></testcase>
<testcase time="0" name="org.eslint.prefer-arrow-callback"><failure message="Unexpected function expression."><![CDATA[line 88, col 12, Error - Unexpected function expression. (prefer-arrow-callback)]]></failure></testcase>
<testcase time="0" name="org.eslint.func-names"><failure message="Unexpected unnamed function."><![CDATA[line 88, col 12, Warning - Unexpected unnamed function. (func-names)]]></failure></testcase>
<testcase time="0" name="org.eslint.space-before-function-paren"><failure message="Missing space before function parentheses."><![CDATA[line 88, col 20, Error - Missing space before function parentheses. (space-before-function-paren)]]></failure></testcase>
<testcase time="0" name="org.eslint.no-unused-vars"><failure message="&apos;result&apos; is defined but never used."><![CDATA[line 88, col 26, Error - &apos;result&apos; is defined but never used. (no-unused-vars)]]></failure></testcase>
<testcase time="0" name="org.eslint.no-undef"><failure message="&apos;it&apos; is not defined."><![CDATA[line 98, col 3, Error - &apos;it&apos; is not defined. (no-undef)]]></failure></testcase>
<testcase time="0" name="org.eslint.quotes"><failure message="Strings must use doublequote."><![CDATA[line 98, col 6, Error - Strings must use doublequote. (quotes)]]></failure></testcase>
<testcase time="0" name="org.eslint.func-names"><failure message="Unexpected unnamed function."><![CDATA[line 98, col 25, Warning - Unexpected unnamed function. (func-names)]]></failure></testcase>
<testcase time="0" name="org.eslint.prefer-arrow-callback"><failure message="Unexpected function expression."><![CDATA[line 98, col 25, Error - Unexpected function expression. (prefer-arrow-callback)]]></failure></testcase>
<testcase time="0" name="org.eslint.space-before-function-paren"><failure message="Missing space before function parentheses."><![CDATA[line 98, col 33, Error - Missing space before function parentheses. (space-before-function-paren)]]></failure></testcase>
<testcase time="0" name="org.eslint.no-var"><failure message="Unexpected var, use let or const instead."><![CDATA[line 99, col 5, Error - Unexpected var, use let or const instead. (no-var)]]></failure></testcase>
<testcase time="0" name="org.eslint.no-shadow"><failure message="&apos;agent&apos; is already declared in the upper scope."><![CDATA[line 99, col 9, Error - &apos;agent&apos; is already declared in the upper scope. (no-shadow)]]></failure></testcase>
<testcase time="0" name="org.eslint.no-undef"><failure message="&apos;sails&apos; is not defined."><![CDATA[line 99, col 33, Error - &apos;sails&apos; is not defined. (no-undef)]]></failure></testcase>
<testcase time="0" name="org.eslint.quotes"><failure message="Strings must use doublequote."><![CDATA[line 101, col 15, Error - Strings must use doublequote. (quotes)]]></failure></testcase>
<testcase time="0" name="org.eslint.func-names"><failure message="Unexpected unnamed function."><![CDATA[line 104, col 12, Warning - Unexpected unnamed function. (func-names)]]></failure></testcase>
<testcase time="0" name="org.eslint.prefer-arrow-callback"><failure message="Unexpected function expression."><![CDATA[line 104, col 12, Error - Unexpected function expression. (prefer-arrow-callback)]]></failure></testcase>
<testcase time="0" name="org.eslint.space-before-function-paren"><failure message="Missing space before function parentheses."><![CDATA[line 104, col 20, Error - Missing space before function parentheses. (space-before-function-paren)]]></failure></testcase>
<testcase time="0" name="org.eslint.no-unused-vars"><failure message="&apos;result&apos; is defined but never used."><![CDATA[line 104, col 26, Error - &apos;result&apos; is defined but never used. (no-unused-vars)]]></failure></testcase>
<testcase time="0" name="org.eslint.no-undef"><failure message="&apos;it&apos; is not defined."><![CDATA[line 114, col 3, Error - &apos;it&apos; is not defined. (no-undef)]]></failure></testcase>
<testcase time="0" name="org.eslint.quotes"><failure message="Strings must use doublequote."><![CDATA[line 114, col 6, Error - Strings must use doublequote. (quotes)]]></failure></testcase>
<testcase time="0" name="org.eslint.func-names"><failure message="Unexpected unnamed function."><![CDATA[line 114, col 25, Warning - Unexpected unnamed function. (func-names)]]></failure></testcase>
<testcase time="0" name="org.eslint.prefer-arrow-callback"><failure message="Unexpected function expression."><![CDATA[line 114, col 25, Error - Unexpected function expression. (prefer-arrow-callback)]]></failure></testcase>
<testcase time="0" name="org.eslint.space-before-function-paren"><failure message="Missing space before function parentheses."><![CDATA[line 114, col 33, Error - Missing space before function parentheses. (space-before-function-paren)]]></failure></testcase>
<testcase time="0" name="org.eslint.no-var"><failure message="Unexpected var, use let or const instead."><![CDATA[line 115, col 5, Error - Unexpected var, use let or const instead. (no-var)]]></failure></testcase>
<testcase time="0" name="org.eslint.no-shadow"><failure message="&apos;agent&apos; is already declared in the upper scope."><![CDATA[line 115, col 9, Error - &apos;agent&apos; is already declared in the upper scope. (no-shadow)]]></failure></testcase>
<testcase time="0" name="org.eslint.no-undef"><failure message="&apos;sails&apos; is not defined."><![CDATA[line 115, col 33, Error - &apos;sails&apos; is not defined. (no-undef)]]></failure></testcase>
<testcase time="0" name="org.eslint.quotes"><failure message="Strings must use doublequote."><![CDATA[line 117, col 15, Error - Strings must use doublequote. (quotes)]]></failure></testcase>
<testcase time="0" name="org.eslint.prefer-arrow-callback"><failure message="Unexpected function expression."><![CDATA[line 120, col 12, Error - Unexpected function expression. (prefer-arrow-callback)]]></failure></testcase>
<testcase time="0" name="org.eslint.func-names"><failure message="Unexpected unnamed function."><![CDATA[line 120, col 12, Warning - Unexpected unnamed function. (func-names)]]></failure></testcase>
<testcase time="0" name="org.eslint.space-before-function-paren"><failure message="Missing space before function parentheses."><![CDATA[line 120, col 20, Error - Missing space before function parentheses. (space-before-function-paren)]]></failure></testcase>
<testcase time="0" name="org.eslint.no-unused-vars"><failure message="&apos;result&apos; is defined but never used."><![CDATA[line 120, col 26, Error - &apos;result&apos; is defined but never used. (no-unused-vars)]]></failure></testcase>
<testcase time="0" name="org.eslint.no-undef"><failure message="&apos;it&apos; is not defined."><![CDATA[line 130, col 3, Error - &apos;it&apos; is not defined. (no-undef)]]></failure></testcase>
<testcase time="0" name="org.eslint.quotes"><failure message="Strings must use doublequote."><![CDATA[line 130, col 6, Error - Strings must use doublequote. (quotes)]]></failure></testcase>
<testcase time="0" name="org.eslint.prefer-arrow-callback"><failure message="Unexpected function expression."><![CDATA[line 130, col 29, Error - Unexpected function expression. (prefer-arrow-callback)]]></failure></testcase>
<testcase time="0" name="org.eslint.func-names"><failure message="Unexpected unnamed function."><![CDATA[line 130, col 29, Warning - Unexpected unnamed function. (func-names)]]></failure></testcase>
<testcase time="0" name="org.eslint.space-before-function-paren"><failure message="Missing space before function parentheses."><![CDATA[line 130, col 37, Error - Missing space before function parentheses. (space-before-function-paren)]]></failure></testcase>
<testcase time="0" name="org.eslint.no-var"><failure message="Unexpected var, use let or const instead."><![CDATA[line 131, col 5, Error - Unexpected var, use let or const instead. (no-var)]]></failure></testcase>
<testcase time="0" name="org.eslint.no-shadow"><failure message="&apos;agent&apos; is already declared in the upper scope."><![CDATA[line 131, col 9, Error - &apos;agent&apos; is already declared in the upper scope. (no-shadow)]]></failure></testcase>
<testcase time="0" name="org.eslint.no-undef"><failure message="&apos;sails&apos; is not defined."><![CDATA[line 131, col 33, Error - &apos;sails&apos; is not defined. (no-undef)]]></failure></testcase>
<testcase time="0" name="org.eslint.prefer-const"><failure message="&apos;param&apos; is never reassigned. Use &apos;const&apos; instead."><![CDATA[line 132, col 9, Error - &apos;param&apos; is never reassigned. Use &apos;const&apos; instead. (prefer-const)]]></failure></testcase>
<testcase time="0" name="org.eslint.no-multi-spaces"><failure message="Multiple spaces found before &apos;=&apos;."><![CDATA[line 132, col 16, Error - Multiple spaces found before &apos;=&apos;. (no-multi-spaces)]]></failure></testcase>
<testcase time="0" name="org.eslint.space-in-parens"><failure message="There should be no spaces inside this paren."><![CDATA[line 132, col 32, Error - There should be no spaces inside this paren. (space-in-parens)]]></failure></testcase>
<testcase time="0" name="org.eslint.no-multi-spaces"><failure message="Multiple spaces found before &apos;{&apos;."><![CDATA[line 132, col 35, Error - Multiple spaces found before &apos;{&apos;. (no-multi-spaces)]]></failure></testcase>
<testcase time="0" name="org.eslint.quote-props"><failure message="Unnecessarily quoted property &apos;name&apos; found."><![CDATA[line 133, col 7, Error - Unnecessarily quoted property &apos;name&apos; found. (quote-props)]]></failure></testcase>
<testcase time="0" name="org.eslint.key-spacing"><failure message="Missing space before value for key &apos;name&apos;."><![CDATA[line 133, col 14, Error - Missing space before value for key &apos;name&apos;. (key-spacing)]]></failure></testcase>
<testcase time="0" name="org.eslint.quote-props"><failure message="Unnecessarily quoted property &apos;contains&apos; found."><![CDATA[line 134, col 9, Error - Unnecessarily quoted property &apos;contains&apos; found. (quote-props)]]></failure></testcase>
<testcase time="0" name="org.eslint.key-spacing"><failure message="Missing space before value for key &apos;contains&apos;."><![CDATA[line 134, col 20, Error - Missing space before value for key &apos;contains&apos;. (key-spacing)]]></failure></testcase>
<testcase time="0" name="org.eslint.comma-dangle"><failure message="Missing trailing comma."><![CDATA[line 134, col 24, Error - Missing trailing comma. (comma-dangle)]]></failure></testcase>
<testcase time="0" name="org.eslint.comma-dangle"><failure message="Missing trailing comma."><![CDATA[line 135, col 8, Error - Missing trailing comma. (comma-dangle)]]></failure></testcase>
<testcase time="0" name="org.eslint.quotes"><failure message="Strings must use doublequote."><![CDATA[line 139, col 12, Error - Strings must use doublequote. (quotes)]]></failure></testcase>
<testcase time="0" name="org.eslint.prefer-template"><failure message="Unexpected string concatenation."><![CDATA[line 139, col 12, Error - Unexpected string concatenation. (prefer-template)]]></failure></testcase>
<testcase time="0" name="org.eslint.space-infix-ops"><failure message="Infix operators must be spaced."><![CDATA[line 139, col 36, Error - Infix operators must be spaced. (space-infix-ops)]]></failure></testcase>
<testcase time="0" name="org.eslint.prefer-arrow-callback"><failure message="Unexpected function expression."><![CDATA[line 142, col 12, Error - Unexpected function expression. (prefer-arrow-callback)]]></failure></testcase>
<testcase time="0" name="org.eslint.func-names"><failure message="Unexpected unnamed function."><![CDATA[line 142, col 12, Warning - Unexpected unnamed function. (func-names)]]></failure></testcase>
<testcase time="0" name="org.eslint.space-before-function-paren"><failure message="Missing space before function parentheses."><![CDATA[line 142, col 20, Error - Missing space before function parentheses. (space-before-function-paren)]]></failure></testcase>
<testcase time="0" name="org.eslint.no-unused-vars"><failure message="&apos;result&apos; is defined but never used."><![CDATA[line 142, col 26, Error - &apos;result&apos; is defined but never used. (no-unused-vars)]]></failure></testcase>
<testcase time="0" name="org.eslint.no-trailing-spaces"><failure message="Trailing spaces not allowed."><![CDATA[line 150, col 6, Error - Trailing spaces not allowed. (no-trailing-spaces)]]></failure></testcase>
<testcase time="0" name="org.eslint.no-undef"><failure message="&apos;it&apos; is not defined."><![CDATA[line 152, col 3, Error - &apos;it&apos; is not defined. (no-undef)]]></failure></testcase>
<testcase time="0" name="org.eslint.quotes"><failure message="Strings must use doublequote."><![CDATA[line 152, col 6, Error - Strings must use doublequote. (quotes)]]></failure></testcase>
<testcase time="0" name="org.eslint.func-names"><failure message="Unexpected unnamed function."><![CDATA[line 152, col 25, Warning - Unexpected unnamed function. (func-names)]]></failure></testcase>
<testcase time="0" name="org.eslint.prefer-arrow-callback"><failure message="Unexpected function expression."><![CDATA[line 152, col 25, Error - Unexpected function expression. (prefer-arrow-callback)]]></failure></testcase>
<testcase time="0" name="org.eslint.space-before-function-paren"><failure message="Missing space before function parentheses."><![CDATA[line 152, col 33, Error - Missing space before function parentheses. (space-before-function-paren)]]></failure></testcase>
<testcase time="0" name="org.eslint.no-var"><failure message="Unexpected var, use let or const instead."><![CDATA[line 153, col 5, Error - Unexpected var, use let or const instead. (no-var)]]></failure></testcase>
<testcase time="0" name="org.eslint.no-shadow"><failure message="&apos;agent&apos; is already declared in the upper scope."><![CDATA[line 153, col 9, Error - &apos;agent&apos; is already declared in the upper scope. (no-shadow)]]></failure></testcase>
<testcase time="0" name="org.eslint.no-undef"><failure message="&apos;sails&apos; is not defined."><![CDATA[line 153, col 33, Error - &apos;sails&apos; is not defined. (no-undef)]]></failure></testcase>
<testcase time="0" name="org.eslint.prefer-const"><failure message="&apos;param&apos; is never reassigned. Use &apos;const&apos; instead."><![CDATA[line 154, col 9, Error - &apos;param&apos; is never reassigned. Use &apos;const&apos; instead. (prefer-const)]]></failure></testcase>
<testcase time="0" name="org.eslint.no-multi-spaces"><failure message="Multiple spaces found before &apos;=&apos;."><![CDATA[line 154, col 16, Error - Multiple spaces found before &apos;=&apos;. (no-multi-spaces)]]></failure></testcase>
<testcase time="0" name="org.eslint.space-in-parens"><failure message="There should be no spaces inside this paren."><![CDATA[line 154, col 32, Error - There should be no spaces inside this paren. (space-in-parens)]]></failure></testcase>
<testcase time="0" name="org.eslint.no-multi-spaces"><failure message="Multiple spaces found before &apos;{&apos;."><![CDATA[line 154, col 35, Error - Multiple spaces found before &apos;{&apos;. (no-multi-spaces)]]></failure></testcase>
<testcase time="0" name="org.eslint.quote-props"><failure message="Unnecessarily quoted property &apos;name&apos; found."><![CDATA[line 155, col 7, Error - Unnecessarily quoted property &apos;name&apos; found. (quote-props)]]></failure></testcase>
<testcase time="0" name="org.eslint.key-spacing"><failure message="Missing space before value for key &apos;name&apos;."><![CDATA[line 155, col 14, Error - Missing space before value for key &apos;name&apos;. (key-spacing)]]></failure></testcase>
<testcase time="0" name="org.eslint.quote-props"><failure message="Unnecessarily quoted property &apos;contains&apos; found."><![CDATA[line 156, col 9, Error - Unnecessarily quoted property &apos;contains&apos; found. (quote-props)]]></failure></testcase>
<testcase time="0" name="org.eslint.key-spacing"><failure message="Missing space before value for key &apos;contains&apos;."><![CDATA[line 156, col 20, Error - Missing space before value for key &apos;contains&apos;. (key-spacing)]]></failure></testcase>
<testcase time="0" name="org.eslint.comma-dangle"><failure message="Missing trailing comma."><![CDATA[line 156, col 24, Error - Missing trailing comma. (comma-dangle)]]></failure></testcase>
<testcase time="0" name="org.eslint.comma-dangle"><failure message="Missing trailing comma."><![CDATA[line 157, col 8, Error - Missing trailing comma. (comma-dangle)]]></failure></testcase>
<testcase time="0" name="org.eslint.quotes"><failure message="Strings must use doublequote."><![CDATA[line 161, col 12, Error - Strings must use doublequote. (quotes)]]></failure></testcase>
<testcase time="0" name="org.eslint.prefer-template"><failure message="Unexpected string concatenation."><![CDATA[line 161, col 12, Error - Unexpected string concatenation. (prefer-template)]]></failure></testcase>
<testcase time="0" name="org.eslint.space-infix-ops"><failure message="Infix operators must be spaced."><![CDATA[line 161, col 59, Error - Infix operators must be spaced. (space-infix-ops)]]></failure></testcase>
<testcase time="0" name="org.eslint.prefer-arrow-callback"><failure message="Unexpected function expression."><![CDATA[line 164, col 12, Error - Unexpected function expression. (prefer-arrow-callback)]]></failure></testcase>
<testcase time="0" name="org.eslint.func-names"><failure message="Unexpected unnamed function."><![CDATA[line 164, col 12, Warning - Unexpected unnamed function. (func-names)]]></failure></testcase>
<testcase time="0" name="org.eslint.space-before-function-paren"><failure message="Missing space before function parentheses."><![CDATA[line 164, col 20, Error - Missing space before function parentheses. (space-before-function-paren)]]></failure></testcase>
<testcase time="0" name="org.eslint.no-unused-vars"><failure message="&apos;result&apos; is defined but never used."><![CDATA[line 164, col 26, Error - &apos;result&apos; is defined but never used. (no-unused-vars)]]></failure></testcase>
<testcase time="0" name="org.eslint.no-trailing-spaces"><failure message="Trailing spaces not allowed."><![CDATA[line 171, col 6, Error - Trailing spaces not allowed. (no-trailing-spaces)]]></failure></testcase>
<testcase time="0" name="org.eslint.no-undef"><failure message="&apos;it&apos; is not defined."><![CDATA[line 174, col 3, Error - &apos;it&apos; is not defined. (no-undef)]]></failure></testcase>
<testcase time="0" name="org.eslint.quotes"><failure message="Strings must use doublequote."><![CDATA[line 174, col 6, Error - Strings must use doublequote. (quotes)]]></failure></testcase>
<testcase time="0" name="org.eslint.func-names"><failure message="Unexpected unnamed function."><![CDATA[line 174, col 28, Warning - Unexpected unnamed function. (func-names)]]></failure></testcase>
<testcase time="0" name="org.eslint.prefer-arrow-callback"><failure message="Unexpected function expression."><![CDATA[line 174, col 28, Error - Unexpected function expression. (prefer-arrow-callback)]]></failure></testcase>
<testcase time="0" name="org.eslint.space-before-function-paren"><failure message="Missing space before function parentheses."><![CDATA[line 174, col 36, Error - Missing space before function parentheses. (space-before-function-paren)]]></failure></testcase>
<testcase time="0" name="org.eslint.no-var"><failure message="Unexpected var, use let or const instead."><![CDATA[line 175, col 5, Error - Unexpected var, use let or const instead. (no-var)]]></failure></testcase>
<testcase time="0" name="org.eslint.no-shadow"><failure message="&apos;agent&apos; is already declared in the upper scope."><![CDATA[line 175, col 9, Error - &apos;agent&apos; is already declared in the upper scope. (no-shadow)]]></failure></testcase>
<testcase time="0" name="org.eslint.no-undef"><failure message="&apos;sails&apos; is not defined."><![CDATA[line 175, col 33, Error - &apos;sails&apos; is not defined. (no-undef)]]></failure></testcase>
<testcase time="0" name="org.eslint.quotes"><failure message="Strings must use doublequote."><![CDATA[line 177, col 15, Error - Strings must use doublequote. (quotes)]]></failure></testcase>
<testcase time="0" name="org.eslint.func-names"><failure message="Unexpected unnamed function."><![CDATA[line 180, col 12, Warning - Unexpected unnamed function. (func-names)]]></failure></testcase>
<testcase time="0" name="org.eslint.prefer-arrow-callback"><failure message="Unexpected function expression."><![CDATA[line 180, col 12, Error - Unexpected function expression. (prefer-arrow-callback)]]></failure></testcase>
<testcase time="0" name="org.eslint.space-before-function-paren"><failure message="Missing space before function parentheses."><![CDATA[line 180, col 20, Error - Missing space before function parentheses. (space-before-function-paren)]]></failure></testcase>
<testcase time="0" name="org.eslint.no-unused-vars"><failure message="&apos;result&apos; is defined but never used."><![CDATA[line 180, col 26, Error - &apos;result&apos; is defined but never used. (no-unused-vars)]]></failure></testcase>
<testcase time="0" name="org.eslint.padded-blocks"><failure message="Block must not be padded by blank lines."><![CDATA[line 190, col 1, Error - Block must not be padded by blank lines. (padded-blocks)]]></failure></testcase>
<testcase time="0" name="org.eslint.eol-last"><failure message="Newline required at end of file but not found."><![CDATA[line 190, col 4, Error - Newline required at end of file but not found. (eol-last)]]></failure></testcase>
</testsuite>
<testsuite package="org.eslint" time="0" tests="10" errors="10" name="/home/azureuser/Documents/test-sailjs/test/models/Accessories.test.js">
<testcase time="0" name="org.eslint.quotes"><failure message="Strings must use doublequote."><![CDATA[line 4, col 13, Error - Strings must use doublequote. (quotes)]]></failure></testcase>
<testcase time="0" name="org.eslint.comma-dangle"><failure message="Missing trailing comma."><![CDATA[line 6, col 23, Error - Missing trailing comma. (comma-dangle)]]></failure></testcase>
<testcase time="0" name="org.eslint.quotes"><failure message="Strings must use doublequote."><![CDATA[line 9, col 13, Error - Strings must use doublequote. (quotes)]]></failure></testcase>
<testcase time="0" name="org.eslint.comma-dangle"><failure message="Missing trailing comma."><![CDATA[line 11, col 19, Error - Missing trailing comma. (comma-dangle)]]></failure></testcase>
<testcase time="0" name="org.eslint.key-spacing"><failure message="Missing space before value for key &apos;price&apos;."><![CDATA[line 13, col 11, Error - Missing space before value for key &apos;price&apos;. (key-spacing)]]></failure></testcase>
<testcase time="0" name="org.eslint.quotes"><failure message="Strings must use doublequote."><![CDATA[line 14, col 13, Error - Strings must use doublequote. (quotes)]]></failure></testcase>
<testcase time="0" name="org.eslint.comma-dangle"><failure message="Missing trailing comma."><![CDATA[line 14, col 22, Error - Missing trailing comma. (comma-dangle)]]></failure></testcase>
<testcase time="0" name="org.eslint.comma-dangle"><failure message="Missing trailing comma."><![CDATA[line 18, col 25, Error - Missing trailing comma. (comma-dangle)]]></failure></testcase>
<testcase time="0" name="org.eslint.comma-dangle"><failure message="Missing trailing comma."><![CDATA[line 19, col 6, Error - Missing trailing comma. (comma-dangle)]]></failure></testcase>
<testcase time="0" name="org.eslint.comma-dangle"><failure message="Missing trailing comma."><![CDATA[line 20, col 4, Error - Missing trailing comma. (comma-dangle)]]></failure></testcase>
</testsuite>
<testsuite package="org.eslint" time="0" tests="41" errors="41" name="/home/azureuser/Documents/test-sailjs/test/models/Cars.test.js">
<testcase time="0" name="org.eslint.quotes"><failure message="Strings must use doublequote."><![CDATA[line 4, col 13, Error - Strings must use doublequote. (quotes)]]></failure></testcase>
<testcase time="0" name="org.eslint.comma-dangle"><failure message="Missing trailing comma."><![CDATA[line 6, col 23, Error - Missing trailing comma. (comma-dangle)]]></failure></testcase>
<testcase time="0" name="org.eslint.quotes"><failure message="Strings must use doublequote."><![CDATA[line 9, col 13, Error - Strings must use doublequote. (quotes)]]></failure></testcase>
<testcase time="0" name="org.eslint.comma-dangle"><failure message="Missing trailing comma."><![CDATA[line 10, col 21, Error - Missing trailing comma. (comma-dangle)]]></failure></testcase>
<testcase time="0" name="org.eslint.quotes"><failure message="Strings must use doublequote."><![CDATA[line 13, col 14, Error - Strings must use doublequote. (quotes)]]></failure></testcase>
<testcase time="0" name="org.eslint.comma-dangle"><failure message="Missing trailing comma."><![CDATA[line 13, col 23, Error - Missing trailing comma. (comma-dangle)]]></failure></testcase>
<testcase time="0" name="org.eslint.quotes"><failure message="Strings must use doublequote."><![CDATA[line 16, col 14, Error - Strings must use doublequote. (quotes)]]></failure></testcase>
<testcase time="0" name="org.eslint.comma-dangle"><failure message="Missing trailing comma."><![CDATA[line 16, col 28, Error - Missing trailing comma. (comma-dangle)]]></failure></testcase>
<testcase time="0" name="org.eslint.comma-dangle"><failure message="Missing trailing comma."><![CDATA[line 21, col 21, Error - Missing trailing comma. (comma-dangle)]]></failure></testcase>
<testcase time="0" name="org.eslint.key-spacing"><failure message="Missing space before value for key &apos;accessories&apos;."><![CDATA[line 23, col 17, Error - Missing space before value for key &apos;accessories&apos;. (key-spacing)]]></failure></testcase>
<testcase time="0" name="org.eslint.comma-dangle"><failure message="Missing trailing comma."><![CDATA[line 26, col 21, Error - Missing trailing comma. (comma-dangle)]]></failure></testcase>
<testcase time="0" name="org.eslint.quotes"><failure message="Strings must use doublequote."><![CDATA[line 29, col 13, Error - Strings must use doublequote. (quotes)]]></failure></testcase>
<testcase time="0" name="org.eslint.comma-dangle"><failure message="Missing trailing comma."><![CDATA[line 30, col 6, Error - Missing trailing comma. (comma-dangle)]]></failure></testcase>
<testcase time="0" name="org.eslint.object-shorthand"><failure message="Expected method shorthand."><![CDATA[line 33, col 3, Error - Expected method shorthand. (object-shorthand)]]></failure></testcase>
<testcase time="0" name="org.eslint.func-names"><failure message="Unexpected unnamed method &apos;beforeCreate&apos;."><![CDATA[line 33, col 17, Warning - Unexpected unnamed method &apos;beforeCreate&apos;. (func-names)]]></failure></testcase>
<testcase time="0" name="org.eslint.space-before-function-paren"><failure message="Missing space before function parentheses."><![CDATA[line 33, col 25, Error - Missing space before function parentheses. (space-before-function-paren)]]></failure></testcase>
<testcase time="0" name="org.eslint.no-undef"><failure message="&apos;Manufacturer&apos; is not defined."><![CDATA[line 34, col 5, Error - &apos;Manufacturer&apos; is not defined. (no-undef)]]></failure></testcase>
<testcase time="0" name="org.eslint.comma-dangle"><failure message="Missing trailing comma."><![CDATA[line 35, col 34, Error - Missing trailing comma. (comma-dangle)]]></failure></testcase>
<testcase time="0" name="org.eslint.func-names"><failure message="Unexpected unnamed function."><![CDATA[line 37, col 13, Warning - Unexpected unnamed function. (func-names)]]></failure></testcase>
<testcase time="0" name="org.eslint.prefer-arrow-callback"><failure message="Unexpected function expression."><![CDATA[line 37, col 13, Error - Unexpected function expression. (prefer-arrow-callback)]]></failure></testcase>
<testcase time="0" name="org.eslint.space-before-function-paren"><failure message="Missing space before function parentheses."><![CDATA[line 37, col 21, Error - Missing space before function parentheses. (space-before-function-paren)]]></failure></testcase>
<testcase time="0" name="org.eslint.eqeqeq"><failure message="Expected &apos;===&apos; and instead saw &apos;==&apos;."><![CDATA[line 38, col 26, Error - Expected &apos;===&apos; and instead saw &apos;==&apos;. (eqeqeq)]]></failure></testcase>
<testcase time="0" name="org.eslint.no-var"><failure message="Unexpected var, use let or const instead."><![CDATA[line 39, col 11, Error - Unexpected var, use let or const instead. (no-var)]]></failure></testcase>
<testcase time="0" name="org.eslint.vars-on-top"><failure message="All &apos;var&apos; declarations must be at the top of the function scope."><![CDATA[line 39, col 11, Error - All &apos;var&apos; declarations must be at the top of the function scope. (vars-on-top)]]></failure></testcase>
<testcase time="0" name="org.eslint.global-require"><failure message="Unexpected require()."><![CDATA[line 40, col 31, Error - Unexpected require(). (global-require)]]></failure></testcase>
<testcase time="0" name="org.eslint.quotes"><failure message="Strings must use doublequote."><![CDATA[line 40, col 39, Error - Strings must use doublequote. (quotes)]]></failure></testcase>
<testcase time="0" name="org.eslint.quotes"><failure message="Strings must use doublequote."><![CDATA[line 40, col 54, Error - Strings must use doublequote. (quotes)]]></failure></testcase>
<testcase time="0" name="org.eslint.no-undef"><failure message="&apos;Segment&apos; is not defined."><![CDATA[line 44, col 11, Error - &apos;Segment&apos; is not defined. (no-undef)]]></failure></testcase>
<testcase time="0" name="org.eslint.comma-dangle"><failure message="Missing trailing comma."><![CDATA[line 45, col 35, Error - Missing trailing comma. (comma-dangle)]]></failure></testcase>
<testcase time="0" name="org.eslint.func-names"><failure message="Unexpected unnamed function."><![CDATA[line 47, col 19, Warning - Unexpected unnamed function. (func-names)]]></failure></testcase>
<testcase time="0" name="org.eslint.prefer-arrow-callback"><failure message="Unexpected function expression."><![CDATA[line 47, col 19, Error - Unexpected function expression. (prefer-arrow-callback)]]></failure></testcase>
<testcase time="0" name="org.eslint.space-before-function-paren"><failure message="Missing space before function parentheses."><![CDATA[line 47, col 27, Error - Missing space before function parentheses. (space-before-function-paren)]]></failure></testcase>
<testcase time="0" name="org.eslint.no-shadow"><failure message="&apos;err&apos; is already declared in the upper scope."><![CDATA[line 47, col 28, Error - &apos;err&apos; is already declared in the upper scope. (no-shadow)]]></failure></testcase>
<testcase time="0" name="org.eslint.eqeqeq"><failure message="Expected &apos;===&apos; and instead saw &apos;==&apos;."><![CDATA[line 48, col 27, Error - Expected &apos;===&apos; and instead saw &apos;==&apos;. (eqeqeq)]]></failure></testcase>
<testcase time="0" name="org.eslint.vars-on-top"><failure message="All &apos;var&apos; declarations must be at the top of the function scope."><![CDATA[line 49, col 17, Error - All &apos;var&apos; declarations must be at the top of the function scope. (vars-on-top)]]></failure></testcase>
<testcase time="0" name="org.eslint.no-var"><failure message="Unexpected var, use let or const instead."><![CDATA[line 49, col 17, Error - Unexpected var, use let or const instead. (no-var)]]></failure></testcase>
<testcase time="0" name="org.eslint.no-shadow"><failure message="&apos;notExists&apos; is already declared in the upper scope."><![CDATA[line 49, col 21, Error - &apos;notExists&apos; is already declared in the upper scope. (no-shadow)]]></failure></testcase>
<testcase time="0" name="org.eslint.global-require"><failure message="Unexpected require()."><![CDATA[line 50, col 37, Error - Unexpected require(). (global-require)]]></failure></testcase>
<testcase time="0" name="org.eslint.quotes"><failure message="Strings must use doublequote."><![CDATA[line 50, col 45, Error - Strings must use doublequote. (quotes)]]></failure></testcase>
<testcase time="0" name="org.eslint.quotes"><failure message="Strings must use doublequote."><![CDATA[line 50, col 60, Error - Strings must use doublequote. (quotes)]]></failure></testcase>
<testcase time="0" name="org.eslint.comma-dangle"><failure message="Missing trailing comma."><![CDATA[line 59, col 4, Error - Missing trailing comma. (comma-dangle)]]></failure></testcase>
</testsuite>
<testsuite package="org.eslint" time="0" tests="9" errors="9" name="/home/azureuser/Documents/test-sailjs/test/models/Manufacturer.test.js">
<testcase time="0" name="org.eslint.quotes"><failure message="Strings must use doublequote."><![CDATA[line 4, col 13, Error - Strings must use doublequote. (quotes)]]></failure></testcase>
<testcase time="0" name="org.eslint.comma-dangle"><failure message="Missing trailing comma."><![CDATA[line 6, col 23, Error - Missing trailing comma. (comma-dangle)]]></failure></testcase>
<testcase time="0" name="org.eslint.quotes"><failure message="Strings must use doublequote."><![CDATA[line 9, col 13, Error - Strings must use doublequote. (quotes)]]></failure></testcase>
<testcase time="0" name="org.eslint.comma-dangle"><failure message="Missing trailing comma."><![CDATA[line 11, col 19, Error - Missing trailing comma. (comma-dangle)]]></failure></testcase>
<testcase time="0" name="org.eslint.quotes"><failure message="Strings must use doublequote."><![CDATA[line 14, col 19, Error - Strings must use doublequote. (quotes)]]></failure></testcase>
<testcase time="0" name="org.eslint.quotes"><failure message="Strings must use doublequote."><![CDATA[line 15, col 12, Error - Strings must use doublequote. (quotes)]]></failure></testcase>
<testcase time="0" name="org.eslint.comma-dangle"><failure message="Missing trailing comma."><![CDATA[line 15, col 26, Error - Missing trailing comma. (comma-dangle)]]></failure></testcase>
<testcase time="0" name="org.eslint.comma-dangle"><failure message="Missing trailing comma."><![CDATA[line 16, col 6, Error - Missing trailing comma. (comma-dangle)]]></failure></testcase>
<testcase time="0" name="org.eslint.comma-dangle"><failure message="Missing trailing comma."><![CDATA[line 17, col 4, Error - Missing trailing comma. (comma-dangle)]]></failure></testcase>
</testsuite>
<testsuite package="org.eslint" time="0" tests="9" errors="9" name="/home/azureuser/Documents/test-sailjs/test/models/Segment.test.js">
<testcase time="0" name="org.eslint.quotes"><failure message="Strings must use doublequote."><![CDATA[line 4, col 13, Error - Strings must use doublequote. (quotes)]]></failure></testcase>
<testcase time="0" name="org.eslint.comma-dangle"><failure message="Missing trailing comma."><![CDATA[line 6, col 23, Error - Missing trailing comma. (comma-dangle)]]></failure></testcase>
<testcase time="0" name="org.eslint.quotes"><failure message="Strings must use doublequote."><![CDATA[line 9, col 13, Error - Strings must use doublequote. (quotes)]]></failure></testcase>
<testcase time="0" name="org.eslint.comma-dangle"><failure message="Missing trailing comma."><![CDATA[line 11, col 19, Error - Missing trailing comma. (comma-dangle)]]></failure></testcase>
<testcase time="0" name="org.eslint.quotes"><failure message="Strings must use doublequote."><![CDATA[line 14, col 19, Error - Strings must use doublequote. (quotes)]]></failure></testcase>
<testcase time="0" name="org.eslint.quotes"><failure message="Strings must use doublequote."><![CDATA[line 15, col 12, Error - Strings must use doublequote. (quotes)]]></failure></testcase>
<testcase time="0" name="org.eslint.comma-dangle"><failure message="Missing trailing comma."><![CDATA[line 15, col 21, Error - Missing trailing comma. (comma-dangle)]]></failure></testcase>
<testcase time="0" name="org.eslint.comma-dangle"><failure message="Missing trailing comma."><![CDATA[line 16, col 6, Error - Missing trailing comma. (comma-dangle)]]></failure></testcase>
<testcase time="0" name="org.eslint.comma-dangle"><failure message="Missing trailing comma."><![CDATA[line 17, col 4, Error - Missing trailing comma. (comma-dangle)]]></failure></testcase>
</testsuite>
<testsuite package="org.eslint" time="0" tests="14" errors="14" name="/home/azureuser/Documents/test-sailjs/test/models/Varient.test.js">
<testcase time="0" name="org.eslint.quotes"><failure message="Strings must use doublequote."><![CDATA[line 4, col 13, Error - Strings must use doublequote. (quotes)]]></failure></testcase>
<testcase time="0" name="org.eslint.comma-dangle"><failure message="Missing trailing comma."><![CDATA[line 6, col 23, Error - Missing trailing comma. (comma-dangle)]]></failure></testcase>
<testcase time="0" name="org.eslint.quotes"><failure message="Strings must use doublequote."><![CDATA[line 9, col 13, Error - Strings must use doublequote. (quotes)]]></failure></testcase>
<testcase time="0" name="org.eslint.comma-dangle"><failure message="Missing trailing comma."><![CDATA[line 11, col 19, Error - Missing trailing comma. (comma-dangle)]]></failure></testcase>
<testcase time="0" name="org.eslint.quotes"><failure message="Strings must use doublequote."><![CDATA[line 14, col 13, Error - Strings must use doublequote. (quotes)]]></failure></testcase>
<testcase time="0" name="org.eslint.quotes"><failure message="Strings must use doublequote."><![CDATA[line 15, col 14, Error - Strings must use doublequote. (quotes)]]></failure></testcase>
<testcase time="0" name="org.eslint.quotes"><failure message="Strings must use doublequote."><![CDATA[line 15, col 24, Error - Strings must use doublequote. (quotes)]]></failure></testcase>
<testcase time="0" name="org.eslint.quotes"><failure message="Strings must use doublequote."><![CDATA[line 15, col 34, Error - Strings must use doublequote. (quotes)]]></failure></testcase>
<testcase time="0" name="org.eslint.comma-dangle"><failure message="Missing trailing comma."><![CDATA[line 15, col 43, Error - Missing trailing comma. (comma-dangle)]]></failure></testcase>
<testcase time="0" name="org.eslint.quotes"><failure message="Strings must use doublequote."><![CDATA[line 18, col 13, Error - Strings must use doublequote. (quotes)]]></failure></testcase>
<testcase time="0" name="org.eslint.quotes"><failure message="Strings must use doublequote."><![CDATA[line 21, col 13, Error - Strings must use doublequote. (quotes)]]></failure></testcase>
<testcase time="0" name="org.eslint.comma-dangle"><failure message="Missing trailing comma."><![CDATA[line 25, col 22, Error - Missing trailing comma. (comma-dangle)]]></failure></testcase>
<testcase time="0" name="org.eslint.comma-dangle"><failure message="Missing trailing comma."><![CDATA[line 26, col 6, Error - Missing trailing comma. (comma-dangle)]]></failure></testcase>
<testcase time="0" name="org.eslint.comma-dangle"><failure message="Missing trailing comma."><![CDATA[line 27, col 4, Error - Missing trailing comma. (comma-dangle)]]></failure></testcase>
</testsuite>
</testsuites>
